23.135.232.0/24
23.136.248.0/24
23.174.120.252/31
38.87.192.98/32
46.193.54.63/32
63.246.43.192/26
66.119.73.112/30
90.82.50.112/28
104.28.8.125/32
104.28.8.126/31
104.28.42.92/31
104.28.42.144/31
104.28.92.112/32
104.28.177.156/30
104.28.177.160/31
104.28.209.191/32
104.28.209.192/30
104.28.209.196/32
104.28.241.191/32
104.28.241.192/30
104.28.241.196/32
109.110.177.0/24
136.23.1.140/32
136.23.21.40/32
140.248.44.10/31
140.248.56.25/32
140.248.57.25/32
140.248.58.25/32
140.248.59.25/32
140.248.60.25/32
140.248.61.25/32
140.248.62.25/32
140.248.63.25/32
143.105.250.0/23
146.75.208.0/31
146.75.222.2/31
149.112.20.0/24
149.112.32.0/24
150.48.154.164/31
157.5.124.221/32
158.222.41.0/24
162.120.193.225/32
162.120.216.112/32
163.116.250.120/31
172.225.32.0/27
172.225.173.32/27
172.225.238.48/28
172.226.13.176/28
172.226.78.0/28
185.212.75.0/24
190.123.16.112/29
190.123.16.160/32
190.123.16.162/32
190.123.16.173/32
190.123.16.224/30
190.123.19.12/30
192.96.136.0/24
192.131.134.0/24
194.50.99.26/32
206.83.45.0/24
2001:470:36:440::/64
2001:470:ec07::/48
2001:470:ec29::/48
2001:470:f117::/48
2001:470:fc36::/48
2001:470:fc60::/48
2001:470:fd6f::/48
2001:504:111::/48
2001:504:118::/48
2001:1498:1:931::/64
2001:4b28:9800::/40
2401:b60:1bd0::/44
2401:f1e0:ffff:9931::/64
2405:b500:e80::/64
2405:b500:ea0::/64
2405:b500:ec0::/64
2405:b500:ee0::/64
2600:70ff:a43a::/48
2600:70ff:a451::/48
2602:f93d:80::/44
2602:fb62::/36
2602:fb77::/48
2602:fc30:82::/50
2602:fc30:c2::/48
2602:fc30:100::/40
2602:fc30:200::/39
2602:fc30:400::/38
2602:fc30:800::/37
2602:fc69::/36
2605:59c0:1440::/42
2606:40:1220::/43
2606:40:203c:2000::/54
2606:40:2306::/54
2606:3180:8270::/48
2606:54c0:518::/45
2606:54c3:0:b96::/64
2607:8940:23ee::/47
2607:8940:23f2::/47
2607:8940:4200:dc00::/55
2620:122:a080::/48
2620:139:7000::/40
2620:171:8a::/48
2a01:cde0:108:e00::/56
2a02:26f7:eb40::/48
2a02:26f7:eb41::/48
2a02:26f7:eb42::/48
2a02:26f7:eb43::/50
2a02:26f7:eb43:4000::/64
2a02:26f7:eb43:4100::/56
2a02:26f7:eb43:4200::/55
2a02:26f7:eb43:4400::/54
2a02:26f7:eb43:4800::/53
2a02:26f7:eb43:5000::/52
2a02:26f7:eb43:6000::/51
2a02:26f7:eb43:8000::/49
2a02:26f7:eb44:100::/56
2a02:26f7:eb44:200::/55
2a02:26f7:eb44:400::/55
2a02:26f7:eb44:600::/56
2a02:26f7:eb44:800::/55
2a02:26f7:eb44:c00::/54
2a02:26f7:eb44:1000::/53
2a02:26f7:eb44:1900::/56
2a02:26f7:eb44:1a00::/55
2a02:26f7:eb44:1c00::/54
2a02:26f7:eb44:2000::/52
2a02:26f7:eb44:3000::/53
2a02:26f7:eb44:3800::/56
2a02:26f7:eb44:3b00::/56
2a02:26f7:eb44:3c00::/55
2a02:26f7:eb44:3e00::/56
2a02:26f7:eb44:4000::/53
2a02:26f7:eb44:4800::/55
2a02:26f7:eb44:4c00::/54
2a02:26f7:eb44:5000::/53
2a02:26f7:eb44:5800::/56
2a02:26f7:eb44:5a00::/55
2a02:26f7:eb44:5d00::/56
2a02:26f7:eb44:5e00::/55
2a02:26f7:eb44:6000::/53
2a02:26f7:eb44:6900::/56
2a02:26f7:eb44:6a00::/56
2a02:26f7:eb44:6c00::/56
2a02:26f7:eb44:6f00::/56
2a02:26f7:eb44:7000::/52
2a02:26f7:eb44:a000::/51
2a02:26f7:eb44:c000::/53
2a02:26f7:eb44:c800::/54
2a02:26f7:eb44:cc00::/55
2a02:26f7:eb44:cf00::/56
2a02:26f7:eb44:d000::/52
2a02:26f7:eb44:f000::/52
2a02:26f7:eb45::/48
2a02:26f7:eb46::/47
2a02:26f7:eb48::/48
2a02:26f7:eb49::/50
2a02:26f7:eb49:4000::/64
2a02:26f7:eb49:4100::/56
2a02:26f7:eb49:4200::/55
2a02:26f7:eb49:4400::/54
2a02:26f7:eb49:4800::/53
2a02:26f7:eb49:5000::/52
2a02:26f7:eb49:6000::/51
2a02:26f7:eb49:8000::/49
2a02:26f7:eb4a::/47
2a02:26f7:eb4c::/48
2a02:26f7:eb4d::/50
2a02:26f7:eb4d:4000::/64
2a02:26f7:eb4d:4100::/56
2a02:26f7:eb4d:4200::/55
2a02:26f7:eb4d:4400::/54
2a02:26f7:eb4d:4800::/53
2a02:26f7:eb4d:5000::/52
2a02:26f7:eb4d:6000::/51
2a02:26f7:eb4d:8000::/49
2a02:26f7:eb4e::/47
2a02:26f7:eb50:100::/56
2a02:26f7:eb50:200::/56
2a02:26f7:eb50:400::/55
2a02:26f7:eb50:700::/56
2a02:26f7:eb50:800::/53
2a02:26f7:eb50:1000::/52
2a02:26f7:eb50:2000::/54
2a02:26f7:eb50:2400::/55
2a02:26f7:eb50:2600::/56
2a02:26f7:eb50:2800::/53
2a02:26f7:eb50:3000::/53
2a02:26f7:eb50:3800::/56
2a02:26f7:eb50:3a00::/55
2a02:26f7:eb50:3c00::/54
2a02:26f7:eb50:4000::/64
2a02:26f7:eb50:4100::/56
2a02:26f7:eb50:4200::/56
2a02:26f7:eb50:4400::/54
2a02:26f7:eb50:4800::/53
2a02:26f7:eb50:5000::/52
2a02:26f7:eb50:6000::/53
2a02:26f7:eb50:6800::/55
2a02:26f7:eb50:6b00::/56
2a02:26f7:eb50:6c00::/54
2a02:26f7:eb50:7100::/56
2a02:26f7:eb50:7300::/56
2a02:26f7:eb50:7400::/56
2a02:26f7:eb50:7700::/56
2a02:26f7:eb50:7800::/54
2a02:26f7:eb50:7c00::/55
2a02:26f7:eb50:7e00::/56
2a02:26f7:eb50:8000::/54
2a02:26f7:eb50:8400::/55
2a02:26f7:eb50:8600::/56
2a02:26f7:eb50:8800::/53
2a02:26f7:eb50:9000::/56
2a02:26f7:eb50:9200::/55
2a02:26f7:eb50:9400::/54
2a02:26f7:eb50:9800::/56
2a02:26f7:eb50:9a00::/55
2a02:26f7:eb50:9d00::/56
2a02:26f7:eb50:9e00::/55
2a02:26f7:eb50:a000::/52
2a02:26f7:eb50:b000::/56
2a02:26f7:eb50:b200::/55
2a02:26f7:eb50:b400::/54
2a02:26f7:eb50:b900::/56
2a02:26f7:eb50:ba00::/55
2a02:26f7:eb50:bc00::/54
2a02:26f7:eb50:c000::/55
2a02:26f7:eb50:c300::/56
2a02:26f7:eb50:c400::/54
2a02:26f7:eb50:c800::/55
2a02:26f7:eb50:ca00::/56
2a02:26f7:eb50:cc00::/55
2a02:26f7:eb50:cf00::/56
2a02:26f7:eb50:d000::/53
2a02:26f7:eb50:d800::/55
2a02:26f7:eb50:db00::/56
2a02:26f7:eb50:dc00::/54
2a02:26f7:eb50:e200::/55
2a02:26f7:eb50:e400::/54
2a02:26f7:eb50:e800::/53
2a02:26f7:eb50:f000::/52
2a02:26f7:eb51::/48
2a02:26f7:eb52::/47
2a02:26f7:eb54::/46
2a02:26f7:eb58::/45
2a02:26f7:eb60::/43
2a03:b600:0:11a1::/64
2a03:b600:0:11a2::/63
2a03:b600:0:11a4::/62
2a03:b600:0:11a8::/61
2a04:1d41:9800::/40
2a04:1d42:9800::/40
2a04:1d43:9800::/40
2a04:1d44:9800::/40
2a04:1d45:9800::/40
2a04:1d46:9800::/40
2a04:1d47:9800::/40
2a04:4e41:16:5::/64
2a04:4e41:16:1500::/56
2a04:4e41:3c::/64
2a04:4e41:3c:1000::/56
2a04:4e41:4b:1::/64
2a04:4e41:4b:1100::/56
2a04:4e41:181::/48
2a04:4e41:3210::/48
2a04:4e41:3a16::/48
2a04:4e41:4011:9000::/52
2a04:4e41:4021:9000::/52
2a04:4e41:4031:9000::/52
2a04:4e41:4041:9000::/52
2a04:4e41:4051:9000::/52
2a04:4e41:4061:9000::/52
2a04:4e41:4071:9000::/52
2a04:4e41:4081:9000::/52
2a06:9f81:391a::/48
2a06:9f81:43ef:1900::/56
2a06:9f81:561a::/48
2a07:d887:1900::/40
2a09:4c0:0:1a::/64
2a09:54c7:2e1b::/48
2a09:bac1:e80::/64
2a09:bac1:ea0::/64
2a09:bac1:ec0::/64
2a09:bac1:ee0::/64
2a09:bac2:518::/45
2a09:bac3:518::/45
2a09:bac4:c8::/45
2a09:bac4:10c8::/45
2a09:bac5:530::/45
2a09:bac6:530::/45
2a0a:6044:771a::/48
2a0a:79c7:f5b9::/48
2a0c:9a40:95bb:7000::/52
2a0c:9a46:31a::/48
2a0d:9443:d000::/37
2a11:29c0:3d88:e5fd::/64
2a11:a681:1000::/36
2a12:bec4:12a4:83b::/64
2a12:bec4:12a4:83c::/62
2a12:bec4:12a4:840::/60
2a12:bec4:12a4:850::/61
2a12:bec4:12a4:858::/63
2a12:bec4:12a4:85a::/64
2a12:bec4:12a8:2000::/56
2a12:f381:9800::/40
2a12:f382:9800::/40
2a13:a5c7:251a::/48
2a13:a5c7:25ff:1900::/56
2a13:b487:1b10::/47
2a14:1c3:c800::/37
2a14:67c1:b61a::/48
2a14:7581:b10:bb00::/56
2a14:7581:b11:bb00::/56
2a14:7581:b13:bb00::/56
2a14:7581:b16:bb00::/56
2a14:7581:b17:bb00::/56
2a14:7581:3bc0::/48