5.62.62.36/30
8.20.124.0/24
36.50.37.0/24
43.229.124.0/22
43.230.208.0/24
43.241.136.0/23
43.241.138.0/24
43.241.139.64/27
43.241.139.116/31
43.241.139.120/32
43.241.139.124/31
43.241.139.126/32
43.241.139.128/27
43.241.139.162/31
43.241.139.192/29
43.241.139.239/32
43.241.139.240/30
43.241.139.248/30
45.64.248.0/23
45.64.250.0/24
45.64.251.0/24
57.73.210.0/23
57.92.32.0/20
66.102.36.128/26
98.159.46.16/28
103.7.252.0/22
103.29.224.0/22
103.71.40.0/22
103.78.111.0/24
103.78.116.0/23
103.80.108.0/22
103.97.87.0/24
103.117.80.0/24
103.119.126.0/24
103.127.254.0/24
103.129.62.0/24
103.129.63.0/24
103.133.216.0/22
103.151.231.0/24
103.161.248.0/23
103.166.42.0/23
103.179.206.0/23
103.197.176.0/22
103.245.240.0/23
103.245.242.0/26
103.245.242.64/30
103.245.242.72/29
103.245.242.80/28
103.245.242.96/27
103.245.242.128/25
103.245.243.0/32
103.245.243.4/30
103.245.243.8/29
103.245.243.16/28
103.245.243.32/27
103.245.243.64/26
103.245.243.128/29
103.245.243.136/30
103.245.243.140/32
103.245.243.143/32
103.245.243.192/26
103.252.84.0/24
104.28.8.233/32
104.28.8.234/31
104.28.37.21/32
104.28.37.22/32
104.28.43.13/32
104.28.43.14/32
104.28.66.9/32
104.28.66.10/32
104.28.69.9/32
104.28.69.10/32
104.28.117.9/32
104.28.117.10/32
104.28.120.9/32
104.28.120.10/32
104.28.147.107/32
104.28.155.107/32
104.28.169.34/31
104.28.169.36/30
104.28.169.40/31
104.28.201.53/32
104.28.201.54/31
104.28.201.56/30
104.28.201.60/32
104.28.233.53/32
104.28.233.54/31
104.28.233.56/30
104.28.233.60/32
108.171.110.224/27
118.103.136.0/23
118.103.138.0/24
118.103.139.0/24
118.103.140.0/22
119.2.96.0/19
131.125.102.3/32
138.252.94.0/24
140.248.20.4/31
140.248.38.42/31
140.248.48.2/31
140.248.56.32/32
140.248.57.32/32
140.248.58.32/32
140.248.59.32/32
140.248.60.32/32
140.248.61.32/32
140.248.62.32/32
140.248.63.32/32
141.11.117.16/28
146.75.132.14/31
146.75.136.4/31
146.75.160.14/31
146.75.214.44/31
149.126.9.128/29
150.48.157.254/31
150.48.158.0/31
150.228.178.0/23
157.5.112.69/32
157.10.120.0/22
157.10.124.0/23
157.10.126.0/23
157.10.128.0/23
157.10.136.0/21
157.10.144.0/22
160.30.184.0/23
160.191.60.0/23
163.116.195.91/32
163.116.195.92/32
163.116.196.57/32
163.116.196.60/32
163.116.199.188/31
163.116.212.121/32
163.116.212.122/32
163.223.203.0/24
163.227.12.0/23
163.227.18.0/23
163.227.20.0/22
163.227.24.0/21
163.227.68.0/23
172.69.219.0/24
172.224.241.128/26
172.225.78.128/27
172.225.200.16/28
172.225.218.128/28
172.226.156.96/27
185.112.134.4/32
185.138.17.88/32
185.164.53.16/28
196.48.51.0/24
196.56.51.0/24
196.57.51.0/24
196.58.51.0/24
196.197.51.0/24
196.198.51.0/24
196.199.51.0/24
202.89.24.0/21
202.144.128.0/19
220.158.236.0/22
2001:470:36:a3::/64
2001:470:36:90e::/64
2001:470:5209::/48
2001:470:e95a::/48
2001:470:f8ac::/48
2001:470:fe5a::/48
2001:67c:a38:f975::/64
2001:dea:4000::/48
2001:dea:4001::/48
2001:deb:8000::/48
2001:df0:eb80::/48
2001:df2:a8c0::/48
2001:df3:e180::/48
2001:df4:3440::/48
2001:df5:a300::/48
2001:df5:acc0::/48
2001:df5:d880::/48
2001:df5:d881::/48
2001:df5:e700::/48
2001:df6:3ec0::/48
2001:4b28:9f00::/40
2400:1440::/32
2400:4e60::/32
2400:50c0::/32
2400:cb00:227::/48
2401:b60:1190:4000::/50
2401:b60:1190:8000::/49
2401:b60:1191::/48
2401:b60:1192::/47
2401:b60:1194::/46
2401:b60:1198::/45
2401:5f40::/32
2401:b760::/32
2401:f1e0:ffff:5e05::/64
2401:fe20::/32
2403:580::/48
2403:580:2::/47
2403:580:4::/47
2403:580:7::/48
2403:580:8::/45
2403:580:10::/46
2403:580:14::/47
2403:580:17::/48
2403:580:18::/45
2403:580:20::/46
2403:580:24::/47
2403:580:27::/48
2403:580:28::/45
2403:580:30::/46
2403:580:34::/47
2403:580:37::/48
2403:580:38::/45
2403:580:40::/46
2403:580:44::/47
2403:580:47::/48
2403:580:48::/45
2403:580:50::/46
2403:580:54::/47
2403:580:57::/48
2403:580:58::/45
2403:580:60::/43
2403:580:80::/44
2403:580:90::/48
2403:580:92::/47
2403:580:94::/46
2403:580:98::/45
2403:580:a0::/43
2403:580:c0::/42
2403:580:100::/40
2403:580:200::/39
2403:580:400::/38
2403:580:800::/37
2403:580:1000::/36
2403:580:2000::/35
2403:580:4000::/34
2403:580:8000::/33
2403:8700::/32
2404:5540::/38
2404:5540:400::/39
2404:5540:601::/48
2404:5540:602::/47
2404:5540:604::/46
2404:5540:608::/45
2404:5540:610::/44
2404:5540:620::/43
2404:5540:640::/42
2404:5540:680::/41
2404:5540:700::/40
2404:5540:800::/38
2404:5540:c01::/48
2404:5540:c02::/47
2404:5540:c04::/46
2404:5540:c08::/45
2404:5540:c10::/44
2404:5540:c20::/43
2404:5540:c40::/42
2404:5540:c80::/41
2404:5540:d00::/40
2404:5540:e01::/48
2404:5540:e02::/47
2404:5540:e04::/46
2404:5540:e08::/45
2404:5540:e10::/44
2404:5540:e20::/43
2404:5540:e40::/42
2404:5540:e80::/41
2404:5540:f00::/40
2404:5540:1000::/36
2404:5540:2000::/35
2404:5540:4000::/34
2404:5540:8000::/33
2405:b500:1200::/64
2405:b500:1220::/64
2405:b500:1240::/64
2405:b500:1260::/64
2405:d000::/34
2405:d000:4000::/35
2405:d000:6000::/36
2405:d000:7000:1::/64
2405:d000:7000:2::/63
2405:d000:7000:4::/62
2405:d000:7000:8::/61
2405:d000:7000:10::/60
2405:d000:7000:20::/59
2405:d000:7000:40::/58
2405:d000:7000:80::/57
2405:d000:7000:100::/56
2405:d000:7000:200::/55
2405:d000:7000:400::/54
2405:d000:7000:800::/53
2405:d000:7000:1000::/52
2405:d000:7000:2000::/51
2405:d000:7000:4000::/50
2405:d000:7000:8000::/49
2405:d000:7001::/48
2405:d000:7002::/47
2405:d000:7004::/46
2405:d000:7008::/45
2405:d000:7010::/44
2405:d000:7020::/43
2405:d000:7040::/42
2405:d000:7080::/41
2405:d000:7100::/40
2405:d000:7200::/39
2405:d000:7400::/38
2405:d000:7800::/37
2405:d000:8000::/33
2405:ec00::/38
2405:ec00:400::/40
2405:ec00:501::/48
2405:ec00:502::/47
2405:ec00:504::/46
2405:ec00:508::/45
2405:ec00:510::/44
2405:ec00:520::/43
2405:ec00:540::/42
2405:ec00:580::/41
2405:ec00:600::/39
2405:ec00:800::/40
2405:ec00:901::/48
2405:ec00:902::/47
2405:ec00:904::/46
2405:ec00:908::/45
2405:ec00:910::/44
2405:ec00:920::/43
2405:ec00:940::/42
2405:ec00:980::/41
2405:ec00:a00::/39
2405:ec00:c00::/38
2405:ec00:1000::/40
2405:ec00:1101::/48
2405:ec00:1102::/47
2405:ec00:1104::/46
2405:ec00:1108::/45
2405:ec00:1110::/44
2405:ec00:1120::/43
2405:ec00:1140::/42
2405:ec00:1180::/41
2405:ec00:1200::/39
2405:ec00:1400::/38
2405:ec00:1800::/37
2405:ec00:2000::/35
2405:ec00:4000::/36
2405:ec00:5000::/40
2405:ec00:5101::/48
2405:ec00:5102::/47
2405:ec00:5104::/46
2405:ec00:5108::/45
2405:ec00:5110::/44
2405:ec00:5120::/43
2405:ec00:5140::/42
2405:ec00:5180::/41
2405:ec00:5200::/39
2405:ec00:5400::/38
2405:ec00:5800::/37
2405:ec00:6000::/35
2405:ec00:8000:a::/64
2405:ec00:8000:1f::/64
2405:ec00:8000:21::/64
2405:ec00:8000:22::/63
2405:ec00:8000:24::/62
2405:ec00:8000:28::/61
2405:ec00:8000:30::/60
2405:ec00:8000:40::/58
2405:ec00:8000:80::/58
2405:ec00:8000:c0::/59
2405:ec00:8000:e0::/60
2405:ec00:8000:f0::/64
2405:ec00:8000:f3::/64
2405:ec00:8000:f4::/62
2405:ec00:8000:f8::/61
2405:ec00:8000:100::/56
2405:ec00:8000:200::/55
2405:ec00:8000:400::/54
2405:ec00:8000:800::/53
2405:ec00:8000:1000::/52
2405:ec00:8000:2000::/51
2405:ec00:8000:4000::/50
2405:ec00:8000:8000::/50
2405:ec00:8000:c000::/51
2405:ec00:8000:e001::/64
2405:ec00:8000:e002::/63
2405:ec00:8000:e004::/62
2405:ec00:8000:e008::/61
2405:ec00:8000:e010::/60
2405:ec00:8000:e020::/59
2405:ec00:8000:e040::/58
2405:ec00:8000:e080::/57
2405:ec00:8000:e100::/56
2405:ec00:8000:e200::/55
2405:ec00:8000:e400::/54
2405:ec00:8000:e800::/53
2405:ec00:8000:f000::/52
2405:ec00:8001::/48
2405:ec00:8002::/47
2405:ec00:8004::/46
2405:ec00:8008::/45
2405:ec00:8010::/44
2405:ec00:8020::/43
2405:ec00:8040::/42
2405:ec00:8080::/41
2405:ec00:8101::/48
2405:ec00:8102::/47
2405:ec00:8104::/46
2405:ec00:8108::/45
2405:ec00:8110::/44
2405:ec00:8120::/43
2405:ec00:8140::/42
2405:ec00:8180::/41
2405:ec00:8200::/39
2405:ec00:8400::/38
2405:ec00:8800::/37
2405:ec00:9000::/47
2405:ec00:9003::/48
2405:ec00:9004::/46
2405:ec00:9008::/45
2405:ec00:9010::/44
2405:ec00:9020::/48
2405:ec00:9022::/47
2405:ec00:9024::/46
2405:ec00:9028::/45
2405:ec00:9030::/44
2405:ec00:9040::/42
2405:ec00:9080::/41
2405:ec00:9100::/40
2405:ec00:9200::/39
2405:ec00:9400::/40
2405:ec00:9501::/48
2405:ec00:9502::/47
2405:ec00:9504::/46
2405:ec00:9508::/45
2405:ec00:9510::/44
2405:ec00:9520::/43
2405:ec00:9540::/42
2405:ec00:9580::/41
2405:ec00:9600::/39
2405:ec00:9800::/40
2405:ec00:9901::/48
2405:ec00:9902::/47
2405:ec00:9904::/46
2405:ec00:9908::/45
2405:ec00:9910::/44
2405:ec00:9920::/43
2405:ec00:9940::/42
2405:ec00:9980::/41
2405:ec00:9a00::/39
2405:ec00:9c00::/38
2405:ec00:a000::/40
2405:ec00:a101::/48
2405:ec00:a102::/47
2405:ec00:a104::/46
2405:ec00:a108::/45
2405:ec00:a110::/44
2405:ec00:a120::/43
2405:ec00:a140::/42
2405:ec00:a180::/41
2405:ec00:a200::/39
2405:ec00:a400::/38
2405:ec00:a800::/37
2405:ec00:b000::/40
2405:ec00:b101::/48
2405:ec00:b102::/47
2405:ec00:b104::/46
2405:ec00:b108::/45
2405:ec00:b110::/44
2405:ec00:b120::/43
2405:ec00:b140::/42
2405:ec00:b180::/41
2405:ec00:b200::/39
2405:ec00:b400::/38
2405:ec00:b800::/37
2405:ec00:c000::/40
2405:ec00:c101::/48
2405:ec00:c102::/47
2405:ec00:c104::/46
2405:ec00:c108::/45
2405:ec00:c110::/44
2405:ec00:c120::/43
2405:ec00:c140::/42
2405:ec00:c180::/41
2405:ec00:c200::/39
2405:ec00:c400::/38
2405:ec00:c800::/37
2405:ec00:d000::/36
2405:ec00:e000::/40
2405:ec00:e101::/48
2405:ec00:e102::/47
2405:ec00:e104::/46
2405:ec00:e108::/45
2405:ec00:e110::/44
2405:ec00:e120::/43
2405:ec00:e140::/42
2405:ec00:e180::/41
2405:ec00:e200::/39
2405:ec00:e400::/38
2405:ec00:e800::/37
2405:ec00:f000::/37
2405:ec00:f800::/39
2405:ec00:fa00::/50
2405:ec00:fa01::/48
2405:ec00:fa02::/47
2405:ec00:fa04::/46
2405:ec00:fa08::/45
2405:ec00:fa10::/44
2405:ec00:fa20::/43
2405:ec00:fa40::/42
2405:ec00:fa80::/41
2405:ec00:fb00::/40
2405:ec00:fc00::/38
2405:ec01::/33
2405:ec01:8000::/35
2405:ec01:a000::/44
2405:ec01:a011::/48
2405:ec01:a012::/47
2405:ec01:a014::/46
2405:ec01:a018::/45
2405:ec01:a020::/43
2405:ec01:a040::/42
2405:ec01:a080::/41
2405:ec01:a100::/40
2405:ec01:a200::/39
2405:ec01:a400::/38
2405:ec01:a800::/37
2405:ec01:b000::/36
2405:ec01:c000::/34
2406:2d40:2d80::/41
2406:2d40:6200::/42
2406:2d40:9a00::/40
2406:2d40:a300::/40
2407:5040::/36
2407:5040:1000::/39
2407:5040:1200::/40
2407:5040:1300::/45
2407:5040:1309::/48
2407:5040:130a::/47
2407:5040:130c::/46
2407:5040:1310::/44
2407:5040:1320::/43
2407:5040:1340::/42
2407:5040:1380::/41
2407:5040:1400::/38
2407:5040:1800::/37
2407:5040:2000::/35
2407:5040:4000::/34
2407:5040:8000::/33
2600:70ff:aa50::/48
2606:54c0:fd8::/45
2606:54c3:0:12e8::/64
2606:8e00:2000::/47
2606:9606:2000::/47
2606:9607:2000::/47
2606:f187:2000::/47
2607:740:35::/52
2607:740:35:1001::/64
2607:740:35:1004::/62
2607:740:35:1008::/61
2607:740:35:1010::/60
2607:740:35:1020::/59
2607:740:35:1040::/58
2607:740:35:1080::/57
2607:740:35:1100::/56
2607:740:35:1200::/55
2607:740:35:1400::/54
2607:740:35:1800::/53
2607:740:35:2001::/64
2607:740:35:2004::/62
2607:740:35:2008::/61
2607:740:35:2010::/60
2607:740:35:2020::/59
2607:740:35:2040::/58
2607:740:35:2080::/57
2607:740:35:2100::/56
2607:740:35:2200::/55
2607:740:35:2400::/54
2607:740:35:2800::/53
2607:740:35:3000::/52
2607:740:35:4000::/50
2607:740:35:8000::/49
2607:6b80:32:2::/64
2607:6b80:32:4::/62
2607:6b80:32:8::/61
2607:6b80:32:10::/60
2607:6b80:32:20::/59
2607:6b80:32:40::/58
2607:6b80:32:80::/57
2607:6b80:32:100::/56
2607:6b80:32:200::/55
2607:6b80:32:400::/54
2607:6b80:32:800::/53
2607:6b80:32:1002::/64
2607:6b80:32:1004::/62
2607:6b80:32:1008::/61
2607:6b80:32:1010::/63
2607:6b80:32:1013::/64
2607:6b80:32:1014::/62
2607:6b80:32:1018::/61
2607:6b80:32:1020::/59
2607:6b80:32:1040::/58
2607:6b80:32:1080::/57
2607:6b80:32:1100::/56
2607:6b80:32:1200::/57
2607:6b80:32:1280::/60
2607:6b80:32:1290::/63
2607:6b80:32:1292::/64
2607:6b80:32:1294::/62
2607:6b80:32:1298::/61
2607:6b80:32:12a0::/59
2607:6b80:32:12c0::/58
2607:6b80:32:1300::/56
2607:6b80:32:1400::/55
2607:6b80:32:1600::/56
2607:6b80:32:1700::/57
2607:6b80:32:1780::/58
2607:6b80:32:17c0::/63
2607:6b80:32:17c2::/64
2607:6b80:32:17c4::/62
2607:6b80:32:17c8::/61
2607:6b80:32:17d0::/60
2607:6b80:32:17e0::/59
2607:6b80:32:1800::/53
2607:6b80:32:2000::/51
2607:6b80:32:4000::/50
2607:6b80:32:8000::/49
2607:8940:37d8::/46
2607:8940:41a0:4400::/55
2607:8940:41d0:200::/55
2620:0:876:9100::/56
2a02:26f7:cec0:4000::/64
2a02:26f7:cec0:cf00::/62
2a02:26f7:cec0:cf04::/64
2a02:26f7:cec1::/48
2a02:26f7:cec2::/47
2a02:26f7:cec4::/52
2a02:26f7:cec4:1000::/54
2a02:26f7:cec4:1400::/56
2a02:26f7:cec4:1600::/55
2a02:26f7:cec4:1900::/56
2a02:26f7:cec4:1a00::/55
2a02:26f7:cec4:1c00::/54
2a02:26f7:cec4:2000::/51
2a02:26f7:cec4:4000::/51
2a02:26f7:cec4:6000::/52
2a02:26f7:cec4:7000::/53
2a02:26f7:cec4:7800::/54
2a02:26f7:cec4:7c00::/56
2a02:26f7:cec4:7e00::/56
2a02:26f7:cec4:8000::/51
2a02:26f7:cec4:a000::/52
2a02:26f7:cec4:b000::/53
2a02:26f7:cec4:b800::/55
2a02:26f7:cec4:bc00::/54
2a02:26f7:cec4:c000::/51
2a02:26f7:cec4:e000::/53
2a02:26f7:cec4:e800::/54
2a02:26f7:cec4:ed00::/56
2a02:26f7:cec4:ee00::/55
2a02:26f7:cec4:f000::/54
2a02:26f7:cec4:f500::/56
2a02:26f7:cec4:f600::/55
2a02:26f7:cec4:f800::/56
2a02:26f7:cec4:fa00::/55
2a02:26f7:cec4:fc00::/54
2a02:26f7:cec5::/48
2a02:26f7:cec6::/47
2a02:26f7:cec8:4000::/64
2a02:26f7:cec8:cf00::/62
2a02:26f7:cec8:cf04::/64
2a02:26f7:cec9:4000::/64
2a02:26f7:cec9:cf00::/62
2a02:26f7:cec9:cf04::/64
2a02:26f7:ceca::/47
2a02:26f7:cecc:4000::/64
2a02:26f7:cecc:cf00::/62
2a02:26f7:cecc:cf04::/64
2a02:26f7:cecd::/50
2a02:26f7:cecd:4000::/64
2a02:26f7:cecd:4100::/56
2a02:26f7:cecd:4200::/55
2a02:26f7:cecd:4400::/54
2a02:26f7:cecd:4800::/53
2a02:26f7:cecd:5000::/52
2a02:26f7:cecd:6000::/51
2a02:26f7:cecd:8000::/49
2a02:26f7:cece::/47
2a02:26f7:ced0:4000::/64
2a02:26f7:ced0:cf00::/62
2a02:26f7:ced0:cf04::/64
2a02:26f7:ced1::/48
2a02:26f7:ced2::/47
2a02:26f7:ced4::/46
2a02:26f7:ced8::/45
2a02:26f7:cee0:100::/56
2a02:26f7:cee0:200::/55
2a02:26f7:cee0:400::/54
2a02:26f7:cee0:800::/53
2a02:26f7:cee0:1000::/52
2a02:26f7:cee0:2000::/51
2a02:26f7:cee0:4000::/50
2a02:26f7:cee0:8000::/49
2a02:26f7:cee1::/48
2a02:26f7:cee2::/47
2a02:26f7:cee4::/46
2a02:26f7:cee8::/45
2a02:26f7:cef0::/44
2a02:5740:51::/48
2a02:5741:51::/48
2a02:5742:51::/48
2a02:5743:51::/48
2a02:5744:51::/48
2a02:5745:51::/48
2a02:5746:51::/48
2a02:5747:51::/48
2a03:b600:0:ab4::/62
2a03:b600:0:ab8::/62
2a03:b600:0:abc::/63
2a04:1d41:9f00::/40
2a04:1d42:9f00::/40
2a04:1d43:9f00::/40
2a04:1d44:9f00::/40
2a04:1d45:9f00::/40
2a04:1d46:9f00::/40
2a04:1d47:9f00::/40
2a04:4e41:3:2::/64
2a04:4e41:3:1200::/56
2a04:4e41:6:1::/64
2a04:4e41:6:1100::/56
2a04:4e41:e:1::/64
2a04:4e41:e:1100::/56
2a04:4e41:f:7::/64
2a04:4e41:f:1500::/56
2a04:4e41:42:16::/64
2a04:4e41:42:1400::/56
2a04:4e41:59:2::/64
2a04:4e41:59:1200::/56
2a04:4e41:67:15::/64
2a04:4e41:67:1400::/56
2a04:4e41:505::/48
2a04:4e41:d05::/48
2a04:4e41:2609::/48
2a04:4e41:4012::/52
2a04:4e41:4022::/52
2a04:4e41:4032::/52
2a04:4e41:4042::/52
2a04:4e41:4052::/52
2a04:4e41:4062::/52
2a04:4e41:4072::/52
2a04:4e41:4082::/52
2a04:4e41:4209::/48
2a04:4e41:4608::/48
2a04:4e41:5e08::/48
2a04:4e41:7608::/48
2a05:dfc1:5a2a::/48
2a06:9f81:3921::/48
2a06:9f81:43ef:2000::/56
2a06:9f81:5621::/48
2a06:de06:383::/48
2a07:d887:2000::/40
2a09:4c0:0:21::/64
2a09:54c7:2e23::/48
2a09:a702:63::/48
2a09:a702:a4:4000::/50
2a09:a702:a4:8000::/49
2a09:a702:a5:4000::/50
2a09:a702:a5:8000::/49
2a09:bac0:227::/48
2a09:bac1:1200::/64
2a09:bac1:1220::/64
2a09:bac1:1240::/64
2a09:bac1:1260::/64
2a09:bac2:fd8::/45
2a09:bac3:fd8::/45
2a09:bac4:100::/45
2a09:bac4:1100::/45
2a09:bac5:ff8::/45
2a09:bac6:ff8::/45
2a0a:6040:fb2:4000::/50
2a0a:6040:fb2:8000::/49
2a0a:6044:7721::/48
2a0a:6044:f05a::/47
2a0a:6044:f05c::/46
2a0a:6044:f060::/45
2a0a:6044:f068::/48
2a0a:8f40:25::/48
2a0a:9606:2000:4000::/50
2a0a:9606:2000:8000::/49
2a0a:9606:2001:1::/64
2a0a:9606:2001:2::/63
2a0a:9606:2001:4::/62
2a0a:9606:2001:8::/61
2a0a:9606:2001:10::/60
2a0a:9606:2001:20::/59
2a0a:9606:2001:40::/58
2a0a:9606:2001:80::/57
2a0a:9606:2001:100::/56
2a0a:9606:2001:200::/55
2a0a:9606:2001:400::/54
2a0a:9606:2001:800::/53
2a0a:9606:2001:1000::/52
2a0a:9606:2001:2000::/51
2a0a:9606:2001:4000::/50
2a0a:9606:2001:8000::/49
2a0c:9a40:95b1:9000::/52
2a0c:9a46:321::/48
2a0d:9445:e800::/37
2a0e:b107:22e0::/44
2a0f:1cc5:b10:1400::/56
2a0f:1cc5:b11:1400::/56
2a0f:1cc5:b12:1400::/56
2a0f:1cc5:b13:1400::/56
2a0f:1cc5:b14:1400::/56
2a0f:1cc5:b15:1400::/56
2a0f:1cc5:b16:1400::/56
2a0f:1cc5:b17:1400::/56
2a0f:1cc5:1fb2::/48
2a0f:85c1:81b:f180::/60
2a0f:9403:680::/44
2a0f:a302:4800::/37
2a10:500:4200::/40
2a10:9007:5:2::/64
2a11:29c0:3d88:16ec::/64
2a11:29c0:3d88:4cd6::/64
2a11:29c0:3d88:4d34::/64
2a11:29c0:3d88:5725::/64
2a11:29c0:3d88:5a1c::/64
2a11:29c0:3d88:5d7e::/64
2a11:29c0:3d88:96f6::/64
2a11:29c0:3d88:b718::/64
2a11:29c0:3d88:b917::/64
2a11:29c0:3d88:d134::/64
2a11:29c0:3d88:ddfd::/64
2a11:29c0:3d88:ed5e::/64
2a11:a580:1400::/40
2a11:a681:7000::/36
2a11:f144:2000::/36
2a12:bec4:12a6:a90::/60
2a12:bec4:12a6:aa0::/59
2a12:bec4:12a6:ac0::/61
2a12:bec4:12a6:ac8::/64
2a12:bec4:12a8:2700::/56
2a12:ef86:3000::/36
2a12:f381:9f00::/40
2a12:f382:9f00::/40
2a13:82c4:ff05::/48
2a13:a5c3:d414::/46
2a13:a5c7:2521::/48
2a13:a5c7:25ff:2000::/56
2a13:b487:5019::/48
2a13:ef41:1189::/48
2a13:ef41:118a::/47
2a13:ef41:118c::/46
2a13:ef41:1190::/45
2a13:ef41:1198::/46
2a13:ef41:119c::/48
2a13:ef41:a189::/48
2a13:ef41:a18a::/47
2a13:ef41:a18c::/46
2a13:ef41:a190::/45
2a13:ef41:a198::/46
2a13:ef41:a19c::/48
2a13:ef41:e243::/48
2a13:ef41:e244::/46
2a13:ef41:e248::/45
2a13:ef41:e250::/46
2a13:ef41:e254::/47
2a13:ef41:e256::/48
2a13:ef45:169e::/47
2a13:ef45:16a0::/43
2a13:ef45:16c0::/42
2a13:ef45:1700::/42
2a13:ef45:1740::/43
2a13:ef45:1760::/46
2a13:ef45:1764::/47
2a14:1c5:e000::/37
2a14:67c1:b621::/48
2a14:7581:b10:1400::/56
2a14:7581:b11:1400::/56
2a14:7581:b13:1400::/56
2a14:7581:b15:1400::/56
2a14:7581:b16:1400::/56
2a14:7581:b17:1400::/56
2a14:7581:3b20::/48