5.62.58.60/30
14.137.41.0/24
44.32.192.81/32
104.28.9.31/32
104.28.9.32/31
104.28.29.39/32
104.28.29.40/32
104.28.35.46/31
104.28.72.2/31
104.28.90.50/31
104.28.125.50/31
104.28.186.41/32
104.28.186.42/31
104.28.186.44/31
104.28.186.46/32
104.28.218.94/31
104.28.218.96/30
104.28.250.94/31
104.28.250.96/30
116.199.201.0/24
136.23.22.33/32
136.23.23.33/32
136.23.24.17/32
136.23.25.17/32
136.23.26.17/32
136.23.27.17/32
140.248.10.14/31
140.248.43.6/31
140.248.48.4/31
140.248.56.44/32
140.248.57.44/32
140.248.58.44/32
140.248.59.44/32
140.248.60.44/32
140.248.61.44/32
140.248.62.44/32
140.248.63.44/32
146.75.146.6/31
146.75.152.2/31
150.48.158.2/31
157.5.112.71/32
157.5.122.1/32
162.120.204.50/32
162.120.216.65/32
163.116.192.100/31
163.116.194.93/32
163.116.194.94/32
172.225.64.160/27
172.225.230.80/28
172.225.244.16/28
172.226.77.96/27
202.65.32.0/24
202.65.34.0/23
202.65.36.0/22
202.65.40.80/31
202.65.40.99/32
202.65.40.104/29
202.65.40.112/28
202.65.41.0/24
202.65.42.0/23
202.65.44.0/22
202.65.48.0/20
206.83.127.0/24
2001:470:19:af::/64
2001:470:19:1d5::/64
2001:470:36:884::/64
2001:470:1831::/48
2001:470:183d::/54
2001:470:183d:400::/55
2001:470:183d:600::/57
2001:470:183d:680::/58
2001:470:183d:6c0::/59
2001:470:183d:6e0::/60
2001:470:183d:6f0::/61
2001:470:183d:6f8::/62
2001:470:183d:6fd::/64
2001:470:183d:6fe::/63
2001:470:183d:700::/56
2001:470:183d:800::/55
2001:470:183d:a00::/58
2001:470:183d:a40::/59
2001:470:183d:a60::/60
2001:470:183d:a70::/63
2001:470:183d:a73::/64
2001:470:183d:a74::/62
2001:470:183d:a78::/61
2001:470:183d:a80::/57
2001:470:183d:b00::/56
2001:470:183d:c00::/55
2001:470:183d:e00::/56
2001:470:183d:f00::/58
2001:470:183d:f40::/59
2001:470:183d:f60::/62
2001:470:183d:f64::/64
2001:470:183d:f66::/63
2001:470:183d:f68::/61
2001:470:183d:f70::/60
2001:470:183d:f80::/57
2001:470:183d:1000::/52
2001:470:183d:2000::/54
2001:470:183d:2400::/59
2001:470:183d:2420::/60
2001:470:183d:2430::/61
2001:470:183d:2438::/63
2001:470:183d:243a::/64
2001:470:183d:243c::/62
2001:470:183d:2440::/58
2001:470:183d:2480::/57
2001:470:183d:2500::/56
2001:470:183d:2600::/55
2001:470:183d:2800::/57
2001:470:183d:2880::/58
2001:470:183d:28c0::/59
2001:470:183d:28e0::/60
2001:470:183d:28f1::/64
2001:470:183d:28f2::/63
2001:470:183d:28f4::/62
2001:470:183d:28f8::/61
2001:470:183d:2900::/56
2001:470:183d:2a00::/55
2001:470:183d:2c00::/55
2001:470:183d:2e00::/57
2001:470:183d:2e80::/59
2001:470:183d:2ea0::/60
2001:470:183d:2eb0::/62
2001:470:183d:2eb4::/63
2001:470:183d:2eb6::/64
2001:470:183d:2eb8::/61
2001:470:183d:2ec0::/58
2001:470:183d:2f00::/56
2001:470:183d:3000::/57
2001:470:183d:3080::/61
2001:470:183d:3088::/62
2001:470:183d:308c::/64
2001:470:183d:308e::/63
2001:470:183d:3090::/60
2001:470:183d:30a0::/59
2001:470:183d:30c0::/58
2001:470:183d:3100::/58
2001:470:183d:3140::/59
2001:470:183d:3160::/60
2001:470:183d:3170::/61
2001:470:183d:3179::/64
2001:470:183d:317a::/63
2001:470:183d:317c::/62
2001:470:183d:3180::/57
2001:470:183d:3200::/55
2001:470:183d:3400::/54
2001:470:183d:3800::/54
2001:470:183d:3c00::/55
2001:470:183d:3e00::/57
2001:470:183d:3e80::/58
2001:470:183d:3ec0::/60
2001:470:183d:3ed0::/61
2001:470:183d:3ed8::/64
2001:470:183d:3eda::/63
2001:470:183d:3edc::/62
2001:470:183d:3ee0::/59
2001:470:183d:3f00::/56
2001:470:183d:4000::/53
2001:470:183d:4800::/54
2001:470:183d:4c00::/56
2001:470:183d:4d00::/57
2001:470:183d:4d80::/60
2001:470:183d:4d90::/61
2001:470:183d:4d99::/64
2001:470:183d:4d9a::/63
2001:470:183d:4d9c::/62
2001:470:183d:4da0::/59
2001:470:183d:4dc0::/58
2001:470:183d:4e00::/56
2001:470:183d:4f00::/58
2001:470:183d:4f40::/63
2001:470:183d:4f42::/64
2001:470:183d:4f44::/62
2001:470:183d:4f48::/61
2001:470:183d:4f50::/60
2001:470:183d:4f60::/59
2001:470:183d:4f80::/57
2001:470:183d:5000::/54
2001:470:183d:5400::/55
2001:470:183d:5600::/57
2001:470:183d:5680::/64
2001:470:183d:5682::/63
2001:470:183d:5684::/62
2001:470:183d:5688::/61
2001:470:183d:5690::/60
2001:470:183d:56a0::/59
2001:470:183d:56c0::/58
2001:470:183d:5700::/56
2001:470:183d:5800::/55
2001:470:183d:5a00::/57
2001:470:183d:5a80::/59
2001:470:183d:5aa0::/60
2001:470:183d:5ab0::/62
2001:470:183d:5ab4::/63
2001:470:183d:5ab7::/64
2001:470:183d:5ab8::/61
2001:470:183d:5ac0::/58
2001:470:183d:5b00::/57
2001:470:183d:5b80::/59
2001:470:183d:5ba0::/61
2001:470:183d:5ba8::/64
2001:470:183d:5baa::/63
2001:470:183d:5bac::/62
2001:470:183d:5bb0::/60
2001:470:183d:5bc0::/58
2001:470:183d:5c00::/54
2001:470:183d:6000::/53
2001:470:183d:6800::/56
2001:470:183d:6900::/57
2001:470:183d:6980::/58
2001:470:183d:69c0::/59
2001:470:183d:69e0::/63
2001:470:183d:69e2::/64
2001:470:183d:69e4::/62
2001:470:183d:69e8::/61
2001:470:183d:69f0::/60
2001:470:183d:6a00::/55
2001:470:183d:6c00::/56
2001:470:183d:6d00::/58
2001:470:183d:6d40::/59
2001:470:183d:6d60::/60
2001:470:183d:6d70::/61
2001:470:183d:6d78::/62
2001:470:183d:6d7c::/63
2001:470:183d:6d7f::/64
2001:470:183d:6d80::/57
2001:470:183d:6e00::/57
2001:470:183d:6e80::/58
2001:470:183d:6ec0::/59
2001:470:183d:6ee0::/60
2001:470:183d:6ef0::/61
2001:470:183d:6ef8::/63
2001:470:183d:6efa::/64
2001:470:183d:6efc::/62
2001:470:183d:6f00::/56
2001:470:183d:7000::/55
2001:470:183d:7200::/58
2001:470:183d:7240::/61
2001:470:183d:7248::/62
2001:470:183d:724c::/63
2001:470:183d:724e::/64
2001:470:183d:7250::/60
2001:470:183d:7260::/59
2001:470:183d:7280::/57
2001:470:183d:7300::/56
2001:470:183d:7400::/54
2001:470:183d:7800::/55
2001:470:183d:7a00::/56
2001:470:183d:7b00::/59
2001:470:183d:7b20::/61
2001:470:183d:7b28::/63
2001:470:183d:7b2b::/64
2001:470:183d:7b2c::/62
2001:470:183d:7b30::/60
2001:470:183d:7b40::/58
2001:470:183d:7b80::/57
2001:470:183d:7c00::/54
2001:470:183d:8000::/56
2001:470:183d:8100::/61
2001:470:183d:8108::/62
2001:470:183d:810c::/63
2001:470:183d:810e::/64
2001:470:183d:8110::/60
2001:470:183d:8120::/61
2001:470:183d:8128::/62
2001:470:183d:812d::/64
2001:470:183d:812e::/63
2001:470:183d:8130::/60
2001:470:183d:8140::/58
2001:470:183d:8180::/57
2001:470:183d:8200::/55
2001:470:183d:8400::/54
2001:470:183d:8800::/55
2001:470:183d:8a00::/62
2001:470:183d:8a04::/63
2001:470:183d:8a06::/64
2001:470:183d:8a08::/61
2001:470:183d:8a10::/60
2001:470:183d:8a20::/59
2001:470:183d:8a40::/58
2001:470:183d:8a80::/57
2001:470:183d:8b00::/59
2001:470:183d:8b21::/64
2001:470:183d:8b22::/63
2001:470:183d:8b24::/62
2001:470:183d:8b28::/61
2001:470:183d:8b30::/60
2001:470:183d:8b40::/58
2001:470:183d:8b80::/57
2001:470:183d:8c00::/54
2001:470:183d:9000::/53
2001:470:183d:9800::/55
2001:470:183d:9a00::/57
2001:470:183d:9a80::/58
2001:470:183d:9ac0::/59
2001:470:183d:9ae0::/61
2001:470:183d:9ae8::/62
2001:470:183d:9aec::/63
2001:470:183d:9aef::/64
2001:470:183d:9af0::/60
2001:470:183d:9b00::/56
2001:470:183d:9c00::/54
2001:470:183d:a000::/56
2001:470:183d:a100::/58
2001:470:183d:a140::/59
2001:470:183d:a160::/62
2001:470:183d:a165::/64
2001:470:183d:a166::/63
2001:470:183d:a168::/61
2001:470:183d:a170::/60
2001:470:183d:a180::/57
2001:470:183d:a200::/56
2001:470:183d:a300::/57
2001:470:183d:a380::/59
2001:470:183d:a3a0::/60
2001:470:183d:a3b0::/61
2001:470:183d:a3b8::/62
2001:470:183d:a3bc::/63
2001:470:183d:a3bf::/64
2001:470:183d:a3c0::/58
2001:470:183d:a400::/54
2001:470:183d:a800::/56
2001:470:183d:a900::/58
2001:470:183d:a940::/59
2001:470:183d:a960::/60
2001:470:183d:a970::/61
2001:470:183d:a978::/62
2001:470:183d:a97c::/64
2001:470:183d:a97e::/63
2001:470:183d:a980::/57
2001:470:183d:aa00::/56
2001:470:183d:ab00::/57
2001:470:183d:ab80::/58
2001:470:183d:abc0::/59
2001:470:183d:abe0::/60
2001:470:183d:abf0::/61
2001:470:183d:abf8::/63
2001:470:183d:abfb::/64
2001:470:183d:abfc::/62
2001:470:183d:ac00::/56
2001:470:183d:ad00::/57
2001:470:183d:ad80::/59
2001:470:183d:ada0::/61
2001:470:183d:ada8::/62
2001:470:183d:adac::/64
2001:470:183d:adae::/63
2001:470:183d:adb0::/60
2001:470:183d:adc0::/58
2001:470:183d:ae00::/60
2001:470:183d:ae10::/61
2001:470:183d:ae18::/63
2001:470:183d:ae1b::/64
2001:470:183d:ae1c::/62
2001:470:183d:ae20::/59
2001:470:183d:ae40::/58
2001:470:183d:ae80::/57
2001:470:183d:af00::/56
2001:470:183d:b000::/61
2001:470:183d:b008::/62
2001:470:183d:b00d::/64
2001:470:183d:b00e::/63
2001:470:183d:b010::/60
2001:470:183d:b020::/59
2001:470:183d:b040::/58
2001:470:183d:b080::/57
2001:470:183d:b100::/56
2001:470:183d:b200::/55
2001:470:183d:b400::/56
2001:470:183d:b500::/57
2001:470:183d:b580::/58
2001:470:183d:b5c0::/59
2001:470:183d:b5e0::/61
2001:470:183d:b5e8::/62
2001:470:183d:b5ec::/63
2001:470:183d:b5ee::/64
2001:470:183d:b5f0::/60
2001:470:183d:b600::/55
2001:470:183d:b800::/59
2001:470:183d:b820::/60
2001:470:183d:b830::/61
2001:470:183d:b838::/64
2001:470:183d:b83a::/63
2001:470:183d:b83c::/62
2001:470:183d:b840::/58
2001:470:183d:b880::/57
2001:470:183d:b900::/56
2001:470:183d:ba00::/55
2001:470:183d:bc00::/54
2001:470:183d:c000::/56
2001:470:183d:c100::/57
2001:470:183d:c180::/60
2001:470:183d:c190::/61
2001:470:183d:c198::/62
2001:470:183d:c19c::/63
2001:470:183d:c19e::/64
2001:470:183d:c1a0::/59
2001:470:183d:c1c0::/58
2001:470:183d:c200::/56
2001:470:183d:c300::/59
2001:470:183d:c320::/61
2001:470:183d:c328::/63
2001:470:183d:c32b::/64
2001:470:183d:c32c::/62
2001:470:183d:c330::/60
2001:470:183d:c340::/58
2001:470:183d:c380::/57
2001:470:183d:c400::/55
2001:470:183d:c600::/59
2001:470:183d:c620::/60
2001:470:183d:c630::/61
2001:470:183d:c638::/62
2001:470:183d:c63d::/64
2001:470:183d:c63e::/63
2001:470:183d:c640::/58
2001:470:183d:c680::/57
2001:470:183d:c700::/56
2001:470:183d:c900::/56
2001:470:183d:ca00::/55
2001:470:183d:cc00::/54
2001:470:183d:d000::/59
2001:470:183d:d020::/61
2001:470:183d:d028::/62
2001:470:183d:d02c::/63
2001:470:183d:d02f::/64
2001:470:183d:d030::/60
2001:470:183d:d040::/58
2001:470:183d:d080::/57
2001:470:183d:d100::/56
2001:470:183d:d200::/55
2001:470:183d:d400::/54
2001:470:183d:d800::/55
2001:470:183d:da00::/57
2001:470:183d:da80::/59
2001:470:183d:daa0::/61
2001:470:183d:daa8::/64
2001:470:183d:daaa::/63
2001:470:183d:daac::/62
2001:470:183d:dab0::/60
2001:470:183d:dac0::/58
2001:470:183d:db00::/56
2001:470:183d:dc00::/54
2001:470:183d:e000::/55
2001:470:183d:e200::/57
2001:470:183d:e280::/58
2001:470:183d:e2c0::/60
2001:470:183d:e2d0::/63
2001:470:183d:e2d2::/64
2001:470:183d:e2d4::/62
2001:470:183d:e2d8::/61
2001:470:183d:e2e0::/59
2001:470:183d:e300::/57
2001:470:183d:e380::/58
2001:470:183d:e3c0::/59
2001:470:183d:e3e0::/61
2001:470:183d:e3e8::/63
2001:470:183d:e3eb::/64
2001:470:183d:e3ec::/62
2001:470:183d:e3f0::/60
2001:470:183d:e400::/57
2001:470:183d:e480::/58
2001:470:183d:e4c0::/59
2001:470:183d:e4e0::/61
2001:470:183d:e4e8::/63
2001:470:183d:e4eb::/64
2001:470:183d:e4ec::/62
2001:470:183d:e4f0::/60
2001:470:183d:e500::/56
2001:470:183d:e600::/55
2001:470:183d:e800::/53
2001:470:183d:f000::/58
2001:470:183d:f040::/59
2001:470:183d:f060::/61
2001:470:183d:f068::/64
2001:470:183d:f06a::/63
2001:470:183d:f06c::/62
2001:470:183d:f070::/60
2001:470:183d:f080::/57
2001:470:183d:f100::/56
2001:470:183d:f200::/55
2001:470:183d:f400::/55
2001:470:183d:f600::/58
2001:470:183d:f640::/59
2001:470:183d:f660::/61
2001:470:183d:f669::/64
2001:470:183d:f66a::/63
2001:470:183d:f66c::/62
2001:470:183d:f670::/60
2001:470:183d:f680::/57
2001:470:183d:f700::/56
2001:470:183d:f800::/53
2001:470:1873::/48
2001:470:1b83::/48
2001:470:1b8a::/47
2001:470:62fc::/48
2001:470:69bd::/48
2001:470:80f8::/48
2001:470:efc5::/48
2001:470:f941::/48
2001:4b28:aa00::/40
2401:b60:1340::/44
2401:4d20::/39
2401:4d20:200::/42
2401:4d20:240::/45
2401:4d20:248::/48
2401:4d20:24a::/47
2401:4d20:24c::/46
2401:4d20:250::/44
2401:4d20:260::/43
2401:4d20:280::/41
2401:4d20:300::/40
2401:4d20:400::/38
2401:4d20:800::/37
2401:4d20:1000::/36
2401:4d20:2000::/35
2401:4d20:4000::/34
2401:4d20:8000::/33
2401:f1e0:ffff:1898::/64
2401:f1e0:ffff:2b6b::/64
2405:b500:1800::/64
2405:b500:1820::/64
2405:b500:1840::/64
2405:b500:1860::/64
2406:2d40:7340::/42
2407:5800::/32
2606:40:b10::/44
2606:40:b20::/45
2606:40:217e:4000::/51
2606:40:2300:2000::/51
2606:54c0:1e68::/45
2606:54c3:0:4d7::/64
2607:8940:37dc::/46
2607:8940:41a0:4600::/55
2607:8940:41e0::/55
2a02:26f7:f640::/48
2a02:26f7:f641::/50
2a02:26f7:f641:4000::/64
2a02:26f7:f641:4100::/56
2a02:26f7:f641:4200::/55
2a02:26f7:f641:4400::/54
2a02:26f7:f641:4800::/53
2a02:26f7:f641:5000::/52
2a02:26f7:f641:6000::/51
2a02:26f7:f641:8000::/49
2a02:26f7:f642::/48
2a02:26f7:f643::/50
2a02:26f7:f643:4000::/64
2a02:26f7:f643:4100::/56
2a02:26f7:f643:4200::/55
2a02:26f7:f643:4400::/54
2a02:26f7:f643:4800::/53
2a02:26f7:f643:5000::/52
2a02:26f7:f643:6000::/51
2a02:26f7:f643:8000::/49
2a02:26f7:f644::/48
2a02:26f7:f645::/50
2a02:26f7:f645:4000::/64
2a02:26f7:f645:4100::/56
2a02:26f7:f645:4200::/55
2a02:26f7:f645:4400::/54
2a02:26f7:f645:4800::/53
2a02:26f7:f645:5000::/52
2a02:26f7:f645:6000::/51
2a02:26f7:f645:8000::/49
2a02:26f7:f646::/47
2a02:26f7:f648::/48
2a02:26f7:f649::/50
2a02:26f7:f649:4000::/64
2a02:26f7:f649:4100::/56
2a02:26f7:f649:4200::/55
2a02:26f7:f649:4400::/54
2a02:26f7:f649:4800::/53
2a02:26f7:f649:5000::/52
2a02:26f7:f649:6000::/51
2a02:26f7:f649:8000::/49
2a02:26f7:f64a::/47
2a02:26f7:f64c::/54
2a02:26f7:f64c:500::/56
2a02:26f7:f64c:600::/55
2a02:26f7:f64c:800::/53
2a02:26f7:f64c:1000::/55
2a02:26f7:f64c:1300::/56
2a02:26f7:f64c:1500::/56
2a02:26f7:f64c:1600::/55
2a02:26f7:f64c:1800::/53
2a02:26f7:f64c:2000::/52
2a02:26f7:f64c:3000::/53
2a02:26f7:f64c:3900::/56
2a02:26f7:f64c:3a00::/55
2a02:26f7:f64c:3c00::/54
2a02:26f7:f64c:4000::/54
2a02:26f7:f64c:4600::/55
2a02:26f7:f64c:4800::/53
2a02:26f7:f64c:5000::/53
2a02:26f7:f64c:5900::/56
2a02:26f7:f64c:5a00::/55
2a02:26f7:f64c:5c00::/54
2a02:26f7:f64c:6000::/52
2a02:26f7:f64c:7000::/53
2a02:26f7:f64c:7800::/55
2a02:26f7:f64c:7a00::/56
2a02:26f7:f64c:7c00::/54
2a02:26f7:f64c:8000::/53
2a02:26f7:f64c:8800::/55
2a02:26f7:f64c:8b00::/56
2a02:26f7:f64c:8c00::/54
2a02:26f7:f64c:9000::/52
2a02:26f7:f64c:a000::/51
2a02:26f7:f64c:c000::/56
2a02:26f7:f64c:c200::/55
2a02:26f7:f64c:c400::/54
2a02:26f7:f64c:c800::/54
2a02:26f7:f64c:cc00::/55
2a02:26f7:f64c:ce00::/56
2a02:26f7:f64c:d000::/53
2a02:26f7:f64c:d800::/55
2a02:26f7:f64c:db00::/56
2a02:26f7:f64c:dc00::/55
2a02:26f7:f64c:df00::/56
2a02:26f7:f64c:e000::/54
2a02:26f7:f64c:e400::/56
2a02:26f7:f64c:e600::/55
2a02:26f7:f64c:e800::/55
2a02:26f7:f64c:eb00::/56
2a02:26f7:f64c:ec00::/54
2a02:26f7:f64c:f000::/52
2a02:26f7:f64d::/48
2a02:26f7:f64e::/47
2a02:26f7:f650::/44
2a02:26f7:f660::/43
2a03:b600:0:12a1::/64
2a03:b600:0:12a2::/63
2a03:b600:0:12a4::/62
2a03:b600:0:12a8::/61
2a04:1d41:aa00::/40
2a04:1d42:aa00::/40
2a04:1d43:aa00::/40
2a04:1d44:aa00::/40
2a04:1d45:aa00::/40
2a04:1d46:aa00::/40
2a04:1d47:aa00::/40
2a04:4e41:6:2::/64
2a04:4e41:6:1200::/56
2a04:4e41:8:3::/64
2a04:4e41:8:1200::/56
2a04:4e41:b:1::/64
2a04:4e41:b:1100::/56
2a04:4e41:e:2::/64
2a04:4e41:e:1200::/56
2a04:4e41:5b:7::/64
2a04:4e41:5b:1200::/56
2a04:4e41:1c02::/48
2a04:4e41:2809::/48
2a04:4e41:2c0a::/48
2a04:4e41:4012:c000::/52
2a04:4e41:4022:c000::/52
2a04:4e41:4032:c000::/52
2a04:4e41:4042:c000::/52
2a04:4e41:4052:c000::/52
2a04:4e41:4062:c000::/52
2a04:4e41:4072:c000::/52
2a04:4e41:4082:c000::/52
2a04:4e41:4609::/48
2a04:4e41:6e09::/48
2a06:9f81:392b::/48
2a06:9f81:43bf:18d9::/64
2a06:9f81:43bf:18da::/63
2a06:9f81:43bf:18dc::/62
2a06:9f81:43bf:18e0::/62
2a06:9f81:43bf:18e4::/63
2a06:9f81:43bf:18e6::/64
2a06:9f81:43ef:2c00::/56
2a06:9f81:562b::/48
2a06:de06:38e::/48
2a07:d887:2c00::/40
2a09:4c0:0:2d::/64
2a09:54c7:2e30::/48
2a09:bac1:1800::/64
2a09:bac1:1820::/64
2a09:bac1:1840::/64
2a09:bac1:1860::/64
2a09:bac2:1e68::/45
2a09:bac3:1e68::/45
2a09:bac4:160::/45
2a09:bac4:1160::/45
2a09:bac5:1e98::/45
2a09:bac6:1e98::/45
2a0a:6044:772d::/48
2a0a:6044:f1b4::/46
2a0a:6044:f1b8::/45
2a0a:6044:f1c0::/47
2a0a:6044:f1c2::/48
2a0a:79c7:f534::/48
2a0c:9a40:95b3:3000::/52
2a0c:9a46:32d::/48
2a0d:9446:1000::/37
2a0e:b107:2348::/45
2a0f:7803:ff10:fc00::/54
2a0f:a303:b000::/37
2a11:a681:e000::/36
2a12:bec4:12a6:8300::/60
2a12:bec4:12a6:8310::/61
2a12:bec4:12a8:3300::/56
2a12:f381:aa00::/40
2a12:f382:aa00::/40
2a13:82c4:ff40::/48
2a13:a5c7:252d::/48
2a13:a5c7:25ff:2c00::/56
2a14:1c6:800::/37
2a14:67c1:b62b::/48
2a14:7581:b10:3500::/56
2a14:7581:b11:3500::/56
2a14:7581:b13:3500::/56
2a14:7581:b16:3500::/56
2a14:7581:b17:3500::/56
2a14:7581:3b3b::/48