31.6.16.15/32
44.32.192.70/31
57.73.214.0/23
175.45.176.0/22
194.147.16.103/32
196.48.114.0/24
196.56.114.0/24
196.199.114.0/24
223.17.11.167/32
2001:470:b:58::/64
2001:470:d:5::/64
2001:470:19:a40::/64
2001:470:19:109c::/64
2001:470:19:12f5::/64
2001:470:24:90c::/64
2001:470:24:120f::/64
2001:470:24:123f::/64
2001:470:24:1271::/64
2001:470:24:12bd::/64
2001:470:36:254::/64
2001:470:36:801::/64
2001:470:36:809::/64
2001:470:36:88a::/64
2001:470:1f09:127::/64
2001:470:1f15:a20::/64
2001:470:1f29:95::/64
2001:470:1f29:ed::/64
2001:470:1f29:17a::/64
2001:470:1f29:2be::/64
2001:470:22bf::/48
2001:470:2805:4000::/50
2001:470:2805:8000::/49
2001:470:280f::/48
2001:470:2823::/48
2001:470:2869::/48
2001:470:286c::/48
2001:470:2915::/48
2001:470:3030::/48
2001:470:382d::/48
2001:470:4812::/48
2001:470:481c::/48
2001:470:48db::/53
2001:470:48db:800::/54
2001:470:48db:c00::/59
2001:470:48db:c20::/63
2001:470:48db:c22::/64
2001:470:48db:c24::/62
2001:470:48db:c28::/61
2001:470:48db:c30::/60
2001:470:48db:c40::/58
2001:470:48db:c80::/57
2001:470:48db:d00::/56
2001:470:48db:e00::/55
2001:470:48db:1000::/52
2001:470:48db:2000::/51
2001:470:48db:4000::/50
2001:470:48db:8000::/49
2001:470:494a::/48
2001:470:495a::/48
2001:470:4abd::/48
2001:470:5092::/48
2001:470:50e2::/48
2001:470:5150::/48
2001:470:549c::/48
2001:470:54bb::/48
2001:470:6b31::/48
2001:470:6b6b::/48
2001:470:707c::/48
2001:470:70b7::/48
2001:470:7537::/48
2001:470:7bbe::/48
2001:470:80f6::/48
2001:470:8211::/48
2001:470:8217::/48
2001:470:8b8c::/48
2001:470:8d69::/48
2001:470:b081::/48
2001:470:c88a::/48
2001:470:d88b::/48
2001:470:e2db::/48
2001:470:e941::/48
2001:470:e950::/48
2001:470:e9a4::/48
2001:470:e9ad::/48
2001:470:ea77::/48
2001:470:ec18::/48
2001:470:ec59::/48
2001:470:ec72::/48
2001:470:ec8d::/48
2001:470:ecac::/48
2001:470:ecb6::/48
2001:470:ecbd::/48
2001:470:ed3c::/48
2001:470:ed63::/48
2001:470:ed98::/48
2001:470:eeb3::/48
2001:470:eed3::/48
2001:470:eefb::/48
2001:470:ef21::/48
2001:470:ef26::/48
2001:470:ef2d::/48
2001:470:ef93::/48
2001:470:efc2::/48
2001:470:efcc::/48
2001:470:efdd::/48
2001:470:efe2::/48
2001:470:f045::/48
2001:470:f069::/48
2001:470:f0c6:100::/56
2001:470:f0c6:200::/55
2001:470:f0c6:400::/54
2001:470:f0c6:800::/53
2001:470:f0c6:1000::/52
2001:470:f0c6:2000::/51
2001:470:f0c6:4000::/50
2001:470:f0c6:8000::/49
2001:470:f0d3:100::/56
2001:470:f0d3:200::/55
2001:470:f0d3:400::/54
2001:470:f0d3:800::/53
2001:470:f0d3:1000::/52
2001:470:f0d3:2000::/51
2001:470:f0d3:4000::/50
2001:470:f0d3:8000::/49
2001:470:f0d8::/48
2001:470:f0e9::/48
2001:470:f1aa::/48
2001:470:f1b2::/48
2001:470:f1cc::/48
2001:470:f203::/48
2001:470:f21a::/48
2001:470:f24d::/48
2001:470:f292::/48
2001:470:f2d8::/48
2001:470:f2da::/48
2001:470:f2e8::/48
2001:470:f38d::/48
2001:470:f39a:8500::/62
2001:470:f39a:ffff::/64
2001:470:f3a6::/48
2001:470:f3fa::/48
2001:470:f4a3::/48
2001:470:f4cc::/48
2001:470:f4e9::/48
2001:470:f505::/48
2001:470:f528::/48
2001:470:f54a::/48
2001:470:f550::/48
2001:470:f553::/48
2001:470:f55b::/48
2001:470:f565::/48
2001:470:f566::/48
2001:470:f573::/48
2001:470:f579::/48
2001:470:f57f::/48
2001:470:f5ae:4000::/50
2001:470:f5ae:8000::/49
2001:470:f5b2:100::/56
2001:470:f5b2:200::/55
2001:470:f5b2:400::/54
2001:470:f5b2:800::/53
2001:470:f5b2:1000::/52
2001:470:f5b2:2000::/51
2001:470:f5b2:4000::/50
2001:470:f5b2:8000::/49
2001:470:f5b4::/48
2001:470:f5b7:8500::/62
2001:470:f5b7:ffff::/64
2001:470:f5c5:4000::/50
2001:470:f5c5:8000::/49
2001:470:f5c6::/48
2001:470:f5d4::/48
2001:470:f5d9::/48
2001:470:f81f::/48
2001:470:f822::/47
2001:470:f834::/48
2001:470:f83c::/48
2001:470:f850::/48
2001:470:f85c::/48
2001:470:f85f::/48
2001:470:f873:8500::/62
2001:470:f873:ffff::/64
2001:470:f878:1::/64
2001:470:f878:2::/63
2001:470:f878:4::/62
2001:470:f878:8::/61
2001:470:f878:10::/60
2001:470:f878:20::/59
2001:470:f878:40::/58
2001:470:f878:80::/57
2001:470:f878:100::/56
2001:470:f878:200::/55
2001:470:f878:400::/54
2001:470:f878:800::/53
2001:470:f878:1000::/52
2001:470:f878:2000::/51
2001:470:f878:4000::/50
2001:470:f878:8000::/49
2001:470:f87a::/48
2001:470:f87f::/48
2001:470:f885::/48
2001:470:f88a::/48
2001:470:f8a0::/48
2001:470:f8a1::/49
2001:470:f8a1:8000::/50
2001:470:f8a1:c000::/51
2001:470:f8a1:e000::/52
2001:470:f8a1:f000::/53
2001:470:f8a1:f800::/54
2001:470:f8a1:fc00::/55
2001:470:f8a1:fe00::/56
2001:470:f8a1:ff00::/57
2001:470:f8a1:ff80::/58
2001:470:f8a1:ffc0::/59
2001:470:f8a1:ffe0::/60
2001:470:f8a1:fff0::/61
2001:470:f8a1:fff8::/62
2001:470:f8a1:fffc::/63
2001:470:f8a1:fffe::/64
2001:470:f8b3:1::/64
2001:470:f8b3:2::/63
2001:470:f8b3:4::/62
2001:470:f8b3:8::/61
2001:470:f8b3:10::/60
2001:470:f8b3:20::/59
2001:470:f8b3:40::/58
2001:470:f8b3:80::/57
2001:470:f8b3:100::/56
2001:470:f8b3:200::/55
2001:470:f8b3:400::/54
2001:470:f8b3:800::/53
2001:470:f8b3:1000::/52
2001:470:f8b3:2000::/51
2001:470:f8b3:4000::/50
2001:470:f8b3:8000::/49
2001:470:f8c3::/48
2001:470:f8e1::/48
2001:470:f9a7::/48
2001:470:fa28::/48
2001:470:faa2::/48
2001:470:faff::/48
2001:470:fb08::/48
2001:470:fb0b::/48
2001:470:fb34::/48
2001:470:fb88::/48
2001:470:fb8e::/48
2001:470:fba5::/48
2001:470:fbcc::/48
2001:470:fc33::/48
2001:470:fc43::/48
2001:470:fc4d::/48
2001:470:fc85::/48
2001:470:fcce:8500::/62
2001:470:fcce:ffff::/64
2001:470:fd12::/48
2001:470:fd30::/48
2001:470:fd5a::/48
2001:470:fd81::/48
2001:470:fd82::/48
2001:470:fd8f::/48
2001:470:fdfb::/48
2001:470:fe03::/48
2001:470:fe23::/48
2001:470:fe27::/48
2001:470:fe2d::/48
2001:470:fe3a::/48
2001:470:fea9::/48
2001:470:fead::/48
2001:470:fec0::/48
2001:470:feca::/48
2001:470:ff15::/48
2001:470:ff21::/48
2001:470:ff42::/48
2001:470:ff4b::/48
2001:470:ffaf::/48
2001:470:ffb7::/48
2001:470:ffbb::/48
2001:470:ffc5::/48
2001:470:ffc6::/48
2001:470:ffc9::/48
2001:470:ffd5::/48
2001:470:fff0::/48
2001:67c:a38:f850::/64
2001:4b28:6d00::/40
2400:8a20:112:1::2b9/128
2400:c620:29:8855::/64
2401:b60:12d0::/44
2401:b60:1780::/44
2405:b500:3e80::/64
2405:b500:3ea0::/64
2405:b500:3ec0::/64
2405:b500:3ee0::/64
2406:840:996f::/48
2406:840:e2cb::/48
2406:840:ee45::/48
2406:840:eef0::/48
2407:d340:712c::/48
2407:d340:8a00::/40
2407:d340:9100::/40
2600:70ff:a402:1::/64
2600:70ff:a402:2::/63
2600:70ff:a402:4::/62
2600:70ff:a402:8::/61
2600:70ff:a402:10::/60
2600:70ff:a402:20::/59
2600:70ff:a402:40::/58
2600:70ff:a402:80::/57
2600:70ff:a402:100::/56
2600:70ff:a402:200::/55
2600:70ff:a402:400::/54
2600:70ff:a402:800::/53
2600:70ff:a402:1000::/52
2600:70ff:a402:2000::/51
2600:70ff:a402:4000::/50
2600:70ff:a402:8000::/49
2600:70ff:a42f::/48
2600:70ff:a447::/48
2600:70ff:a44b::/48
2600:70ff:a617::/48
2600:70ff:a806::/48
2600:70ff:a843::/48
2600:70ff:a879::/48
2600:70ff:a961::/48
2600:70ff:a969::/48
2600:70ff:a976::/47
2600:70ff:a97f::/48
2600:70ff:a986::/48
2600:70ff:a98c::/48
2600:70ff:a98f::/48
2600:70ff:a9a6::/47
2600:70ff:a9be::/47
2600:70ff:a9c2::/48
2600:70ff:a9c4::/48
2600:70ff:a9d9::/48
2600:70ff:a9dd::/48
2600:70ff:a9e3::/48
2600:70ff:a9e8::/48
2600:70ff:a9ea::/48
2600:70ff:a9f9::/48
2600:70ff:a9fe::/48
2600:70ff:aa2b::/48
2600:70ff:b818::/48
2600:70ff:c01b::/48
2600:70ff:d070::/48
2600:70ff:d086::/48
2600:70ff:d09b::/48
2602:814:f0fc::/48
2602:814:f0ff:1::/64
2602:814:f0ff:2::/63
2602:814:f0ff:4::/62
2602:814:f0ff:8::/61
2602:814:f0ff:10::/60
2602:814:f0ff:20::/59
2602:814:f0ff:40::/58
2602:814:f0ff:80::/57
2602:814:f0ff:100::/56
2602:814:f0ff:200::/55
2602:814:f0ff:400::/54
2602:814:f0ff:800::/53
2602:814:f0ff:1000::/52
2602:814:f0ff:2000::/51
2602:814:f0ff:4000::/50
2602:814:f0ff:8000::/49
2602:f7c1:2::/48
2602:f92a:fe05::/48
2602:f9a9:5:341::/64
2602:fa4f:900:4557::/64
2602:fa93:e:341::/64
2602:faa8:445::/48
2606:54c0:4678::/45
2a02:26f7:b580:2000::/53
2a02:26f7:b580:2800::/54
2a02:26f7:b580:2c00::/55
2a02:26f7:b580:2e00::/56
2a02:26f7:b580:3000::/53
2a02:26f7:b580:3800::/55
2a02:26f7:b580:3a00::/56
2a02:26f7:b580:3c00::/54
2a02:26f7:b580:4000::/52
2a02:26f7:b580:5000::/53
2a02:26f7:b580:5800::/55
2a02:26f7:b580:5a00::/56
2a02:26f7:b580:5c00::/56
2a02:26f7:b580:5e00::/55
2a02:26f7:b580:6100::/56
2a02:26f7:b580:6200::/55
2a02:26f7:b580:6500::/56
2a02:26f7:b580:6600::/55
2a02:26f7:b580:6800::/53
2a02:26f7:b580:7000::/54
2a02:26f7:b580:7500::/56
2a02:26f7:b580:7600::/55
2a02:26f7:b580:7800::/53
2a02:26f7:b580:8000::/53
2a02:26f7:b580:8800::/55
2a02:26f7:b580:8a00::/56
2a02:26f7:b580:8c00::/54
2a02:26f7:b580:9000::/52
2a02:26f7:b580:a000::/53
2a02:26f7:b580:a900::/56
2a02:26f7:b580:aa00::/55
2a02:26f7:b580:ac00::/54
2a02:26f7:b580:b100::/56
2a02:26f7:b580:b200::/55
2a02:26f7:b580:b400::/54
2a02:26f7:b580:b800::/54
2a02:26f7:b580:bc00::/55
2a02:26f7:b580:be00::/56
2a02:26f7:b580:c000::/54
2a02:26f7:b580:c400::/55
2a02:26f7:b580:c600::/56
2a02:26f7:b580:c800::/53
2a02:26f7:b580:d000::/53
2a02:26f7:b580:d800::/55
2a02:26f7:b580:db00::/56
2a02:26f7:b580:dc00::/54
2a02:26f7:b580:e000::/53
2a02:26f7:b580:e900::/56
2a02:26f7:b580:ea00::/55
2a02:26f7:b580:ec00::/54
2a02:26f7:b580:f000::/52
2a02:26f7:b581::/48
2a02:26f7:b582::/47
2a02:26f7:b584:100::/56
2a02:26f7:b584:200::/55
2a02:26f7:b584:400::/54
2a02:26f7:b584:800::/53
2a02:26f7:b584:1000::/54
2a02:26f7:b584:1400::/56
2a02:26f7:b584:1600::/56
2a02:26f7:b584:1800::/53
2a02:26f7:b584:2000::/51
2a02:26f7:b584:4000::/52
2a02:26f7:b584:5000::/53
2a02:26f7:b584:5800::/54
2a02:26f7:b584:5c00::/56
2a02:26f7:b584:5e00::/55
2a02:26f7:b584:6000::/56
2a02:26f7:b584:6200::/55
2a02:26f7:b584:6400::/54
2a02:26f7:b584:6800::/53
2a02:26f7:b584:7000::/54
2a02:26f7:b584:7500::/56
2a02:26f7:b584:7600::/55
2a02:26f7:b584:7800::/53
2a02:26f7:b584:8000::/52
2a02:26f7:b584:9000::/54
2a02:26f7:b584:9500::/56
2a02:26f7:b584:9600::/55
2a02:26f7:b584:9800::/53
2a02:26f7:b584:a000::/51
2a02:26f7:b584:c000::/53
2a02:26f7:b584:c900::/56
2a02:26f7:b584:ca00::/56
2a02:26f7:b584:cc00::/54
2a02:26f7:b584:d100::/56
2a02:26f7:b584:d300::/56
2a02:26f7:b584:d400::/54
2a02:26f7:b584:d800::/53
2a02:26f7:b584:e000::/52
2a02:26f7:b584:f000::/56
2a02:26f7:b584:f200::/55
2a02:26f7:b584:f400::/54
2a02:26f7:b584:f800::/53
2a02:26f7:b585::/48
2a02:26f7:b586::/47
2a02:26f7:b588::/53
2a02:26f7:b588:800::/54
2a02:26f7:b588:d00::/56
2a02:26f7:b588:e00::/55
2a02:26f7:b588:1000::/52
2a02:26f7:b588:2000::/52
2a02:26f7:b588:3000::/53
2a02:26f7:b588:3900::/56
2a02:26f7:b588:3a00::/55
2a02:26f7:b588:3c00::/54
2a02:26f7:b588:4000::/52
2a02:26f7:b588:5000::/54
2a02:26f7:b588:5400::/56
2a02:26f7:b588:5600::/55
2a02:26f7:b588:5800::/53
2a02:26f7:b588:6000::/51
2a02:26f7:b588:8000::/52
2a02:26f7:b588:9000::/54
2a02:26f7:b588:9400::/55
2a02:26f7:b588:9700::/56
2a02:26f7:b588:9800::/53
2a02:26f7:b588:a000::/52
2a02:26f7:b588:b100::/56
2a02:26f7:b588:b200::/55
2a02:26f7:b588:b400::/54
2a02:26f7:b588:b800::/53
2a02:26f7:b588:c000::/52
2a02:26f7:b588:d000::/53
2a02:26f7:b588:d900::/56
2a02:26f7:b588:da00::/55
2a02:26f7:b588:dc00::/54
2a02:26f7:b588:e000::/53
2a02:26f7:b588:e800::/55
2a02:26f7:b588:ea00::/56
2a02:26f7:b588:ec00::/54
2a02:26f7:b588:f000::/53
2a02:26f7:b588:f900::/56
2a02:26f7:b588:fa00::/55
2a02:26f7:b588:fc00::/56
2a02:26f7:b588:fe00::/56
2a02:26f7:b589::/48
2a02:26f7:b58a::/47
2a02:26f7:b58c::/46
2a02:26f7:b590::/44
2a02:26f7:b5a0::/43
2a02:5740:114::/48
2a02:5741:114::/48
2a02:5742:114::/48
2a02:5743:114::/48
2a02:5744:114::/48
2a02:5745:114::/48
2a02:5746:114::/48
2a02:5747:114::/48
2a03:b600:0:b31::/64
2a03:b600:0:b32::/63
2a03:b600:0:b34::/62
2a03:b600:0:b38::/61
2a03:b601:41b::/48
2a03:b601:41c::/46
2a03:b601:420::/45
2a03:b601:428::/46
2a03:b601:42c::/47
2a03:b601:42e::/48
2a04:1d41:6d00::/40
2a04:1d42:6d00::/40
2a04:1d43:6d00::/40
2a04:1d44:6d00::/40
2a04:1d45:6d00::/40
2a04:1d46:6d00::/40
2a04:1d47:6d00::/40
2a05:dfc1:6604::/48
2a05:dfc1:8c00::/48
2a05:dfc1:8c9a::/47
2a06:9f81:3977::/48
2a06:9f81:43bf:179e::/63
2a06:9f81:43bf:17a0::/61
2a06:9f81:43bf:17a8::/62
2a06:9f81:43bf:17ac::/63
2a06:9f81:43bf:17ae::/64
2a06:9f81:43ef:7a00::/56
2a06:9f81:5110::/48
2a06:9f81:5677::/48
2a06:9f81:6107::/48
2a06:a005:cf0::/44
2a06:a005:187b:100::/56
2a06:a005:187b:200::/55
2a06:a005:187b:400::/54
2a06:a005:187b:800::/53
2a06:a005:187b:1000::/52
2a06:a005:187b:2000::/51
2a06:a005:187b:4000::/50
2a06:a005:187b:8000::/49
2a06:de06:387::/48
2a07:d887:7800::/40
2a09:4c0:0:7a::/64
2a09:54c7:2eb5::/48
2a09:bac2:4678::/45
2a09:bac3:4678::/45
2a09:bac5:4720::/48
2a09:bac5:4721::/52
2a09:bac5:4721:1000::/55
2a09:bac5:4721:1200::/58
2a09:bac5:4721:1240::/62
2a09:bac5:4721:1244::/63
2a09:bac5:4721:1247::/64
2a09:bac5:4721:1248::/61
2a09:bac5:4721:1250::/60
2a09:bac5:4721:1260::/59
2a09:bac5:4721:1280::/57
2a09:bac5:4721:1300::/56
2a09:bac5:4721:1400::/55
2a09:bac5:4721:1600::/57
2a09:bac5:4721:1680::/58
2a09:bac5:4721:16c0::/61
2a09:bac5:4721:16c9::/64
2a09:bac5:4721:16ca::/63
2a09:bac5:4721:16cc::/62
2a09:bac5:4721:16d0::/60
2a09:bac5:4721:16e0::/59
2a09:bac5:4721:1700::/56
2a09:bac5:4721:1800::/53
2a09:bac5:4721:2000::/51
2a09:bac5:4721:4000::/50
2a09:bac5:4721:8000::/49
2a09:bac5:4722::/57
2a09:bac5:4722:80::/58
2a09:bac5:4722:c0::/60
2a09:bac5:4722:d0::/61
2a09:bac5:4722:d8::/62
2a09:bac5:4722:dd::/64
2a09:bac5:4722:de::/63
2a09:bac5:4722:e0::/59
2a09:bac5:4722:100::/56
2a09:bac5:4722:200::/56
2a09:bac5:4722:400::/54
2a09:bac5:4722:800::/53
2a09:bac5:4722:1000::/54
2a09:bac5:4722:1400::/55
2a09:bac5:4722:1600::/57
2a09:bac5:4722:1680::/58
2a09:bac5:4722:16c0::/61
2a09:bac5:4722:16c9::/64
2a09:bac5:4722:16ca::/63
2a09:bac5:4722:16cc::/62
2a09:bac5:4722:16d0::/60
2a09:bac5:4722:16e0::/59
2a09:bac5:4722:1700::/56
2a09:bac5:4722:1800::/53
2a09:bac5:4722:2000::/51
2a09:bac5:4722:4000::/50
2a09:bac5:4722:8000::/49
2a09:bac5:4723::/55
2a09:bac5:4723:200::/56
2a09:bac5:4723:300::/59
2a09:bac5:4723:320::/63
2a09:bac5:4723:322::/64
2a09:bac5:4723:324::/62
2a09:bac5:4723:328::/61
2a09:bac5:4723:330::/60
2a09:bac5:4723:340::/58
2a09:bac5:4723:380::/57
2a09:bac5:4723:400::/54
2a09:bac5:4723:800::/53
2a09:bac5:4723:1000::/53
2a09:bac5:4723:1900::/56
2a09:bac5:4723:1a00::/55
2a09:bac5:4723:1c00::/58
2a09:bac5:4723:1c40::/62
2a09:bac5:4723:1c44::/63
2a09:bac5:4723:1c47::/64
2a09:bac5:4723:1c48::/61
2a09:bac5:4723:1c50::/60
2a09:bac5:4723:1c60::/59
2a09:bac5:4723:1c80::/57
2a09:bac5:4723:1d00::/56
2a09:bac5:4723:1e00::/55
2a09:bac5:4723:2000::/51
2a09:bac5:4723:4000::/50
2a09:bac5:4723:8000::/49
2a09:bac5:4724:100::/56
2a09:bac5:4724:200::/55
2a09:bac5:4724:400::/54
2a09:bac5:4724:800::/53
2a09:bac5:4724:1000::/54
2a09:bac5:4724:1400::/55
2a09:bac5:4724:1600::/57
2a09:bac5:4724:1680::/58
2a09:bac5:4724:16c0::/61
2a09:bac5:4724:16c9::/64
2a09:bac5:4724:16ca::/63
2a09:bac5:4724:16cc::/62
2a09:bac5:4724:16d0::/63
2a09:bac5:4724:16d3::/64
2a09:bac5:4724:16d4::/62
2a09:bac5:4724:16d8::/61
2a09:bac5:4724:16e0::/59
2a09:bac5:4724:1700::/56
2a09:bac5:4724:1800::/53
2a09:bac5:4724:2000::/51
2a09:bac5:4724:4000::/50
2a09:bac5:4724:8000::/49
2a09:bac5:4725::/55
2a09:bac5:4725:200::/56
2a09:bac5:4725:400::/54
2a09:bac5:4725:800::/53
2a09:bac5:4725:1000::/52
2a09:bac5:4725:2000::/51
2a09:bac5:4725:4000::/50
2a09:bac5:4725:8000::/49
2a09:bac5:4726:100::/56
2a09:bac5:4726:200::/55
2a09:bac5:4726:400::/54
2a09:bac5:4726:800::/53
2a09:bac5:4726:1000::/54
2a09:bac5:4726:1400::/55
2a09:bac5:4726:1600::/57
2a09:bac5:4726:1680::/58
2a09:bac5:4726:16c0::/61
2a09:bac5:4726:16c9::/64
2a09:bac5:4726:16ca::/63
2a09:bac5:4726:16cc::/62
2a09:bac5:4726:16d0::/60
2a09:bac5:4726:16e0::/59
2a09:bac5:4726:1700::/56
2a09:bac5:4726:1800::/57
2a09:bac5:4726:1880::/58
2a09:bac5:4726:18c0::/59
2a09:bac5:4726:18e0::/60
2a09:bac5:4726:18f0::/61
2a09:bac5:4726:18f8::/63
2a09:bac5:4726:18fb::/64
2a09:bac5:4726:18fc::/62
2a09:bac5:4726:1900::/56
2a09:bac5:4726:1a00::/55
2a09:bac5:4726:1c00::/54
2a09:bac5:4726:2000::/51
2a09:bac5:4726:4000::/50
2a09:bac5:4726:8000::/49
2a09:bac5:4727::/55
2a09:bac5:4727:200::/56
2a09:bac5:4727:300::/59
2a09:bac5:4727:320::/63
2a09:bac5:4727:322::/64
2a09:bac5:4727:324::/62
2a09:bac5:4727:328::/61
2a09:bac5:4727:330::/60
2a09:bac5:4727:340::/58
2a09:bac5:4727:380::/57
2a09:bac5:4727:400::/54
2a09:bac5:4727:800::/53
2a09:bac5:4727:1000::/52
2a09:bac5:4727:2000::/51
2a09:bac5:4727:4000::/50
2a09:bac5:4727:8000::/49
2a09:bac6:4720::/45
2a0a:280:2730::/47
2a0a:6040:fcf:1::/64
2a0a:6040:fcf:2::/63
2a0a:6040:fcf:4::/62
2a0a:6040:fcf:8::/61
2a0a:6040:fcf:10::/60
2a0a:6040:fcf:20::/59
2a0a:6040:fcf:40::/58
2a0a:6040:fcf:80::/57
2a0a:6040:fcf:100::/56
2a0a:6040:fcf:200::/55
2a0a:6040:fcf:400::/54
2a0a:6040:fcf:800::/53
2a0a:6040:fcf:1000::/52
2a0a:6040:fcf:2000::/51
2a0a:6040:fcf:4000::/50
2a0a:6040:fcf:8000::/49
2a0a:6040:ff1::/48
2a0a:6040:4905::/48
2a0a:6040:7400::/47
2a0a:6040:d730::/44
2a0a:6040:ea00::/48
2a0a:6044:68fe::/48
2a0a:6044:7779::/48
2a0a:79c0:2d0::/44
2a0a:79c0:f2d0::/44
2a0a:79c7:f576::/48
2a0c:9a46:379::/48
2a0c:b641:a7f::/48
2a0d:6c2:100::/40
2a0d:2587:88b1::/48
2a0d:9446:9000::/37
2a0e:97c0:220:666::/64
2a0e:97c1:d2::/48
2a0e:aa07:e15e:4::/64
2a0e:aa07:e16a:5000::/56
2a0e:aa07:e16a:6600::/56
2a0e:aa07:e191::/48
2a0e:aa07:e222::/48
2a0e:b107:85c::/48
2a0f:1cc5:670::/44
2a0f:5707:ffa4:4000::/50
2a0f:5707:ffa4:8000::/49
2a0f:7800:ff60::/44
2a0f:7800:ffff::/48
2a0f:7803:f960::/48
2a0f:7803:fac5:14b8::/64
2a0f:7803:fb04::/48
2a0f:7803:fc11::/48
2a0f:7803:fd11::/48
2a0f:7803:fd20:1::/64
2a0f:7803:fd20:2::/63
2a0f:7803:fd20:4::/62
2a0f:7803:fd20:8::/61
2a0f:7803:fd20:10::/60
2a0f:7803:fd20:20::/59
2a0f:7803:fd20:40::/58
2a0f:7803:fd20:80::/57
2a0f:7803:fd20:100::/56
2a0f:7803:fd20:200::/55
2a0f:7803:fd20:400::/54
2a0f:7803:fd20:800::/53
2a0f:7803:fd20:1000::/52
2a0f:7803:fd20:2000::/51
2a0f:7803:fd20:4000::/50
2a0f:7803:fd20:8000::/49
2a0f:7803:fd21::/48
2a0f:7803:fd22::/47
2a0f:7803:fd24::/46
2a0f:7803:fd28::/45
2a0f:7803:fe48::/48
2a0f:7803:fec3::/48
2a0f:7803:feeb::/48
2a0f:7803:ff03:c000::/52
2a0f:7803:ff60::/44
2a0f:7803:ffe1::/48
2a0f:85c1:81b:f5d0::/60
2a0f:85c1:863:4000::/50
2a0f:85c1:863:8000::/49
2a0f:9400:6169::/48
2a0f:9403:810::/44
2a10:500:5000::/40
2a10:ccc1:ccc2::/48
2a11:29c0:3d88:19ce::/64
2a11:29c0:3d88:1b4b::/64
2a11:29c0:3d88:5f34::/64
2a11:29c0:3d88:6717::/64
2a11:29c0:3d88:6a3e::/64
2a11:f145::/36
2a12:bec0:160::/48
2a12:bec0:1a7::/48
2a12:bec4:1110::/44
2a12:bec4:12a6:30ad::/64
2a12:bec4:12a6:30ae::/63
2a12:bec4:12a6:30b0::/60
2a12:bec4:12a6:30c0::/59
2a12:bec4:12a6:30e0::/60
2a12:bec4:12a6:30f0::/61
2a12:bec4:12a6:30f8::/62
2a12:bec4:12a6:30fc::/64
2a12:bec4:12a8:7e00::/56
2a12:bec4:12ad::/48
2a12:bec4:13f2::/48
2a12:bec4:1441::/48
2a12:bec4:1571:fa13::/64
2a12:dd47:3007::/48
2a12:f381:6d00::/40
2a12:f382:6d00::/40
2a13:82c4:ff14::/48
2a13:a5c3:d454::/46
2a13:a5c3:d640::/46
2a13:a5c7:1607::/48
2a13:a5c7:2105::/48
2a13:a5c7:24ff::/48
2a13:a5c7:2579::/48
2a13:a5c7:25ff:7800::/56
2a13:b487:18ff:1000::/64
2a13:df80:46f2::/48
2a13:df80:8005::/48
2a13:df85:befe::/48
2a13:ef41:164f::/48
2a13:ef41:1650::/45
2a13:ef41:1658::/46
2a13:ef41:a64f::/48
2a13:ef41:a650::/45
2a13:ef41:a658::/46
2a13:ef41:ea92::/47
2a13:ef41:ea94::/46
2a13:ef41:ea98::/45
2a13:ef41:eaa0::/45
2a13:ef41:eaa8::/46
2a13:ef45:69b4::/46
2a13:ef45:69b8::/45
2a13:ef45:69c0::/42
2a13:ef45:6a00::/41
2a13:ef45:6a80::/43
2a13:ef45:6aa0::/44
2a13:ef45:6ab0::/45
2a14:1c6:8800::/37
2a14:7c0:4d00::/48
2a14:7c0:4d02::/47
2a14:7c0:4d04::/46
2a14:7c0:4d08::/45
2a14:7c0:4d10::/44
2a14:7c0:4d20::/43
2a14:7c0:4d40::/42
2a14:7c0:4d80::/41
2a14:67c1:30::/48
2a14:67c1:90::/48
2a14:67c1:a02f::/48
2a14:67c1:a064::/48
2a14:67c1:a100::/44
2a14:67c1:a123::/48
2a14:67c1:b563:4000::/50
2a14:67c1:b563:8000::/50
2a14:67c1:b677::/48
2a14:67c1:c301::/48
2a14:67c1:d3f8::/48
2a14:67c1:d3fa::/48
2a14:67c1:d3fc::/48
2a14:67c1:d3fe::/48
2a14:7580:d42::/48
2a14:7580:6800::/44
2a14:7580:6810::/44
2a14:7580:6820::/43
2a14:7580:6840::/42
2a14:7580:6880::/41
2a14:7581:b10:7400::/56
2a14:7581:b11:7400::/56
2a14:7581:b13:7400::/56
2a14:7581:b16:7400::/56
2a14:7581:b17:7400::/56
2a14:7581:b42::/48
2a14:7581:3002::/48
2a14:c380:326::/48