57.82.64.0/23
57.84.128.0/20
81.220.110.246/32
102.206.44.0/22
104.28.13.46/31
104.28.13.48/32
104.28.21.211/32
104.28.21.212/30
104.28.34.147/32
104.28.34.148/32
104.28.46.64/31
104.28.82.76/31
104.28.87.91/32
104.28.87.92/32
104.28.88.109/32
104.28.88.110/32
104.28.193.214/31
104.28.193.216/31
104.28.193.218/32
104.28.225.214/31
104.28.225.216/31
104.28.225.218/32
136.23.4.97/32
136.23.21.25/32
140.248.40.190/31
140.248.56.208/32
140.248.57.208/32
140.248.58.208/32
140.248.59.208/32
140.248.60.208/32
140.248.61.208/32
140.248.62.208/32
140.248.63.208/32
146.75.168.174/31
146.75.182.62/31
146.75.185.174/31
146.75.210.62/31
150.48.152.100/31
150.228.96.0/23
154.72.12.0/22
157.5.101.174/32
157.5.109.174/32
162.120.206.20/32
162.120.208.10/32
163.116.169.155/32
163.116.169.156/32
163.116.174.192/31
163.116.190.102/31
163.116.245.64/32
163.116.245.66/32
172.224.231.32/28
172.225.178.240/28
172.225.197.32/28
172.225.243.80/28
196.48.170.0/24
196.56.170.0/24
196.57.170.0/24
196.58.170.0/24
196.197.170.0/24
196.198.170.0/24
196.199.170.0/24
197.159.160.0/19
216.66.84.56/32
216.66.84.59/32
2001:470:1f1b:42b::/64
2001:470:ed00::/48
2001:470:ed59::/48
2001:470:f83b::/48
2001:67c:a38:f239::/64
2001:1284:18b6::/48
2001:4b28:ee00::/40
2401:b60:1c60::/44
2401:f1e0:ffff:c295::/64
2401:f1e0:ffff:c6b2:31dc:7ce6:6de5:1444/128
2405:b500:6a80::/64
2405:b500:6aa0::/64
2405:b500:6ac0::/64
2405:b500:6ae0::/64
2600:70ff:a950::/48
2606:40:758::/45
2606:40:760::/45
2606:40:10c0::/44
2606:40:21c2:8000::/54
2606:40:2201:4000::/54
2606:54c0:5558::/45
2606:54c3:0:192e::/64
2607:8940:21ba::/47
2607:8940:21be::/47
2607:8940:4171:ad00::/56
2607:8940:4171:ae00::/56
2607:8940:4191:ad00::/56
2607:8940:4191:ae00::/56
2804:71f0::/34
2804:71f0:4000:200::/55
2804:71f0:4000:400::/54
2804:71f0:4000:800::/53
2804:71f0:4000:1000::/52
2804:71f0:4000:2000::/51
2804:71f0:4000:4000::/50
2804:71f0:4000:8000::/49
2804:71f0:4001::/48
2804:71f0:4002::/47
2804:71f0:4004::/46
2804:71f0:4008::/45
2804:71f0:4010::/48
2804:71f0:4012::/49
2804:71f0:4012:8000::/51
2804:71f0:4012:a000::/52
2804:71f0:4012:b000::/53
2804:71f0:4012:b800::/54
2804:71f0:4012:bd00::/56
2804:71f0:4012:be00::/55
2804:71f0:4012:c000::/54
2804:71f0:4012:c400::/55
2804:71f0:4012:c700::/56
2804:71f0:4012:c800::/53
2804:71f0:4012:d000::/52
2804:71f0:4012:e000::/55
2804:71f0:4012:e300::/56
2804:71f0:4012:e400::/54
2804:71f0:4012:e800::/53
2804:71f0:4012:f000::/52
2804:71f0:4013::/50
2804:71f0:4013:4000::/51
2804:71f0:4013:6000::/52
2804:71f0:4013:7000::/53
2804:71f0:4013:7900::/56
2804:71f0:4013:7a00::/55
2804:71f0:4013:7c00::/54
2804:71f0:4013:8000::/50
2804:71f0:4013:c000::/51
2804:71f0:4013:e000::/54
2804:71f0:4013:e400::/55
2804:71f0:4013:e600::/56
2804:71f0:4013:e800::/53
2804:71f0:4013:f000::/52
2804:71f0:4014::/48
2804:71f0:4015::/54
2804:71f0:4015:400::/55
2804:71f0:4015:700::/56
2804:71f0:4015:800::/53
2804:71f0:4015:1000::/55
2804:71f0:4015:1200::/56
2804:71f0:4015:1400::/54
2804:71f0:4015:1800::/53
2804:71f0:4015:2000::/51
2804:71f0:4015:4000::/50
2804:71f0:4015:8000::/49
2804:71f0:4016::/52
2804:71f0:4016:1000::/54
2804:71f0:4016:1500::/56
2804:71f0:4016:1600::/55
2804:71f0:4016:1800::/53
2804:71f0:4016:2000::/51
2804:71f0:4016:4000::/50
2804:71f0:4016:8000::/49
2804:71f0:4017::/49
2804:71f0:4017:8000::/50
2804:71f0:4017:c000::/53
2804:71f0:4017:c800::/55
2804:71f0:4017:cb00::/56
2804:71f0:4017:cc00::/54
2804:71f0:4017:d000::/52
2804:71f0:4017:e000::/51
2804:71f0:4018::/49
2804:71f0:4018:8000::/50
2804:71f0:4018:c000::/53
2804:71f0:4018:c900::/56
2804:71f0:4018:ca00::/55
2804:71f0:4018:cc00::/54
2804:71f0:4018:d000::/52
2804:71f0:4018:e000::/51
2804:71f0:4019::/48
2804:71f0:401a::/47
2804:71f0:401c::/56
2804:71f0:401c:200::/55
2804:71f0:401c:400::/54
2804:71f0:401c:800::/53
2804:71f0:401c:1000::/52
2804:71f0:401c:2000::/51
2804:71f0:401c:4000::/50
2804:71f0:401c:8000::/49
2804:71f0:401d::/50
2804:71f0:401d:4000::/52
2804:71f0:401d:5000::/54
2804:71f0:401d:5400::/55
2804:71f0:401d:5700::/56
2804:71f0:401d:5800::/53
2804:71f0:401d:6000::/52
2804:71f0:401d:7000::/56
2804:71f0:401d:7200::/55
2804:71f0:401d:7400::/54
2804:71f0:401d:7800::/53
2804:71f0:401d:8000::/49
2804:71f0:401e::/47
2804:71f0:4020::/43
2804:71f0:4040::/42
2804:71f0:4080::/41
2804:71f0:4100::/40
2804:71f0:4200::/39
2804:71f0:4400::/38
2804:71f0:4800::/37
2804:71f0:5000::/36
2804:71f0:6000::/35
2804:71f0:8000::/34
2804:71f0:c000::/37
2804:71f0:c800::/39
2804:71f0:ca00::/41
2804:71f0:ca80::/42
2804:71f0:cac0::/44
2804:71f0:cad0::/45
2804:71f0:cad8::/46
2804:71f0:cadc::/47
2804:71f0:cade::/49
2804:71f0:cade:8000::/50
2804:71f0:cade:c000::/53
2804:71f0:cade:c800::/55
2804:71f0:cade:cb00::/56
2804:71f0:cade:cc00::/54
2804:71f0:cade:d000::/52
2804:71f0:cade:e000::/51
2804:71f0:cadf::/48
2804:71f0:cae0::/43
2804:71f0:cb00::/40
2804:71f0:cc00::/38
2804:71f0:d000::/36
2804:71f0:e000:100::/56
2804:71f0:e000:200::/55
2804:71f0:e000:400::/54
2804:71f0:e000:800::/53
2804:71f0:e000:1000::/52
2804:71f0:e000:2000::/51
2804:71f0:e000:4000::/50
2804:71f0:e000:8000::/49
2804:71f0:e001::/48
2804:71f0:e002::/47
2804:71f0:e004::/46
2804:71f0:e008::/45
2804:71f0:e010::/44
2804:71f0:e020::/43
2804:71f0:e040::/42
2804:71f0:e080::/41
2804:71f0:e100::/40
2804:71f0:e200::/39
2804:71f0:e400::/38
2804:71f0:e800::/37
2804:71f0:f000::/36
2804:94bc::/36
2804:94bc:1000::/49
2804:94bc:1000:8001::/64
2804:94bc:1000:8002::/63
2804:94bc:1000:8004::/62
2804:94bc:1000:8008::/61
2804:94bc:1000:8010::/60
2804:94bc:1000:8020::/59
2804:94bc:1000:8040::/58
2804:94bc:1000:8080::/57
2804:94bc:1000:8100::/56
2804:94bc:1000:8200::/55
2804:94bc:1000:8400::/54
2804:94bc:1000:8800::/53
2804:94bc:1000:9000::/52
2804:94bc:1000:a000::/51
2804:94bc:1000:c000::/50
2804:94bc:1001::/48
2804:94bc:1002::/47
2804:94bc:1004::/46
2804:94bc:1008::/45
2804:94bc:1014::/49
2804:94bc:1014:8000::/52
2804:94bc:1014:9000::/53
2804:94bc:1014:9800::/56
2804:94bc:1014:9a00::/55
2804:94bc:1014:9c00::/54
2804:94bc:1014:a000::/51
2804:94bc:1014:c000::/50
2804:94bc:1015::/50
2804:94bc:1015:4000::/53
2804:94bc:1015:4800::/54
2804:94bc:1015:4c00::/55
2804:94bc:1015:4e00::/56
2804:94bc:1015:5000::/52
2804:94bc:1015:6000::/51
2804:94bc:1015:8000::/52
2804:94bc:1015:9000::/53
2804:94bc:1015:9800::/54
2804:94bc:1015:9d00::/56
2804:94bc:1015:9e00::/55
2804:94bc:1015:a000::/51
2804:94bc:1015:c000::/52
2804:94bc:1015:d000::/53
2804:94bc:1015:d900::/56
2804:94bc:1015:da00::/55
2804:94bc:1015:dc00::/54
2804:94bc:1015:e000::/51
2804:94bc:1016::/53
2804:94bc:1016:800::/54
2804:94bc:1016:d00::/56
2804:94bc:1016:e00::/55
2804:94bc:1016:1000::/52
2804:94bc:1016:2000::/53
2804:94bc:1016:2800::/54
2804:94bc:1016:2c00::/56
2804:94bc:1016:2e00::/55
2804:94bc:1016:3000::/52
2804:94bc:1016:4000::/51
2804:94bc:1016:6000::/53
2804:94bc:1016:6800::/56
2804:94bc:1016:6a00::/55
2804:94bc:1016:6c00::/54
2804:94bc:1016:7000::/52
2804:94bc:1016:8000::/49
2804:94bc:1017::/48
2804:94bc:1018:500::/56
2804:94bc:1018:600::/55
2804:94bc:1018:800::/53
2804:94bc:1018:1000::/52
2804:94bc:1018:2000::/51
2804:94bc:1018:4000::/50
2804:94bc:1018:8000::/49
2804:94bc:1019::/48
2804:94bc:101a::/47
2804:94bc:101c::/46
2804:94bc:1020::/43
2804:94bc:1040::/42
2804:94bc:1080::/41
2804:94bc:1100::/40
2804:94bc:1200::/39
2804:94bc:1400::/38
2804:94bc:1800::/37
2804:94bc:2000::/35
2804:94bc:4000::/34
2804:94bc:8000::/33
2a02:26f7:ecc0::/48
2a02:26f7:ecc1::/48
2a02:26f7:ecc2::/48
2a02:26f7:ecc3::/48
2a02:26f7:ecc4::/48
2a02:26f7:ecc5::/50
2a02:26f7:ecc5:4000::/64
2a02:26f7:ecc5:4100::/56
2a02:26f7:ecc5:4200::/55
2a02:26f7:ecc5:4400::/54
2a02:26f7:ecc5:4800::/53
2a02:26f7:ecc5:5000::/52
2a02:26f7:ecc5:6000::/51
2a02:26f7:ecc5:8000::/49
2a02:26f7:ecc6::/47
2a02:26f7:ecc8:100::/56
2a02:26f7:ecc8:200::/55
2a02:26f7:ecc8:400::/54
2a02:26f7:ecc8:900::/56
2a02:26f7:ecc8:a00::/55
2a02:26f7:ecc8:c00::/54
2a02:26f7:ecc8:1000::/54
2a02:26f7:ecc8:1600::/55
2a02:26f7:ecc8:1800::/53
2a02:26f7:ecc8:2000::/54
2a02:26f7:ecc8:2400::/55
2a02:26f7:ecc8:2600::/56
2a02:26f7:ecc8:2800::/53
2a02:26f7:ecc8:3000::/52
2a02:26f7:ecc8:4000::/53
2a02:26f7:ecc8:4800::/54
2a02:26f7:ecc8:4c00::/56
2a02:26f7:ecc8:4e00::/55
2a02:26f7:ecc8:5100::/56
2a02:26f7:ecc8:5200::/55
2a02:26f7:ecc8:5400::/54
2a02:26f7:ecc8:5800::/53
2a02:26f7:ecc8:6000::/52
2a02:26f7:ecc8:7000::/56
2a02:26f7:ecc8:7200::/55
2a02:26f7:ecc8:7500::/56
2a02:26f7:ecc8:7600::/55
2a02:26f7:ecc8:7800::/53
2a02:26f7:ecc8:8000::/54
2a02:26f7:ecc8:8500::/56
2a02:26f7:ecc8:8600::/55
2a02:26f7:ecc8:8800::/53
2a02:26f7:ecc8:9000::/54
2a02:26f7:ecc8:9400::/55
2a02:26f7:ecc8:9600::/56
2a02:26f7:ecc8:9800::/53
2a02:26f7:ecc8:a000::/51
2a02:26f7:ecc8:c000::/52
2a02:26f7:ecc8:d000::/53
2a02:26f7:ecc8:d800::/54
2a02:26f7:ecc8:dc00::/56
2a02:26f7:ecc8:de00::/55
2a02:26f7:ecc8:e000::/52
2a02:26f7:ecc8:f000::/54
2a02:26f7:ecc8:f400::/55
2a02:26f7:ecc8:f700::/56
2a02:26f7:ecc8:f800::/53
2a02:26f7:ecc9::/48
2a02:26f7:ecca::/47
2a02:26f7:eccc::/48
2a02:26f7:eccd::/50
2a02:26f7:eccd:4000::/64
2a02:26f7:eccd:4100::/56
2a02:26f7:eccd:4200::/55
2a02:26f7:eccd:4400::/54
2a02:26f7:eccd:4800::/53
2a02:26f7:eccd:5000::/52
2a02:26f7:eccd:6000::/51
2a02:26f7:eccd:8000::/49
2a02:26f7:ecce::/47
2a02:26f7:ecd0::/44
2a02:26f7:ece0::/43
2a02:5740:170::/48
2a02:5741:170::/48
2a02:5742:170::/48
2a02:5743:170::/48
2a02:5744:170::/48
2a02:5745:170::/48
2a02:5746:170::/48
2a02:5747:170::/48
2a03:b600:0:dbb::/64
2a03:b600:0:dbc::/62
2a03:b600:0:dc0::/61
2a03:b600:0:dc8::/63
2a04:1d41:ee00::/40
2a04:1d42:ee00::/40
2a04:1d43:ee00::/40
2a04:1d44:ee00::/40
2a04:1d45:ee00::/40
2a04:1d46:ee00::/40
2a04:1d47:ee00::/40
2a04:4e41:11:5f::/64
2a04:4e41:11:3700::/56
2a04:4e41:13:5f::/64
2a04:4e41:22:1f::/64
2a04:4e41:22:2400::/56
2a04:4e41:132a::/48
2a04:4e41:1620::/48
2a04:4e41:401d::/52
2a04:4e41:402d::/52
2a04:4e41:403d::/52
2a04:4e41:404d::/52
2a04:4e41:405d::/52
2a04:4e41:406d::/52
2a04:4e41:407d::/52
2a04:4e41:408d::/52
2a04:4e41:4114::/48
2a04:4e41:7420::/48
2a04:4e41:7814::/48
2a06:9f81:39cf::/48
2a06:9f81:43ef:d200::/56
2a06:9f81:56cf::/48
2a06:de06:38c::/48
2a07:d887:cf00::/40
2a09:4c0:0:d2::/64
2a09:4c0:d700::/40
2a09:54c7:2ece::/48
2a09:bac1:6a80::/64
2a09:bac1:6aa0::/64
2a09:bac1:6ac0::/64
2a09:bac1:6ae0::/64
2a09:bac2:5558::/45
2a09:bac3:5558::/45
2a09:bac4:678::/45
2a09:bac4:1678::/45
2a09:bac5:5648::/45
2a09:bac6:5648::/45
2a0a:6044:77d1::/48
2a0a:79c7:f5c2::/48
2a0c:9a40:95bc::/52
2a0c:9a46:3d1::/48
2a0d:3344:2e00::/40
2a0d:9446:8800::/37
2a0e:97c0:4bd2::/48
2a0f:85c1:81b:f980::/60
2a0f:9403:bd0::/44
2a0f:a302:7000::/37
2a11:29c0:3d88:216b::/64
2a11:29c0:3d88:3121::/64
2a11:29c0:3d88:6a13::/64
2a11:29c0:3d88:7d10::/64
2a11:29c0:3d88:7dd6::/64
2a11:29c0:3d88:99d7::/64
2a11:29c0:3d88:9db1::/64
2a11:3a82:8000::/35
2a12:bec4:12a5:8c91::/64
2a12:bec4:12a5:8c92::/63
2a12:bec4:12a5:8c94::/63
2a12:bec4:12a8:d600::/56
2a12:f381:ee00::/40
2a12:f382:ee00::/40
2a13:82c4:ff72::/48
2a13:a5c3:d194::/46
2a13:a5c7:25d0::/48
2a13:a5c7:25ff:d000::/56
2a13:b487:5038::/48
2a13:ef41:1c2c::/46
2a13:ef41:1c30::/47
2a13:ef41:1c32::/48
2a13:ef41:ac2c::/46
2a13:ef41:ac30::/47
2a13:ef41:ac32::/48
2a13:ef41:f461::/48
2a13:ef41:f462::/47
2a13:ef41:f464::/46
2a13:ef45:cbca::/47
2a13:ef45:cbcc::/46
2a13:ef45:cbd0::/44
2a13:ef45:cbe0::/43
2a13:ef45:cc00::/44
2a14:1c6:8000::/37
2a14:67c1:b6cf::/48
2a14:7581:b10:c400::/56
2a14:7581:b11:c400::/56
2a14:7581:b13:c400::/56
2a14:7581:b16:c400::/56
2a14:7581:b17:c400::/56
2a14:7581:3bc9::/48
2c0f:fa88::/32