5.175.190.60/32
65.198.230.0/24
65.217.50.0/24
65.248.160.0/24
72.252.8.0/21
104.28.13.52/31
104.28.13.54/32
104.28.50.222/31
104.28.50.224/31
104.28.92.196/32
104.28.188.54/31
104.28.188.56/31
104.28.188.58/32
104.28.220.111/32
104.28.220.112/30
104.28.252.111/32
104.28.252.112/30
131.125.105.21/32
131.125.107.34/32
131.161.84.0/22
136.23.23.39/32
136.23.27.23/32
140.248.14.46/31
140.248.46.124/31
140.248.56.210/32
140.248.57.210/32
140.248.58.210/32
140.248.59.210/32
140.248.60.210/32
140.248.61.210/32
140.248.62.210/32
140.248.63.210/32
143.105.124.0/23
146.75.132.180/31
146.75.160.180/31
146.75.234.46/31
146.75.250.46/31
150.48.180.76/31
157.5.67.152/32
157.5.91.151/32
162.120.194.247/32
162.120.202.227/32
164.137.27.0/24
164.137.52.0/24
168.0.84.0/22
168.197.108.0/22
170.0.16.0/22
172.224.236.64/27
172.225.22.0/28
172.225.167.128/27
172.226.13.128/28
172.226.86.32/28
172.226.143.160/27
173.0.71.0/24
190.102.0.0/19
190.123.16.128/28
190.124.216.0/22
200.0.22.0/23
200.7.32.0/19
201.220.0.0/25
201.220.0.128/26
201.220.0.192/29
201.220.0.200/31
201.220.0.204/30
201.220.0.208/28
201.220.0.224/29
201.220.0.232/31
201.220.0.234/32
201.220.0.236/31
201.220.0.240/32
201.220.0.242/32
201.220.0.244/30
201.220.0.248/29
201.220.1.0/24
201.220.2.0/23
201.220.4.0/22
201.220.8.0/23
201.220.10.0/24
201.220.11.0/24
201.220.12.0/24
201.220.14.0/23
204.27.52.0/23
2001:470:36:1a1::/64
2001:470:518a::/48
2001:470:fb4a::/48
2001:13c7:6002::/48
2001:4b28:ec00::/40
2401:b60:1cf0::/44
2401:f1e0:ffff:c6b2:b7a6:919a:cf17:ad3b/128
2405:b500:6b80::/64
2405:b500:6ba0::/64
2405:b500:6bc0::/64
2405:b500:6be0::/64
2600:70ff:a59e::/48
2605:59c0:16c0::/42
2606:40:bc0::/43
2606:40:205e:e000::/51
2606:40:214c:6000::/51
2606:54c0:5578::/45
2606:54c3:0:2ef::/64
2607:8940:269a::/47
2607:8940:269e::/47
2607:8940:4023:9700::/56
2607:8940:4023:9800::/56
2607:8940:4081:2100::/56
2607:8940:4081:2200::/56
2607:8940:40b1:1400::/55
2607:8940:4143:9600::/55
2800:280::/44
2800:280:10:a::/63
2800:280:10:c::/62
2800:280:10:11::/64
2800:280:10:13::/64
2800:280:10:15::/64
2800:280:10:16::/63
2800:280:10:18::/61
2800:280:10:20::/59
2800:280:10:40::/58
2800:280:10:80::/57
2800:280:10:100::/56
2800:280:10:200::/55
2800:280:10:400::/54
2800:280:10:800::/53
2800:280:10:1000::/52
2800:280:10:2000::/51
2800:280:10:4000::/50
2800:280:10:8000::/49
2800:280:11::/48
2800:280:12::/47
2800:280:14::/46
2800:280:18::/45
2800:280:20::/43
2800:280:40::/42
2800:280:80::/41
2800:280:100::/40
2800:280:200::/39
2800:280:400::/38
2800:280:800::/37
2800:280:1000::/36
2800:280:2000::/35
2800:280:4000::/48
2800:280:4002::/47
2800:280:4004::/46
2800:280:4008::/45
2800:280:4010::/44
2800:280:4020::/43
2800:280:4040::/42
2800:280:4080::/41
2800:280:4100::/40
2800:280:4200::/39
2800:280:4400::/38
2800:280:4800::/37
2800:280:5000::/36
2800:280:6000::/35
2800:280:8000::/33
2800:470::/32
2803:51c0::/32
2803:7380::/33
2803:7380:8000::/40
2803:7380:8100::/44
2803:7380:8110::/45
2803:7380:8118::/47
2803:7380:811a::/48
2803:7380:811c::/46
2803:7380:8120::/43
2803:7380:8140::/42
2803:7380:8180::/41
2803:7380:8200::/41
2803:7380:8280::/42
2803:7380:82c0::/44
2803:7380:82d0::/45
2803:7380:82d8::/47
2803:7380:82da::/48
2803:7380:82dc::/46
2803:7380:82e0::/43
2803:7380:8300::/41
2803:7380:8380::/43
2803:7380:83a0::/45
2803:7380:83a8::/46
2803:7380:83ac::/48
2803:7380:83ae::/47
2803:7380:83b0::/44
2803:7380:83c0::/43
2803:7380:83e1::/48
2803:7380:83e2::/47
2803:7380:83e4::/46
2803:7380:83e8::/45
2803:7380:83f0::/44
2803:7380:8400::/39
2803:7380:8601::/48
2803:7380:8602::/47
2803:7380:8604::/46
2803:7380:8608::/45
2803:7380:8610::/44
2803:7380:8620::/43
2803:7380:8640::/43
2803:7380:8660::/44
2803:7380:8670::/46
2803:7380:8674::/47
2803:7380:8676::/48
2803:7380:8678::/45
2803:7380:8680::/41
2803:7380:8700::/42
2803:7380:8740::/44
2803:7380:8750::/48
2803:7380:8752::/47
2803:7380:8754::/46
2803:7380:8758::/45
2803:7380:8760::/43
2803:7380:8780::/41
2803:7380:8800::/41
2803:7380:8880::/42
2803:7380:88c0::/43
2803:7380:88e0::/46
2803:7380:88e5::/48
2803:7380:88e6::/47
2803:7380:88e8::/45
2803:7380:88f0::/44
2803:7380:8900::/40
2803:7380:8a00::/40
2803:7380:8b00::/41
2803:7380:8b80::/42
2803:7380:8bc0::/43
2803:7380:8be0::/46
2803:7380:8be4::/47
2803:7380:8be7::/48
2803:7380:8be8::/45
2803:7380:8bf0::/44
2803:7380:8c00::/41
2803:7380:8c80::/45
2803:7380:8c89::/48
2803:7380:8c8a::/47
2803:7380:8c8c::/46
2803:7380:8c90::/44
2803:7380:8ca0::/43
2803:7380:8cc0::/42
2803:7380:8d00::/40
2803:7380:8e00::/39
2803:7380:9000::/44
2803:7380:9010::/45
2803:7380:9018::/46
2803:7380:901c::/47
2803:7380:901e::/48
2803:7380:9020::/43
2803:7380:9040::/42
2803:7380:9080::/41
2803:7380:9100::/40
2803:7380:9200::/39
2803:7380:9400::/38
2803:7380:9800::/37
2803:7380:a000::/35
2803:7380:c000::/39
2803:7380:c200::/45
2803:7380:c208::/48
2803:7380:c20a::/47
2803:7380:c20c::/46
2803:7380:c210::/44
2803:7380:c220::/43
2803:7380:c240::/42
2803:7380:c280::/43
2803:7380:c2a0::/44
2803:7380:c2b0::/45
2803:7380:c2b8::/48
2803:7380:c2ba::/47
2803:7380:c2bc::/46
2803:7380:c2c0::/42
2803:7380:c300::/40
2803:7380:c400::/40
2803:7380:c500::/41
2803:7380:c580::/43
2803:7380:c5a0::/45
2803:7380:c5a8::/48
2803:7380:c5aa::/47
2803:7380:c5ac::/46
2803:7380:c5b0::/44
2803:7380:c5c0::/42
2803:7380:c600::/39
2803:7380:c800::/38
2803:7380:cc00::/43
2803:7380:cc20::/44
2803:7380:cc30::/46
2803:7380:cc35::/48
2803:7380:cc36::/47
2803:7380:cc38::/45
2803:7380:cc40::/42
2803:7380:cc80::/41
2803:7380:cd00::/40
2803:7380:ce00::/41
2803:7380:ce80::/42
2803:7380:cec0::/44
2803:7380:ced0::/46
2803:7380:ced5::/48
2803:7380:ced6::/47
2803:7380:ced8::/45
2803:7380:cee0::/43
2803:7380:cf00::/42
2803:7380:cf40::/43
2803:7380:cf60::/45
2803:7380:cf69::/48
2803:7380:cf6a::/47
2803:7380:cf6c::/46
2803:7380:cf70::/44
2803:7380:cf80::/41
2803:7380:d000::/41
2803:7380:d080::/42
2803:7380:d0c0::/45
2803:7380:d0c8::/48
2803:7380:d0ca::/47
2803:7380:d0cc::/46
2803:7380:d0d0::/44
2803:7380:d0e0::/43
2803:7380:d100::/40
2803:7380:d200::/40
2803:7380:d300::/42
2803:7380:d340::/45
2803:7380:d348::/47
2803:7380:d34b::/48
2803:7380:d34c::/46
2803:7380:d350::/44
2803:7380:d360::/43
2803:7380:d380::/41
2803:7380:d400::/39
2803:7380:d600::/41
2803:7380:d680::/44
2803:7380:d690::/46
2803:7380:d694::/47
2803:7380:d696::/48
2803:7380:d698::/45
2803:7380:d6a0::/43
2803:7380:d6c0::/42
2803:7380:d700::/40
2803:7380:d800::/40
2803:7380:d900::/41
2803:7380:d980::/43
2803:7380:d9a0::/46
2803:7380:d9a5::/48
2803:7380:d9a6::/47
2803:7380:d9a8::/45
2803:7380:d9b0::/44
2803:7380:d9c0::/42
2803:7380:da00::/42
2803:7380:da40::/44
2803:7380:da50::/46
2803:7380:da55::/48
2803:7380:da56::/47
2803:7380:da58::/45
2803:7380:da60::/43
2803:7380:da80::/41
2803:7380:db00::/40
2803:7380:dc00::/38
2803:7380:e000::/35
2803:b340::/32
2803:f940::/32
2a02:26f7:b4c0::/48
2a02:26f7:b4c1::/48
2a02:26f7:b4c2::/48
2a02:26f7:b4c3::/48
2a02:26f7:b4c4::/48
2a02:26f7:b4c5::/50
2a02:26f7:b4c5:4000::/64
2a02:26f7:b4c5:4100::/56
2a02:26f7:b4c5:4200::/55
2a02:26f7:b4c5:4400::/54
2a02:26f7:b4c5:4800::/53
2a02:26f7:b4c5:5000::/52
2a02:26f7:b4c5:6000::/51
2a02:26f7:b4c5:8000::/49
2a02:26f7:b4c6::/47
2a02:26f7:b4c8::/48
2a02:26f7:b4c9::/50
2a02:26f7:b4c9:4000::/64
2a02:26f7:b4c9:4100::/56
2a02:26f7:b4c9:4200::/55
2a02:26f7:b4c9:4400::/54
2a02:26f7:b4c9:4800::/53
2a02:26f7:b4c9:5000::/52
2a02:26f7:b4c9:6000::/51
2a02:26f7:b4c9:8000::/49
2a02:26f7:b4ca::/47
2a02:26f7:b4cc::/48
2a02:26f7:b4cd::/50
2a02:26f7:b4cd:4000::/64
2a02:26f7:b4cd:4100::/56
2a02:26f7:b4cd:4200::/55
2a02:26f7:b4cd:4400::/54
2a02:26f7:b4cd:4800::/53
2a02:26f7:b4cd:5000::/52
2a02:26f7:b4cd:6000::/51
2a02:26f7:b4cd:8000::/49
2a02:26f7:b4ce::/47
2a02:26f7:b4d0::/48
2a02:26f7:b4d1::/50
2a02:26f7:b4d1:4000::/64
2a02:26f7:b4d1:4100::/56
2a02:26f7:b4d1:4200::/55
2a02:26f7:b4d1:4400::/54
2a02:26f7:b4d1:4800::/53
2a02:26f7:b4d1:5000::/52
2a02:26f7:b4d1:6000::/51
2a02:26f7:b4d1:8000::/49
2a02:26f7:b4d2::/47
2a02:26f7:b4d4::/46
2a02:26f7:b4d8::/45
2a02:26f7:b4e0::/43
2a03:b600:0:1183::/64
2a03:b600:0:1184::/62
2a03:b600:0:1188::/61
2a03:b600:0:1190::/63
2a04:1d41:ec00::/40
2a04:1d42:ec00::/40
2a04:1d43:ec00::/40
2a04:1d44:ec00::/40
2a04:1d45:ec00::/40
2a04:1d46:ec00::/40
2a04:1d47:ec00::/40
2a04:4e41:5:117::/64
2a04:4e41:5:1f00::/56
2a04:4e41:7:1f00::/56
2a04:4e41:e:144::/64
2a04:4e41:f:5a::/64
2a04:4e41:f:4000::/56
2a04:4e41:16:144::/64
2a04:4e41:16:3b00::/56
2a04:4e41:54:1f00::/56
2a04:4e41:3a3b::/48
2a04:4e41:3e1f::/48
2a04:4e41:401d:2000::/52
2a04:4e41:402d:2000::/52
2a04:4e41:403d:2000::/52
2a04:4e41:404d:2000::/52
2a04:4e41:405d:2000::/52
2a04:4e41:406d:2000::/52
2a04:4e41:407d:2000::/52
2a04:4e41:408d:2000::/52
2a04:4e41:5e31::/48
2a04:4e41:701f::/48
2a04:4e41:721f::/48
2a04:4e41:7631::/48
2a05:dfc1:5adb::/48
2a06:9f81:39d1::/48
2a06:9f81:43ef:d400::/56
2a06:9f81:56d1::/48
2a07:d887:d100::/40
2a09:4c0:0:d4::/64
2a09:54c7:2ed4::/48
2a09:bac1:6b80::/64
2a09:bac1:6ba0::/64
2a09:bac1:6bc0::/64
2a09:bac1:6be0::/64
2a09:bac2:5578::/45
2a09:bac3:5578::/45
2a09:bac4:688::/45
2a09:bac4:1688::/45
2a09:bac5:5668::/45
2a09:bac6:5668::/45
2a0a:6044:77d3::/48
2a0c:9a40:95bc:7000::/52
2a0c:9a46:3d3::/48
2a0d:2587:7fcb:1::/64
2a0d:2587:7fcb:2::/63
2a0d:2587:7fcb:4::/62
2a0d:2587:7fcb:8::/61
2a0d:2587:7fcb:10::/60
2a0d:2587:7fcb:20::/59
2a0d:2587:7fcb:40::/58
2a0d:2587:7fcb:80::/57
2a0d:2587:7fcb:100::/56
2a0d:2587:7fcb:200::/55
2a0d:2587:7fcb:400::/54
2a0d:2587:7fcb:800::/53
2a0d:2587:7fcb:1000::/52
2a0d:2587:7fcb:2000::/51
2a0d:2587:7fcb:4000::/50
2a0d:2587:7fcb:8000::/49
2a0d:9443:e800::/37
2a0e:97c1:8a24::/48
2a0f:1cc5:b10:9a00::/56
2a0f:1cc5:b11:9a00::/56
2a0f:1cc5:b12:9a00::/56
2a0f:1cc5:b13:9a00::/56
2a0f:1cc5:b14:9a00::/56
2a0f:1cc5:b15:9a00::/56
2a0f:1cc5:b16:9a00::/56
2a0f:1cc5:b17:9a00::/56
2a0f:a303:5800::/37
2a11:29c0:3d88:77e2::/64
2a11:29c0:3d88:ba77::/64
2a11:3a82:c000::/35
2a12:bec4:12a4:4e3::/64
2a12:bec4:12a4:4e4::/62
2a12:bec4:12a4:4e8::/61
2a12:bec4:12a4:4f0::/62
2a12:bec4:12a4:4f4::/63
2a12:bec4:12a4:4f6::/64
2a12:bec4:12a8:d800::/56
2a12:f005:2000::/36
2a12:f381:ec00::/40
2a12:f382:ec00::/40
2a13:a5c7:25d2::/48
2a13:a5c7:25ff:d200::/56
2a14:1c3:e000::/37
2a14:67c1:b6d1::/48
2a14:7581:b10:9a00::/56
2a14:7581:b11:9a00::/56
2a14:7581:b13:9a00::/56
2a14:7581:b15:9a00::/56
2a14:7581:b16:9a00::/56
2a14:7581:b17:9a00::/56
2a14:7581:3bd0::/48