41.78.136.0/22
41.207.160.0/19
57.82.148.0/23
57.85.16.0/20
66.102.36.0/26
80.248.64.0/20
95.210.138.0/23
102.64.128.0/17
102.164.226.0/23
102.164.228.0/22
102.164.232.0/21
102.176.252.0/22
102.208.105.0/24
102.211.168.0/29
102.211.168.8/31
102.211.168.10/32
102.211.168.12/30
102.211.168.16/28
102.211.168.32/32
102.211.168.35/32
102.211.168.36/31
102.211.168.39/32
102.211.168.40/32
102.211.168.42/31
102.211.168.44/30
102.211.168.48/28
102.211.168.64/28
102.211.168.80/31
102.211.168.83/32
102.211.168.84/30
102.211.168.88/29
102.211.168.96/27
102.211.168.128/25
102.212.92.0/22
102.217.12.0/24
102.217.13.0/24
102.217.14.0/23
104.28.13.70/31
104.28.13.72/32
104.28.21.146/31
104.28.21.148/30
104.28.34.182/31
104.28.60.215/32
104.28.60.216/32
104.28.87.119/32
104.28.87.120/32
104.28.88.144/31
104.28.96.174/31
104.28.193.149/32
104.28.193.150/31
104.28.193.152/31
104.28.193.154/32
104.28.225.149/32
104.28.225.150/31
104.28.225.152/31
104.28.225.154/32
136.23.4.184/32
136.23.21.38/32
140.248.24.88/31
140.248.40.194/31
140.248.41.88/31
140.248.56.216/32
140.248.57.216/32
140.248.58.216/32
140.248.59.216/32
140.248.60.216/32
140.248.61.216/32
140.248.62.216/32
140.248.63.216/32
146.75.168.178/31
146.75.185.178/31
150.48.152.108/30
150.48.152.112/30
154.70.80.0/20
156.38.64.0/19
157.5.101.180/32
157.5.109.180/32
159.26.127.168/30
159.254.14.0/24
160.242.192.0/21
160.242.200.0/24
160.242.201.0/24
160.242.202.0/23
160.242.204.0/22
160.242.208.0/20
160.242.224.0/19
162.120.204.82/32
162.120.208.11/32
163.116.174.220/31
163.116.183.107/32
163.116.183.108/32
163.116.190.106/31
163.116.236.94/31
163.116.242.142/31
164.137.149.0/24
172.225.176.192/27
172.225.179.16/28
172.225.197.64/28
172.226.70.16/28
185.112.133.25/32
196.48.191.0/24
196.49.44.0/24
196.56.191.0/24
196.57.191.0/24
196.58.191.0/24
196.60.42.0/24
196.168.0.0/20
196.168.16.0/21
196.168.24.0/22
196.168.28.0/25
196.168.28.200/29
196.168.29.0/24
196.168.30.0/23
196.168.32.0/19
196.168.64.0/18
196.168.128.0/17
196.169.0.0/16
196.170.0.0/15
196.197.191.0/24
196.198.191.0/24
196.199.191.0/24
197.148.96.0/19
213.156.254.17/32
2001:470:6d:3c3::/64
2001:67c:a38:f228::/64
2001:43f8:d10::/47
2001:43f8:1110::/48
2001:4b28:e600::/40
2401:b60:1e60::/44
2405:b500:6e80::/64
2405:b500:6ea0::/64
2405:b500:6ec0::/64
2405:b500:6ee0::/64
2606:40:11e0::/44
2606:40:1b80::/44
2606:40:2201:6000::/54
2606:40:2201:6800::/53
2606:40:2201:7000::/52
2606:40:22e2:4000::/51
2606:54c0:55b8::/45
2606:54c3:0:1961::/64
2607:8940:21d2::/47
2607:8940:21d6::/47
2607:8940:4171:b300::/56
2607:8940:4171:b400::/56
2607:8940:4191:b300::/56
2607:8940:4191:b400::/56
2620:0:876:8900::/56
2a00:ca0:2003:2000::/52
2a00:ca0:203b:4000::/50
2a02:26f7:c440::/48
2a02:26f7:c441::/48
2a02:26f7:c442::/48
2a02:26f7:c443::/48
2a02:26f7:c444::/48
2a02:26f7:c445::/48
2a02:26f7:c446:100::/56
2a02:26f7:c446:200::/55
2a02:26f7:c446:400::/54
2a02:26f7:c446:800::/53
2a02:26f7:c446:1000::/52
2a02:26f7:c446:2000::/51
2a02:26f7:c446:4000::/50
2a02:26f7:c446:8000::/49
2a02:26f7:c447::/48
2a02:26f7:c448:100::/56
2a02:26f7:c448:200::/55
2a02:26f7:c448:400::/55
2a02:26f7:c448:700::/56
2a02:26f7:c448:900::/56
2a02:26f7:c448:a00::/55
2a02:26f7:c448:c00::/54
2a02:26f7:c448:1000::/52
2a02:26f7:c448:2000::/51
2a02:26f7:c448:4800::/53
2a02:26f7:c448:5000::/52
2a02:26f7:c448:6000::/54
2a02:26f7:c448:6500::/56
2a02:26f7:c448:6600::/55
2a02:26f7:c448:6800::/53
2a02:26f7:c448:7000::/56
2a02:26f7:c448:7200::/55
2a02:26f7:c448:7400::/54
2a02:26f7:c448:7800::/53
2a02:26f7:c448:8000::/54
2a02:26f7:c448:8500::/56
2a02:26f7:c448:8600::/55
2a02:26f7:c448:8800::/53
2a02:26f7:c448:9000::/52
2a02:26f7:c448:a000::/54
2a02:26f7:c448:a400::/55
2a02:26f7:c448:a600::/56
2a02:26f7:c448:a800::/53
2a02:26f7:c448:b000::/56
2a02:26f7:c448:b200::/55
2a02:26f7:c448:b400::/54
2a02:26f7:c448:b800::/53
2a02:26f7:c448:c000::/53
2a02:26f7:c448:c800::/54
2a02:26f7:c448:cc00::/55
2a02:26f7:c448:ce00::/56
2a02:26f7:c448:d000::/52
2a02:26f7:c448:e000::/51
2a02:26f7:c449::/48
2a02:26f7:c44a::/47
2a02:26f7:c44c::/48
2a02:26f7:c44d::/48
2a02:26f7:c44e::/47
2a02:26f7:c450::/44
2a02:26f7:c460:100::/56
2a02:26f7:c460:200::/55
2a02:26f7:c460:400::/54
2a02:26f7:c460:800::/53
2a02:26f7:c460:1000::/52
2a02:26f7:c460:2000::/51
2a02:26f7:c460:4000::/50
2a02:26f7:c460:8000::/49
2a02:26f7:c461::/48
2a02:26f7:c462::/47
2a02:26f7:c464::/46
2a02:26f7:c468::/45
2a02:26f7:c470::/44
2a02:5740:191::/48
2a02:5741:191::/48
2a02:5742:191::/48
2a02:5743:191::/48
2a02:5744:191::/48
2a02:5745:191::/48
2a02:5746:191::/48
2a02:5747:191::/48
2a03:b600:0:e42::/63
2a03:b600:0:e44::/62
2a03:b600:0:e48::/61
2a03:b600:0:e50::/64
2a04:1d41:e600::/40
2a04:1d42:e600::/40
2a04:1d43:e600::/40
2a04:1d44:e600::/40
2a04:1d45:e600::/40
2a04:1d46:e600::/40
2a04:1d47:e600::/40
2a04:4e41:11:61::/64
2a04:4e41:11:3900::/56
2a04:4e41:13:2c::/64
2a04:4e41:13:61::/64
2a04:4e41:13:2400::/56
2a04:4e41:1f:2c::/64
2a04:4e41:5d:2c::/64
2a04:4e41:5d:2400::/56
2a04:4e41:813::/48
2a04:4e41:132c::/48
2a04:4e41:1622::/48
2a04:4e41:401d:8000::/52
2a04:4e41:402d:8000::/52
2a04:4e41:403d:8000::/52
2a04:4e41:404d:8000::/52
2a04:4e41:405d:8000::/52
2a04:4e41:406d:8000::/52
2a04:4e41:407d:8000::/52
2a04:4e41:408d:8000::/52
2a04:4e41:4813::/48
2a04:4e41:7422::/48
2a06:9f81:39d7::/48
2a06:9f81:43ef:da00::/56
2a06:9f81:56d7::/48
2a07:d887:d700::/40
2a09:4c0:0:da::/64
2a09:54c7:2ed9::/48
2a09:bac1:6e80::/64
2a09:bac1:6ea0::/64
2a09:bac1:6ec0::/64
2a09:bac1:6ee0::/64
2a09:bac2:55b8::/45
2a09:bac3:55b8::/45
2a09:bac4:6b8::/45
2a09:bac4:16b8::/45
2a09:bac5:56a8::/45
2a09:bac6:56a8::/45
2a0a:6044:77d9::/48
2a0a:6044:fb6a::/47
2a0a:6044:fb6c::/46
2a0a:6044:fb70::/45
2a0a:6044:fb78::/48
2a0c:9a40:95bd:c000::/52
2a0c:9a46:3d9::/48
2a0d:9441:f000::/37
2a0f:85c1:81b:fb10::/60
2a0f:9403:c60::/44
2a0f:a301:4800::/37
2a10:500:3a00::/40
2a10:9007:2:1e::/64
2a10:ccc1:10e::/48
2a11:29c0:3d88:1e54::/64
2a11:29c0:3d88:e62d::/64
2a11:3a83:6000::/35
2a11:f143:a000::/36
2a12:bec4:12a5:9022::/63
2a12:bec4:12a5:9024::/62
2a12:bec4:12a5:9028::/61
2a12:bec4:12a5:9030::/61
2a12:bec4:12a8:de00::/56
2a12:f381:e600::/40
2a12:f382:e600::/40
2a13:a5c3:d1b8::/46
2a13:a5c7:25d8::/48
2a13:a5c7:25ff:d800::/56
2a13:ef41:1c6a::/47
2a13:ef41:1c6c::/47
2a13:ef41:1c6e::/48
2a13:ef41:ac6a::/47
2a13:ef41:ac6c::/47
2a13:ef41:ac6e::/48
2a13:ef41:f4ba::/47
2a13:ef41:f4bc::/47
2a13:ef41:f4be::/48
2a13:ef45:cf44::/46
2a13:ef45:cf48::/45
2a13:ef45:cf50::/44
2a13:ef45:cf60::/44
2a13:ef45:cf70::/46
2a13:ef45:cf74::/47
2a14:1c1:e800::/37
2a14:67c1:b6d7::/48
2a14:7581:b10:dd00::/56
2a14:7581:b11:dd00::/56
2a14:7581:b13:dd00::/56
2a14:7581:b16:dd00::/56
2a14:7581:b17:dd00::/56
2a14:7581:3be5::/48
2c0f:2a80:840::/42
2c0f:4080::/32
2c0f:58c0::/32
2c0f:7e00:1::/48
2c0f:7e00:2::/47
2c0f:7e00:4::/46
2c0f:7e00:8::/45
2c0f:7e00:10::/44
2c0f:7e00:20::/43
2c0f:7e00:40::/42
2c0f:7e00:80::/41
2c0f:7e00:100::/40
2c0f:7e00:200::/39
2c0f:7e00:400::/38
2c0f:7e00:800::/37
2c0f:7e00:1000::/36
2c0f:7e00:2000::/35
2c0f:7e00:4000::/34
2c0f:7e00:8000::/33
2c0f:f0f8::/39
2c0f:f0f8:200::/49
2c0f:f0f8:200:8000::/51
2c0f:f0f8:200:a000::/53
2c0f:f0f8:200:a800::/55
2c0f:f0f8:200:aa00::/56
2c0f:f0f8:200:ab01::/64
2c0f:f0f8:200:ab02::/63
2c0f:f0f8:200:ab04::/62
2c0f:f0f8:200:ab08::/61
2c0f:f0f8:200:ab10::/60
2c0f:f0f8:200:ab20::/59
2c0f:f0f8:200:ab40::/58
2c0f:f0f8:200:ab80::/57
2c0f:f0f8:200:ac00::/54
2c0f:f0f8:200:b000::/52
2c0f:f0f8:200:c000::/50
2c0f:f0f8:201::/48
2c0f:f0f8:202::/47
2c0f:f0f8:204::/49
2c0f:f0f8:204:8000::/53
2c0f:f0f8:204:8800::/54
2c0f:f0f8:204:8c00::/56
2c0f:f0f8:204:8d01::/64
2c0f:f0f8:204:8d02::/63
2c0f:f0f8:204:8d04::/62
2c0f:f0f8:204:8d08::/61
2c0f:f0f8:204:8d10::/60
2c0f:f0f8:204:8d20::/59
2c0f:f0f8:204:8d40::/58
2c0f:f0f8:204:8d80::/57
2c0f:f0f8:204:8e00::/55
2c0f:f0f8:204:9000::/52
2c0f:f0f8:204:a000::/51
2c0f:f0f8:204:c000::/50
2c0f:f0f8:205::/48
2c0f:f0f8:206::/48
2c0f:f0f8:207::/52
2c0f:f0f8:207:1000::/54
2c0f:f0f8:207:1400::/55
2c0f:f0f8:207:1601::/64
2c0f:f0f8:207:1602::/63
2c0f:f0f8:207:1604::/62
2c0f:f0f8:207:1608::/61
2c0f:f0f8:207:1610::/60
2c0f:f0f8:207:1620::/59
2c0f:f0f8:207:1640::/58
2c0f:f0f8:207:1680::/57
2c0f:f0f8:207:1700::/56
2c0f:f0f8:207:1800::/53
2c0f:f0f8:207:2000::/51
2c0f:f0f8:207:4000::/50
2c0f:f0f8:207:8000::/50
2c0f:f0f8:207:c000::/52
2c0f:f0f8:207:d000::/53
2c0f:f0f8:207:d800::/55
2c0f:f0f8:207:da00::/56
2c0f:f0f8:207:db01::/64
2c0f:f0f8:207:db02::/63
2c0f:f0f8:207:db04::/62
2c0f:f0f8:207:db08::/61
2c0f:f0f8:207:db10::/60
2c0f:f0f8:207:db20::/59
2c0f:f0f8:207:db40::/58
2c0f:f0f8:207:db80::/57
2c0f:f0f8:207:dc00::/54
2c0f:f0f8:207:e000::/51
2c0f:f0f8:208::/48
2c0f:f0f8:209::/49
2c0f:f0f8:209:8000::/50
2c0f:f0f8:209:c000::/52
2c0f:f0f8:209:d000::/53
2c0f:f0f8:209:d800::/55
2c0f:f0f8:209:da01::/64
2c0f:f0f8:209:da02::/63
2c0f:f0f8:209:da04::/62
2c0f:f0f8:209:da08::/61
2c0f:f0f8:209:da10::/60
2c0f:f0f8:209:da20::/59
2c0f:f0f8:209:da40::/58
2c0f:f0f8:209:da80::/57
2c0f:f0f8:209:db00::/56
2c0f:f0f8:209:dc00::/54
2c0f:f0f8:209:e000::/51
2c0f:f0f8:20a::/47
2c0f:f0f8:20c::/46
2c0f:f0f8:210::/47
2c0f:f0f8:212::/48
2c0f:f0f8:213::/49
2c0f:f0f8:213:8000::/50
2c0f:f0f8:213:c000::/55
2c0f:f0f8:213:c200::/56
2c0f:f0f8:213:c301::/64
2c0f:f0f8:213:c302::/63
2c0f:f0f8:213:c304::/62
2c0f:f0f8:213:c308::/61
2c0f:f0f8:213:c310::/60
2c0f:f0f8:213:c320::/59
2c0f:f0f8:213:c340::/58
2c0f:f0f8:213:c380::/57
2c0f:f0f8:213:c400::/54
2c0f:f0f8:213:c800::/53
2c0f:f0f8:213:d000::/52
2c0f:f0f8:213:e000::/51
2c0f:f0f8:214::/46
2c0f:f0f8:218::/45
2c0f:f0f8:220::/43
2c0f:f0f8:240::/42
2c0f:f0f8:280::/41
2c0f:f0f8:300::/40
2c0f:f0f8:400::/40
2c0f:f0f8:500::/44
2c0f:f0f8:510::/46
2c0f:f0f8:514::/49
2c0f:f0f8:514:8000::/50
2c0f:f0f8:514:c000::/54
2c0f:f0f8:514:c400::/55
2c0f:f0f8:514:c600::/56
2c0f:f0f8:514:c701::/64
2c0f:f0f8:514:c702::/63
2c0f:f0f8:514:c704::/62
2c0f:f0f8:514:c708::/61
2c0f:f0f8:514:c710::/60
2c0f:f0f8:514:c720::/59
2c0f:f0f8:514:c740::/58
2c0f:f0f8:514:c780::/57
2c0f:f0f8:514:c800::/53
2c0f:f0f8:514:d000::/52
2c0f:f0f8:514:e000::/51
2c0f:f0f8:515::/48
2c0f:f0f8:516::/47
2c0f:f0f8:518::/45
2c0f:f0f8:520::/43
2c0f:f0f8:540::/42
2c0f:f0f8:580::/41
2c0f:f0f8:600::/46
2c0f:f0f8:604::/52
2c0f:f0f8:604:1000::/53
2c0f:f0f8:604:1801::/64
2c0f:f0f8:604:1802::/63
2c0f:f0f8:604:1804::/62
2c0f:f0f8:604:1808::/61
2c0f:f0f8:604:1810::/60
2c0f:f0f8:604:1820::/59
2c0f:f0f8:604:1840::/58
2c0f:f0f8:604:1880::/57
2c0f:f0f8:604:1900::/56
2c0f:f0f8:604:1a00::/55
2c0f:f0f8:604:1c00::/54
2c0f:f0f8:604:2000::/51
2c0f:f0f8:604:4000::/50
2c0f:f0f8:604:8000::/49
2c0f:f0f8:605::/48
2c0f:f0f8:606::/47
2c0f:f0f8:608::/45
2c0f:f0f8:610::/44
2c0f:f0f8:620::/47
2c0f:f0f8:622::/50
2c0f:f0f8:622:4000::/51
2c0f:f0f8:622:6000::/52
2c0f:f0f8:622:7000::/53
2c0f:f0f8:622:7801::/64
2c0f:f0f8:622:7802::/63
2c0f:f0f8:622:7804::/62
2c0f:f0f8:622:7808::/61
2c0f:f0f8:622:7810::/60
2c0f:f0f8:622:7820::/59
2c0f:f0f8:622:7840::/58
2c0f:f0f8:622:7880::/57
2c0f:f0f8:622:7900::/56
2c0f:f0f8:622:7a00::/55
2c0f:f0f8:622:7c00::/54
2c0f:f0f8:622:8000::/49
2c0f:f0f8:623::/48
2c0f:f0f8:624::/46
2c0f:f0f8:628::/51
2c0f:f0f8:628:2000::/52
2c0f:f0f8:628:3000::/55
2c0f:f0f8:628:3201::/64
2c0f:f0f8:628:3202::/63
2c0f:f0f8:628:3204::/62
2c0f:f0f8:628:3208::/61
2c0f:f0f8:628:3210::/60
2c0f:f0f8:628:3220::/59
2c0f:f0f8:628:3240::/58
2c0f:f0f8:628:3280::/57
2c0f:f0f8:628:3300::/56
2c0f:f0f8:628:3400::/54
2c0f:f0f8:628:3800::/53
2c0f:f0f8:628:4000::/50
2c0f:f0f8:628:8000::/49
2c0f:f0f8:629::/48
2c0f:f0f8:62a::/48
2c0f:f0f8:62b::/50
2c0f:f0f8:62b:4000::/52
2c0f:f0f8:62b:5000::/53
2c0f:f0f8:62b:5800::/54
2c0f:f0f8:62b:5c00::/56
2c0f:f0f8:62b:5d01::/64
2c0f:f0f8:62b:5d02::/63
2c0f:f0f8:62b:5d04::/62
2c0f:f0f8:62b:5d08::/61
2c0f:f0f8:62b:5d10::/60
2c0f:f0f8:62b:5d20::/59
2c0f:f0f8:62b:5d40::/58
2c0f:f0f8:62b:5d80::/57
2c0f:f0f8:62b:5e00::/55
2c0f:f0f8:62b:6000::/51
2c0f:f0f8:62b:8000::/49
2c0f:f0f8:62c::/46
2c0f:f0f8:630::/44
2c0f:f0f8:640::/48
2c0f:f0f8:641::/50
2c0f:f0f8:641:4000::/52
2c0f:f0f8:641:5000::/53
2c0f:f0f8:641:5800::/54
2c0f:f0f8:641:5c00::/55
2c0f:f0f8:641:5e00::/56
2c0f:f0f8:641:5f01::/64
2c0f:f0f8:641:5f02::/63
2c0f:f0f8:641:5f04::/62
2c0f:f0f8:641:5f08::/61
2c0f:f0f8:641:5f10::/60
2c0f:f0f8:641:5f20::/59
2c0f:f0f8:641:5f40::/58
2c0f:f0f8:641:5f80::/57
2c0f:f0f8:641:6000::/51
2c0f:f0f8:641:8000::/49
2c0f:f0f8:642::/47
2c0f:f0f8:644::/47
2c0f:f0f8:646::/48
2c0f:f0f8:647::/50
2c0f:f0f8:647:4000::/51
2c0f:f0f8:647:6000::/54
2c0f:f0f8:647:6400::/55
2c0f:f0f8:647:6601::/64
2c0f:f0f8:647:6602::/63
2c0f:f0f8:647:6604::/62
2c0f:f0f8:647:6608::/61
2c0f:f0f8:647:6610::/60
2c0f:f0f8:647:6620::/59
2c0f:f0f8:647:6640::/58
2c0f:f0f8:647:6680::/57
2c0f:f0f8:647:6700::/56
2c0f:f0f8:647:6800::/53
2c0f:f0f8:647:7000::/52
2c0f:f0f8:647:8000::/49
2c0f:f0f8:648::/48
2c0f:f0f8:649::/51
2c0f:f0f8:649:2000::/55
2c0f:f0f8:649:2200::/56
2c0f:f0f8:649:2301::/64
2c0f:f0f8:649:2302::/63
2c0f:f0f8:649:2304::/62
2c0f:f0f8:649:2308::/61
2c0f:f0f8:649:2310::/60
2c0f:f0f8:649:2320::/59
2c0f:f0f8:649:2340::/58
2c0f:f0f8:649:2380::/57
2c0f:f0f8:649:2400::/54
2c0f:f0f8:649:2800::/53
2c0f:f0f8:649:3000::/52
2c0f:f0f8:649:4000::/50
2c0f:f0f8:649:8000::/49
2c0f:f0f8:64a::/47
2c0f:f0f8:64c::/46
2c0f:f0f8:650::/46
2c0f:f0f8:654::/47
2c0f:f0f8:656::/49
2c0f:f0f8:656:8000::/50
2c0f:f0f8:656:c000::/51
2c0f:f0f8:656:e000::/52
2c0f:f0f8:656:f000::/55
2c0f:f0f8:656:f200::/56
2c0f:f0f8:656:f301::/64
2c0f:f0f8:656:f302::/63
2c0f:f0f8:656:f304::/62
2c0f:f0f8:656:f308::/61
2c0f:f0f8:656:f310::/60
2c0f:f0f8:656:f320::/59
2c0f:f0f8:656:f340::/58
2c0f:f0f8:656:f380::/57
2c0f:f0f8:656:f400::/54
2c0f:f0f8:656:f800::/53
2c0f:f0f8:657::/48
2c0f:f0f8:658::/47
2c0f:f0f8:65a::/48
2c0f:f0f8:65b::/52
2c0f:f0f8:65b:1000::/53
2c0f:f0f8:65b:1800::/56
2c0f:f0f8:65b:1901::/64
2c0f:f0f8:65b:1902::/63
2c0f:f0f8:65b:1904::/62
2c0f:f0f8:65b:1908::/61
2c0f:f0f8:65b:1910::/60
2c0f:f0f8:65b:1920::/59
2c0f:f0f8:65b:1940::/58
2c0f:f0f8:65b:1980::/57
2c0f:f0f8:65b:1a00::/55
2c0f:f0f8:65b:1c00::/54
2c0f:f0f8:65b:2000::/51
2c0f:f0f8:65b:4000::/50
2c0f:f0f8:65b:8000::/49
2c0f:f0f8:65c::/46
2c0f:f0f8:660::/45
2c0f:f0f8:668::/46
2c0f:f0f8:66c::/47
2c0f:f0f8:66e::/48
2c0f:f0f8:66f::/49
2c0f:f0f8:66f:8000::/50
2c0f:f0f8:66f:c000::/51
2c0f:f0f8:66f:e000::/52
2c0f:f0f8:66f:f000::/53
2c0f:f0f8:66f:f800::/54
2c0f:f0f8:66f:fc01::/64
2c0f:f0f8:66f:fc02::/63
2c0f:f0f8:66f:fc04::/62
2c0f:f0f8:66f:fc08::/61
2c0f:f0f8:66f:fc10::/60
2c0f:f0f8:66f:fc20::/59
2c0f:f0f8:66f:fc40::/58
2c0f:f0f8:66f:fc80::/57
2c0f:f0f8:66f:fd00::/56
2c0f:f0f8:66f:fe00::/55
2c0f:f0f8:670::/44
2c0f:f0f8:680::/47
2c0f:f0f8:682::/48
2c0f:f0f8:683::/50
2c0f:f0f8:683:4000::/51
2c0f:f0f8:683:6000::/55
2c0f:f0f8:683:6200::/56
2c0f:f0f8:683:6301::/64
2c0f:f0f8:683:6302::/63
2c0f:f0f8:683:6304::/62
2c0f:f0f8:683:6308::/61
2c0f:f0f8:683:6310::/60
2c0f:f0f8:683:6320::/59
2c0f:f0f8:683:6340::/58
2c0f:f0f8:683:6380::/57
2c0f:f0f8:683:6400::/54
2c0f:f0f8:683:6800::/53
2c0f:f0f8:683:7000::/52
2c0f:f0f8:683:8000::/49
2c0f:f0f8:684::/46
2c0f:f0f8:688::/46
2c0f:f0f8:68c::/48
2c0f:f0f8:68d::/50
2c0f:f0f8:68d:4000::/51
2c0f:f0f8:68d:6000::/52
2c0f:f0f8:68d:7000::/55
2c0f:f0f8:68d:7201::/64
2c0f:f0f8:68d:7202::/63
2c0f:f0f8:68d:7204::/62
2c0f:f0f8:68d:7208::/61
2c0f:f0f8:68d:7210::/60
2c0f:f0f8:68d:7220::/59
2c0f:f0f8:68d:7240::/58
2c0f:f0f8:68d:7280::/57
2c0f:f0f8:68d:7300::/56
2c0f:f0f8:68d:7400::/54
2c0f:f0f8:68d:7800::/53
2c0f:f0f8:68d:8000::/49
2c0f:f0f8:68e::/47
2c0f:f0f8:690::/49
2c0f:f0f8:690:8000::/51
2c0f:f0f8:690:a000::/54
2c0f:f0f8:690:a400::/55
2c0f:f0f8:690:a601::/64
2c0f:f0f8:690:a602::/63
2c0f:f0f8:690:a604::/62
2c0f:f0f8:690:a608::/61
2c0f:f0f8:690:a610::/60
2c0f:f0f8:690:a620::/59
2c0f:f0f8:690:a640::/58
2c0f:f0f8:690:a680::/57
2c0f:f0f8:690:a700::/56
2c0f:f0f8:690:a800::/53
2c0f:f0f8:690:b000::/52
2c0f:f0f8:690:c000::/50
2c0f:f0f8:691::/48
2c0f:f0f8:692::/47
2c0f:f0f8:694::/46
2c0f:f0f8:698::/45
2c0f:f0f8:6a0::/46
2c0f:f0f8:6a4::/48
2c0f:f0f8:6a5::/51
2c0f:f0f8:6a5:2000::/52
2c0f:f0f8:6a5:3000::/56
2c0f:f0f8:6a5:3101::/64
2c0f:f0f8:6a5:3102::/63
2c0f:f0f8:6a5:3104::/62
2c0f:f0f8:6a5:3108::/61
2c0f:f0f8:6a5:3110::/60
2c0f:f0f8:6a5:3120::/59
2c0f:f0f8:6a5:3140::/58
2c0f:f0f8:6a5:3180::/57
2c0f:f0f8:6a5:3200::/55
2c0f:f0f8:6a5:3400::/54
2c0f:f0f8:6a5:3800::/53
2c0f:f0f8:6a5:4000::/50
2c0f:f0f8:6a5:8000::/49
2c0f:f0f8:6a6::/47
2c0f:f0f8:6a8::/45
2c0f:f0f8:6b0::/44
2c0f:f0f8:6c0::/45
2c0f:f0f8:6c8::/46
2c0f:f0f8:6cc::/48
2c0f:f0f8:6cd::/49
2c0f:f0f8:6cd:8000::/50
2c0f:f0f8:6cd:c000::/51
2c0f:f0f8:6cd:e000::/52
2c0f:f0f8:6cd:f001::/64
2c0f:f0f8:6cd:f002::/63
2c0f:f0f8:6cd:f004::/62
2c0f:f0f8:6cd:f008::/61
2c0f:f0f8:6cd:f010::/60
2c0f:f0f8:6cd:f020::/59
2c0f:f0f8:6cd:f040::/58
2c0f:f0f8:6cd:f080::/57
2c0f:f0f8:6cd:f100::/56
2c0f:f0f8:6cd:f200::/55
2c0f:f0f8:6cd:f400::/54
2c0f:f0f8:6cd:f800::/53
2c0f:f0f8:6ce::/47
2c0f:f0f8:6d0::/44
2c0f:f0f8:6e0::/43
2c0f:f0f8:700::/52
2c0f:f0f8:700:1000::/54
2c0f:f0f8:700:1400::/56
2c0f:f0f8:700:1501::/64
2c0f:f0f8:700:1502::/63
2c0f:f0f8:700:1504::/62
2c0f:f0f8:700:1508::/61
2c0f:f0f8:700:1510::/60
2c0f:f0f8:700:1520::/59
2c0f:f0f8:700:1540::/58
2c0f:f0f8:700:1580::/57
2c0f:f0f8:700:1600::/55
2c0f:f0f8:700:1800::/53
2c0f:f0f8:700:2000::/51
2c0f:f0f8:700:4000::/50
2c0f:f0f8:700:8000::/49
2c0f:f0f8:701::/49
2c0f:f0f8:701:8000::/50
2c0f:f0f8:701:c000::/51
2c0f:f0f8:701:e000::/53
2c0f:f0f8:701:e800::/54
2c0f:f0f8:701:ec00::/55
2c0f:f0f8:701:ee01::/64
2c0f:f0f8:701:ee02::/63
2c0f:f0f8:701:ee04::/62
2c0f:f0f8:701:ee08::/61
2c0f:f0f8:701:ee10::/60
2c0f:f0f8:701:ee20::/59
2c0f:f0f8:701:ee40::/58
2c0f:f0f8:701:ee80::/57
2c0f:f0f8:701:ef00::/56
2c0f:f0f8:701:f000::/52
2c0f:f0f8:702::/50
2c0f:f0f8:702:4000::/52
2c0f:f0f8:702:5000::/54
2c0f:f0f8:702:5400::/55
2c0f:f0f8:702:5600::/56
2c0f:f0f8:702:5701::/64
2c0f:f0f8:702:5702::/63
2c0f:f0f8:702:5704::/62
2c0f:f0f8:702:5708::/61
2c0f:f0f8:702:5710::/60
2c0f:f0f8:702:5720::/59
2c0f:f0f8:702:5740::/58
2c0f:f0f8:702:5780::/57
2c0f:f0f8:702:5800::/53
2c0f:f0f8:702:6000::/51
2c0f:f0f8:702:8000::/49
2c0f:f0f8:703::/48
2c0f:f0f8:704::/48
2c0f:f0f8:705::/51
2c0f:f0f8:705:2000::/53
2c0f:f0f8:705:2801::/64
2c0f:f0f8:705:2802::/63
2c0f:f0f8:705:2804::/62
2c0f:f0f8:705:2808::/61
2c0f:f0f8:705:2810::/60
2c0f:f0f8:705:2820::/59
2c0f:f0f8:705:2840::/58
2c0f:f0f8:705:2880::/57
2c0f:f0f8:705:2900::/56
2c0f:f0f8:705:2a00::/55
2c0f:f0f8:705:2c00::/54
2c0f:f0f8:705:3000::/52
2c0f:f0f8:705:4000::/50
2c0f:f0f8:705:8000::/52
2c0f:f0f8:705:9000::/53
2c0f:f0f8:705:9800::/54
2c0f:f0f8:705:9c01::/64
2c0f:f0f8:705:9c02::/63
2c0f:f0f8:705:9c04::/62
2c0f:f0f8:705:9c08::/61
2c0f:f0f8:705:9c10::/60
2c0f:f0f8:705:9c20::/59
2c0f:f0f8:705:9c40::/58
2c0f:f0f8:705:9c80::/57
2c0f:f0f8:705:9d00::/56
2c0f:f0f8:705:9e00::/55
2c0f:f0f8:705:a000::/51
2c0f:f0f8:705:c000::/50
2c0f:f0f8:706::/49
2c0f:f0f8:706:8000::/52
2c0f:f0f8:706:9000::/54
2c0f:f0f8:706:9400::/55
2c0f:f0f8:706:9601::/64
2c0f:f0f8:706:9602::/63
2c0f:f0f8:706:9604::/62
2c0f:f0f8:706:9608::/61
2c0f:f0f8:706:9610::/60
2c0f:f0f8:706:9620::/59
2c0f:f0f8:706:9640::/58
2c0f:f0f8:706:9680::/57
2c0f:f0f8:706:9700::/56
2c0f:f0f8:706:9800::/53
2c0f:f0f8:706:a000::/51
2c0f:f0f8:706:c000::/53
2c0f:f0f8:706:c800::/54
2c0f:f0f8:706:cc01::/64
2c0f:f0f8:706:cc02::/63
2c0f:f0f8:706:cc04::/62
2c0f:f0f8:706:cc08::/61
2c0f:f0f8:706:cc10::/60
2c0f:f0f8:706:cc20::/59
2c0f:f0f8:706:cc40::/58
2c0f:f0f8:706:cc80::/57
2c0f:f0f8:706:cd00::/56
2c0f:f0f8:706:ce00::/55
2c0f:f0f8:706:d000::/52
2c0f:f0f8:706:e000::/51
2c0f:f0f8:707::/48
2c0f:f0f8:708::/45
2c0f:f0f8:710::/44
2c0f:f0f8:720::/43
2c0f:f0f8:740::/42
2c0f:f0f8:780::/41
2c0f:f0f8:800::/48
2c0f:f0f8:801::/50
2c0f:f0f8:801:4000::/51
2c0f:f0f8:801:6000::/54
2c0f:f0f8:801:6401::/64
2c0f:f0f8:801:6402::/63
2c0f:f0f8:801:6404::/62
2c0f:f0f8:801:6408::/61
2c0f:f0f8:801:6410::/60
2c0f:f0f8:801:6420::/59
2c0f:f0f8:801:6440::/58
2c0f:f0f8:801:6480::/57
2c0f:f0f8:801:6500::/56
2c0f:f0f8:801:6600::/55
2c0f:f0f8:801:6800::/53
2c0f:f0f8:801:7000::/52
2c0f:f0f8:801:8000::/49
2c0f:f0f8:802::/47
2c0f:f0f8:804::/46
2c0f:f0f8:808::/53
2c0f:f0f8:808:800::/54
2c0f:f0f8:808:c00::/55
2c0f:f0f8:808:e01::/64
2c0f:f0f8:808:e02::/63
2c0f:f0f8:808:e04::/62
2c0f:f0f8:808:e08::/61
2c0f:f0f8:808:e10::/60
2c0f:f0f8:808:e20::/59
2c0f:f0f8:808:e40::/58
2c0f:f0f8:808:e80::/57
2c0f:f0f8:808:f00::/56
2c0f:f0f8:808:1000::/52
2c0f:f0f8:808:2000::/51
2c0f:f0f8:808:4000::/50
2c0f:f0f8:808:8000::/49
2c0f:f0f8:809::/49
2c0f:f0f8:809:8000::/51
2c0f:f0f8:809:a000::/53
2c0f:f0f8:809:a800::/54
2c0f:f0f8:809:ac00::/56
2c0f:f0f8:809:ad01::/64
2c0f:f0f8:809:ad02::/63
2c0f:f0f8:809:ad04::/62
2c0f:f0f8:809:ad08::/61
2c0f:f0f8:809:ad10::/60
2c0f:f0f8:809:ad20::/59
2c0f:f0f8:809:ad40::/58
2c0f:f0f8:809:ad80::/57
2c0f:f0f8:809:ae00::/55
2c0f:f0f8:809:b000::/52
2c0f:f0f8:809:c000::/50
2c0f:f0f8:80a::/47
2c0f:f0f8:80c::/46
2c0f:f0f8:810::/49
2c0f:f0f8:810:8000::/50
2c0f:f0f8:810:c000::/51
2c0f:f0f8:810:e000::/52
2c0f:f0f8:810:f000::/54
2c0f:f0f8:810:f400::/56
2c0f:f0f8:810:f501::/64
2c0f:f0f8:810:f502::/63
2c0f:f0f8:810:f504::/62
2c0f:f0f8:810:f508::/61
2c0f:f0f8:810:f510::/60
2c0f:f0f8:810:f520::/59
2c0f:f0f8:810:f540::/58
2c0f:f0f8:810:f580::/57
2c0f:f0f8:810:f600::/55
2c0f:f0f8:810:f800::/53
2c0f:f0f8:811::/48
2c0f:f0f8:812::/47
2c0f:f0f8:814::/48
2c0f:f0f8:815::/52
2c0f:f0f8:815:1000::/53
2c0f:f0f8:815:1801::/64
2c0f:f0f8:815:1802::/63
2c0f:f0f8:815:1804::/62
2c0f:f0f8:815:1808::/61
2c0f:f0f8:815:1810::/60
2c0f:f0f8:815:1820::/59
2c0f:f0f8:815:1840::/58
2c0f:f0f8:815:1880::/57
2c0f:f0f8:815:1900::/56
2c0f:f0f8:815:1a00::/55
2c0f:f0f8:815:1c00::/54
2c0f:f0f8:815:2000::/51
2c0f:f0f8:815:4000::/50
2c0f:f0f8:815:8000::/50
2c0f:f0f8:815:c000::/52
2c0f:f0f8:815:d000::/53
2c0f:f0f8:815:d800::/54
2c0f:f0f8:815:dc00::/55
2c0f:f0f8:815:de00::/56
2c0f:f0f8:815:df01::/64
2c0f:f0f8:815:df02::/63
2c0f:f0f8:815:df04::/62
2c0f:f0f8:815:df08::/61
2c0f:f0f8:815:df10::/60
2c0f:f0f8:815:df20::/59
2c0f:f0f8:815:df40::/58
2c0f:f0f8:815:df80::/57
2c0f:f0f8:815:e000::/51
2c0f:f0f8:816::/47
2c0f:f0f8:818::/47
2c0f:f0f8:81a::/49
2c0f:f0f8:81a:8000::/54
2c0f:f0f8:81a:8401::/64
2c0f:f0f8:81a:8402::/63
2c0f:f0f8:81a:8404::/62
2c0f:f0f8:81a:8408::/61
2c0f:f0f8:81a:8410::/60
2c0f:f0f8:81a:8420::/59
2c0f:f0f8:81a:8440::/58
2c0f:f0f8:81a:8480::/57
2c0f:f0f8:81a:8500::/56
2c0f:f0f8:81a:8600::/55
2c0f:f0f8:81a:8800::/53
2c0f:f0f8:81a:9000::/52
2c0f:f0f8:81a:a000::/51
2c0f:f0f8:81a:c000::/50
2c0f:f0f8:81b::/48
2c0f:f0f8:81c::/46
2c0f:f0f8:820::/50
2c0f:f0f8:820:4000::/54
2c0f:f0f8:820:4400::/56
2c0f:f0f8:820:4501::/64
2c0f:f0f8:820:4502::/63
2c0f:f0f8:820:4504::/62
2c0f:f0f8:820:4508::/61
2c0f:f0f8:820:4510::/60
2c0f:f0f8:820:4520::/59
2c0f:f0f8:820:4540::/58
2c0f:f0f8:820:4580::/57
2c0f:f0f8:820:4600::/55
2c0f:f0f8:820:4800::/54
2c0f:f0f8:820:4c00::/56
2c0f:f0f8:820:4d01::/64
2c0f:f0f8:820:4d02::/63
2c0f:f0f8:820:4d04::/62
2c0f:f0f8:820:4d08::/61
2c0f:f0f8:820:4d10::/60
2c0f:f0f8:820:4d20::/59
2c0f:f0f8:820:4d40::/58
2c0f:f0f8:820:4d80::/57
2c0f:f0f8:820:4e00::/56
2c0f:f0f8:820:4f01::/64
2c0f:f0f8:820:4f02::/63
2c0f:f0f8:820:4f04::/62
2c0f:f0f8:820:4f08::/61
2c0f:f0f8:820:4f10::/60
2c0f:f0f8:820:4f20::/59
2c0f:f0f8:820:4f40::/58
2c0f:f0f8:820:4f80::/57
2c0f:f0f8:820:5000::/52
2c0f:f0f8:820:6000::/54
2c0f:f0f8:820:6401::/64
2c0f:f0f8:820:6402::/63
2c0f:f0f8:820:6404::/62
2c0f:f0f8:820:6408::/61
2c0f:f0f8:820:6410::/60
2c0f:f0f8:820:6420::/59
2c0f:f0f8:820:6440::/58
2c0f:f0f8:820:6480::/57
2c0f:f0f8:820:6500::/56
2c0f:f0f8:820:6600::/55
2c0f:f0f8:820:6800::/54
2c0f:f0f8:820:6c00::/56
2c0f:f0f8:820:6d01::/64
2c0f:f0f8:820:6d02::/63
2c0f:f0f8:820:6d04::/62
2c0f:f0f8:820:6d08::/61
2c0f:f0f8:820:6d10::/60
2c0f:f0f8:820:6d20::/59
2c0f:f0f8:820:6d40::/58
2c0f:f0f8:820:6d80::/57
2c0f:f0f8:820:6e01::/64
2c0f:f0f8:820:6e02::/63
2c0f:f0f8:820:6e04::/62
2c0f:f0f8:820:6e08::/61
2c0f:f0f8:820:6e10::/60
2c0f:f0f8:820:6e20::/59
2c0f:f0f8:820:6e40::/58
2c0f:f0f8:820:6e80::/57
2c0f:f0f8:820:6f00::/56
2c0f:f0f8:820:7000::/52
2c0f:f0f8:820:8000::/49
2c0f:f0f8:821::/48
2c0f:f0f8:822::/47
2c0f:f0f8:824::/49
2c0f:f0f8:824:8000::/51
2c0f:f0f8:824:a000::/54
2c0f:f0f8:824:a400::/55
2c0f:f0f8:824:a600::/56
2c0f:f0f8:824:a701::/64
2c0f:f0f8:824:a702::/63
2c0f:f0f8:824:a704::/62
2c0f:f0f8:824:a708::/61
2c0f:f0f8:824:a710::/60
2c0f:f0f8:824:a720::/59
2c0f:f0f8:824:a740::/58
2c0f:f0f8:824:a780::/57
2c0f:f0f8:824:a800::/53
2c0f:f0f8:824:b000::/53
2c0f:f0f8:824:b800::/54
2c0f:f0f8:824:bc00::/55
2c0f:f0f8:824:be01::/64
2c0f:f0f8:824:be02::/63
2c0f:f0f8:824:be04::/62
2c0f:f0f8:824:be08::/61
2c0f:f0f8:824:be10::/60
2c0f:f0f8:824:be20::/59
2c0f:f0f8:824:be40::/58
2c0f:f0f8:824:be80::/57
2c0f:f0f8:824:bf00::/56
2c0f:f0f8:824:c000::/50
2c0f:f0f8:825::/48
2c0f:f0f8:826::/47
2c0f:f0f8:828::/45
2c0f:f0f8:830::/48
2c0f:f0f8:831::/49
2c0f:f0f8:831:8000::/50
2c0f:f0f8:831:c000::/51
2c0f:f0f8:831:e000::/52
2c0f:f0f8:831:f000::/53
2c0f:f0f8:831:f800::/55
2c0f:f0f8:831:fa00::/56
2c0f:f0f8:831:fb01::/64
2c0f:f0f8:831:fb02::/63
2c0f:f0f8:831:fb04::/62
2c0f:f0f8:831:fb08::/61
2c0f:f0f8:831:fb10::/60
2c0f:f0f8:831:fb20::/59
2c0f:f0f8:831:fb40::/58
2c0f:f0f8:831:fb80::/57
2c0f:f0f8:831:fc00::/54
2c0f:f0f8:832::/47
2c0f:f0f8:834::/47
2c0f:f0f8:836::/52
2c0f:f0f8:836:1000::/53
2c0f:f0f8:836:1800::/54
2c0f:f0f8:836:1c00::/55
2c0f:f0f8:836:1e00::/56
2c0f:f0f8:836:1f01::/64
2c0f:f0f8:836:1f02::/63
2c0f:f0f8:836:1f04::/62
2c0f:f0f8:836:1f08::/61
2c0f:f0f8:836:1f10::/60
2c0f:f0f8:836:1f20::/59
2c0f:f0f8:836:1f40::/58
2c0f:f0f8:836:1f80::/57
2c0f:f0f8:836:2000::/51
2c0f:f0f8:836:4000::/50
2c0f:f0f8:836:8000::/49
2c0f:f0f8:837::/48
2c0f:f0f8:838::/49
2c0f:f0f8:838:8000::/54
2c0f:f0f8:838:8400::/55
2c0f:f0f8:838:8601::/64
2c0f:f0f8:838:8602::/63
2c0f:f0f8:838:8604::/62
2c0f:f0f8:838:8608::/61
2c0f:f0f8:838:8610::/60
2c0f:f0f8:838:8620::/59
2c0f:f0f8:838:8640::/58
2c0f:f0f8:838:8680::/57
2c0f:f0f8:838:8700::/56
2c0f:f0f8:838:8800::/53
2c0f:f0f8:838:9000::/52
2c0f:f0f8:838:a000::/51
2c0f:f0f8:838:c000::/50
2c0f:f0f8:839::/48
2c0f:f0f8:83a::/47
2c0f:f0f8:83c::/46
2c0f:f0f8:840::/47
2c0f:f0f8:842::/49
2c0f:f0f8:842:8000::/52
2c0f:f0f8:842:9000::/54
2c0f:f0f8:842:9400::/56
2c0f:f0f8:842:9501::/64
2c0f:f0f8:842:9502::/63
2c0f:f0f8:842:9504::/62
2c0f:f0f8:842:9508::/61
2c0f:f0f8:842:9510::/60
2c0f:f0f8:842:9520::/59
2c0f:f0f8:842:9540::/58
2c0f:f0f8:842:9580::/57
2c0f:f0f8:842:9600::/55
2c0f:f0f8:842:9800::/53
2c0f:f0f8:842:a000::/51
2c0f:f0f8:842:c000::/50
2c0f:f0f8:843::/48
2c0f:f0f8:844::/46
2c0f:f0f8:848::/47
2c0f:f0f8:84a::/48
2c0f:f0f8:84b::/50
2c0f:f0f8:84b:4000::/51
2c0f:f0f8:84b:6000::/55
2c0f:f0f8:84b:6200::/56
2c0f:f0f8:84b:6301::/64
2c0f:f0f8:84b:6302::/63
2c0f:f0f8:84b:6304::/62
2c0f:f0f8:84b:6308::/61
2c0f:f0f8:84b:6310::/60
2c0f:f0f8:84b:6320::/59
2c0f:f0f8:84b:6340::/58
2c0f:f0f8:84b:6380::/57
2c0f:f0f8:84b:6400::/54
2c0f:f0f8:84b:6800::/53
2c0f:f0f8:84b:7000::/52
2c0f:f0f8:84b:8000::/49
2c0f:f0f8:84c::/47
2c0f:f0f8:84e::/52
2c0f:f0f8:84e:1000::/54
2c0f:f0f8:84e:1401::/64
2c0f:f0f8:84e:1402::/63
2c0f:f0f8:84e:1404::/62
2c0f:f0f8:84e:1408::/61
2c0f:f0f8:84e:1410::/60
2c0f:f0f8:84e:1420::/59
2c0f:f0f8:84e:1440::/58
2c0f:f0f8:84e:1480::/57
2c0f:f0f8:84e:1500::/56
2c0f:f0f8:84e:1600::/55
2c0f:f0f8:84e:1800::/53
2c0f:f0f8:84e:2000::/51
2c0f:f0f8:84e:4000::/56
2c0f:f0f8:84e:4101::/64
2c0f:f0f8:84e:4102::/63
2c0f:f0f8:84e:4104::/62
2c0f:f0f8:84e:4108::/61
2c0f:f0f8:84e:4110::/60
2c0f:f0f8:84e:4120::/59
2c0f:f0f8:84e:4140::/58
2c0f:f0f8:84e:4180::/57
2c0f:f0f8:84e:4200::/55
2c0f:f0f8:84e:4400::/54
2c0f:f0f8:84e:4800::/53
2c0f:f0f8:84e:5000::/52
2c0f:f0f8:84e:6000::/51
2c0f:f0f8:84e:8000::/49
2c0f:f0f8:84f::/50
2c0f:f0f8:84f:4000::/53
2c0f:f0f8:84f:4800::/54
2c0f:f0f8:84f:4c01::/64
2c0f:f0f8:84f:4c02::/63
2c0f:f0f8:84f:4c04::/62
2c0f:f0f8:84f:4c08::/61
2c0f:f0f8:84f:4c10::/60
2c0f:f0f8:84f:4c20::/59
2c0f:f0f8:84f:4c40::/58
2c0f:f0f8:84f:4c80::/57
2c0f:f0f8:84f:4d00::/56
2c0f:f0f8:84f:4e00::/55
2c0f:f0f8:84f:5000::/52
2c0f:f0f8:84f:6000::/51
2c0f:f0f8:84f:8000::/49
2c0f:f0f8:850::/45
2c0f:f0f8:858::/49
2c0f:f0f8:858:8000::/50
2c0f:f0f8:858:c000::/52
2c0f:f0f8:858:d000::/56
2c0f:f0f8:858:d101::/64
2c0f:f0f8:858:d102::/63
2c0f:f0f8:858:d104::/62
2c0f:f0f8:858:d108::/61
2c0f:f0f8:858:d110::/60
2c0f:f0f8:858:d120::/59
2c0f:f0f8:858:d140::/58
2c0f:f0f8:858:d180::/57
2c0f:f0f8:858:d200::/55
2c0f:f0f8:858:d400::/54
2c0f:f0f8:858:d800::/53
2c0f:f0f8:858:e000::/51
2c0f:f0f8:859::/48
2c0f:f0f8:85a::/50
2c0f:f0f8:85a:4000::/53
2c0f:f0f8:85a:4801::/64
2c0f:f0f8:85a:4802::/63
2c0f:f0f8:85a:4804::/62
2c0f:f0f8:85a:4808::/61
2c0f:f0f8:85a:4810::/60
2c0f:f0f8:85a:4820::/59
2c0f:f0f8:85a:4840::/58
2c0f:f0f8:85a:4880::/57
2c0f:f0f8:85a:4900::/56
2c0f:f0f8:85a:4a00::/55
2c0f:f0f8:85a:4c00::/54
2c0f:f0f8:85a:5000::/52
2c0f:f0f8:85a:6000::/52
2c0f:f0f8:85a:7000::/54
2c0f:f0f8:85a:7401::/64
2c0f:f0f8:85a:7402::/63
2c0f:f0f8:85a:7404::/62
2c0f:f0f8:85a:7408::/61
2c0f:f0f8:85a:7410::/60
2c0f:f0f8:85a:7420::/59
2c0f:f0f8:85a:7440::/58
2c0f:f0f8:85a:7480::/57
2c0f:f0f8:85a:7500::/56
2c0f:f0f8:85a:7600::/55
2c0f:f0f8:85a:7800::/53
2c0f:f0f8:85a:8000::/49
2c0f:f0f8:85b::/49
2c0f:f0f8:85b:8000::/56
2c0f:f0f8:85b:8101::/64
2c0f:f0f8:85b:8102::/63
2c0f:f0f8:85b:8104::/62
2c0f:f0f8:85b:8108::/61
2c0f:f0f8:85b:8110::/60
2c0f:f0f8:85b:8120::/59
2c0f:f0f8:85b:8140::/58
2c0f:f0f8:85b:8180::/57
2c0f:f0f8:85b:8200::/55
2c0f:f0f8:85b:8400::/54
2c0f:f0f8:85b:8800::/53
2c0f:f0f8:85b:9000::/52
2c0f:f0f8:85b:a000::/51
2c0f:f0f8:85b:c000::/50
2c0f:f0f8:85c::/49
2c0f:f0f8:85c:8000::/50
2c0f:f0f8:85c:c000::/51
2c0f:f0f8:85c:e000::/52
2c0f:f0f8:85c:f000::/56
2c0f:f0f8:85c:f101::/64
2c0f:f0f8:85c:f102::/63
2c0f:f0f8:85c:f104::/62
2c0f:f0f8:85c:f108::/61
2c0f:f0f8:85c:f110::/60
2c0f:f0f8:85c:f120::/59
2c0f:f0f8:85c:f140::/58
2c0f:f0f8:85c:f180::/57
2c0f:f0f8:85c:f200::/55
2c0f:f0f8:85c:f400::/54
2c0f:f0f8:85c:f800::/53
2c0f:f0f8:85d::/48
2c0f:f0f8:85e::/49
2c0f:f0f8:85e:8001::/64
2c0f:f0f8:85e:8002::/63
2c0f:f0f8:85e:8004::/62
2c0f:f0f8:85e:8008::/61
2c0f:f0f8:85e:8010::/60
2c0f:f0f8:85e:8020::/59
2c0f:f0f8:85e:8040::/58
2c0f:f0f8:85e:8080::/57
2c0f:f0f8:85e:8100::/56
2c0f:f0f8:85e:8200::/55
2c0f:f0f8:85e:8400::/54
2c0f:f0f8:85e:8800::/53
2c0f:f0f8:85e:9000::/52
2c0f:f0f8:85e:a000::/51
2c0f:f0f8:85e:c000::/50
2c0f:f0f8:85f::/48
2c0f:f0f8:860::/45
2c0f:f0f8:868::/47
2c0f:f0f8:86a::/48
2c0f:f0f8:86b::/49
2c0f:f0f8:86b:8000::/52
2c0f:f0f8:86b:9000::/53
2c0f:f0f8:86b:9800::/54
2c0f:f0f8:86b:9c01::/64
2c0f:f0f8:86b:9c02::/63
2c0f:f0f8:86b:9c04::/62
2c0f:f0f8:86b:9c08::/61
2c0f:f0f8:86b:9c10::/60
2c0f:f0f8:86b:9c20::/59
2c0f:f0f8:86b:9c40::/58
2c0f:f0f8:86b:9c80::/57
2c0f:f0f8:86b:9d00::/56
2c0f:f0f8:86b:9e00::/55
2c0f:f0f8:86b:a000::/51
2c0f:f0f8:86b:c000::/50
2c0f:f0f8:86c::/46
2c0f:f0f8:870::/49
2c0f:f0f8:870:8000::/50
2c0f:f0f8:870:c000::/52
2c0f:f0f8:870:d000::/56
2c0f:f0f8:870:d101::/64
2c0f:f0f8:870:d102::/63
2c0f:f0f8:870:d104::/62
2c0f:f0f8:870:d108::/61
2c0f:f0f8:870:d110::/60
2c0f:f0f8:870:d120::/59
2c0f:f0f8:870:d140::/58
2c0f:f0f8:870:d180::/57
2c0f:f0f8:870:d200::/55
2c0f:f0f8:870:d400::/54
2c0f:f0f8:870:d800::/53
2c0f:f0f8:870:e000::/51
2c0f:f0f8:871::/48
2c0f:f0f8:872::/47
2c0f:f0f8:874::/46
2c0f:f0f8:878::/45
2c0f:f0f8:880::/47
2c0f:f0f8:882::/48
2c0f:f0f8:883::/51
2c0f:f0f8:883:2000::/53
2c0f:f0f8:883:2801::/64
2c0f:f0f8:883:2802::/63
2c0f:f0f8:883:2804::/62
2c0f:f0f8:883:2808::/61
2c0f:f0f8:883:2810::/60
2c0f:f0f8:883:2820::/59
2c0f:f0f8:883:2840::/58
2c0f:f0f8:883:2880::/57
2c0f:f0f8:883:2900::/56
2c0f:f0f8:883:2a00::/55
2c0f:f0f8:883:2c00::/54
2c0f:f0f8:883:3000::/52
2c0f:f0f8:883:4000::/50
2c0f:f0f8:883:8000::/49
2c0f:f0f8:884::/46
2c0f:f0f8:888::/48
2c0f:f0f8:889::/49
2c0f:f0f8:889:8000::/50
2c0f:f0f8:889:c000::/51
2c0f:f0f8:889:e000::/54
2c0f:f0f8:889:e400::/56
2c0f:f0f8:889:e501::/64
2c0f:f0f8:889:e502::/63
2c0f:f0f8:889:e504::/62
2c0f:f0f8:889:e508::/61
2c0f:f0f8:889:e510::/60
2c0f:f0f8:889:e520::/59
2c0f:f0f8:889:e540::/58
2c0f:f0f8:889:e580::/57
2c0f:f0f8:889:e600::/55
2c0f:f0f8:889:e800::/53
2c0f:f0f8:889:f000::/52
2c0f:f0f8:88a::/49
2c0f:f0f8:88a:8000::/54
2c0f:f0f8:88a:8401::/64
2c0f:f0f8:88a:8402::/63
2c0f:f0f8:88a:8404::/62
2c0f:f0f8:88a:8408::/61
2c0f:f0f8:88a:8410::/60
2c0f:f0f8:88a:8420::/59
2c0f:f0f8:88a:8440::/58
2c0f:f0f8:88a:8480::/57
2c0f:f0f8:88a:8500::/56
2c0f:f0f8:88a:8600::/55
2c0f:f0f8:88a:8800::/53
2c0f:f0f8:88a:9000::/52
2c0f:f0f8:88a:a000::/51
2c0f:f0f8:88a:c000::/50
2c0f:f0f8:88b::/48
2c0f:f0f8:88c::/46
2c0f:f0f8:890::/48
2c0f:f0f8:891::/49
2c0f:f0f8:891:8000::/50
2c0f:f0f8:891:c000::/54
2c0f:f0f8:891:c400::/55
2c0f:f0f8:891:c601::/64
2c0f:f0f8:891:c602::/63
2c0f:f0f8:891:c604::/62
2c0f:f0f8:891:c608::/61
2c0f:f0f8:891:c610::/60
2c0f:f0f8:891:c620::/59
2c0f:f0f8:891:c640::/58
2c0f:f0f8:891:c680::/57
2c0f:f0f8:891:c700::/56
2c0f:f0f8:891:c800::/53
2c0f:f0f8:891:d000::/52
2c0f:f0f8:891:e000::/51
2c0f:f0f8:892::/49
2c0f:f0f8:892:8000::/51
2c0f:f0f8:892:a000::/52
2c0f:f0f8:892:b000::/53
2c0f:f0f8:892:b800::/54
2c0f:f0f8:892:bc00::/56
2c0f:f0f8:892:bd01::/64
2c0f:f0f8:892:bd02::/63
2c0f:f0f8:892:bd04::/62
2c0f:f0f8:892:bd08::/61
2c0f:f0f8:892:bd10::/60
2c0f:f0f8:892:bd20::/59
2c0f:f0f8:892:bd40::/58
2c0f:f0f8:892:bd80::/57
2c0f:f0f8:892:be00::/55
2c0f:f0f8:892:c000::/50
2c0f:f0f8:893::/49
2c0f:f0f8:893:8000::/50
2c0f:f0f8:893:c000::/51
2c0f:f0f8:893:e000::/52
2c0f:f0f8:893:f000::/56
2c0f:f0f8:893:f101::/64
2c0f:f0f8:893:f102::/63
2c0f:f0f8:893:f104::/62
2c0f:f0f8:893:f108::/61
2c0f:f0f8:893:f110::/60
2c0f:f0f8:893:f120::/59
2c0f:f0f8:893:f140::/58
2c0f:f0f8:893:f180::/57
2c0f:f0f8:893:f200::/55
2c0f:f0f8:893:f400::/54
2c0f:f0f8:893:f800::/53
2c0f:f0f8:894::/46
2c0f:f0f8:898::/49
2c0f:f0f8:898:8000::/50
2c0f:f0f8:898:c000::/55
2c0f:f0f8:898:c201::/64
2c0f:f0f8:898:c202::/63
2c0f:f0f8:898:c204::/62
2c0f:f0f8:898:c208::/61
2c0f:f0f8:898:c210::/60
2c0f:f0f8:898:c220::/59
2c0f:f0f8:898:c240::/58
2c0f:f0f8:898:c280::/57
2c0f:f0f8:898:c300::/56
2c0f:f0f8:898:c400::/54
2c0f:f0f8:898:c800::/53
2c0f:f0f8:898:d000::/52
2c0f:f0f8:898:e000::/51
2c0f:f0f8:899::/48
2c0f:f0f8:89a::/47
2c0f:f0f8:89c::/49
2c0f:f0f8:89c:8000::/51
2c0f:f0f8:89c:a000::/52
2c0f:f0f8:89c:b000::/54
2c0f:f0f8:89c:b400::/55
2c0f:f0f8:89c:b601::/64
2c0f:f0f8:89c:b602::/63
2c0f:f0f8:89c:b604::/62
2c0f:f0f8:89c:b608::/61
2c0f:f0f8:89c:b610::/60
2c0f:f0f8:89c:b620::/59
2c0f:f0f8:89c:b640::/58
2c0f:f0f8:89c:b680::/57
2c0f:f0f8:89c:b700::/56
2c0f:f0f8:89c:b800::/53
2c0f:f0f8:89c:c000::/50
2c0f:f0f8:89d::/48
2c0f:f0f8:89e::/47
2c0f:f0f8:8a0::/47
2c0f:f0f8:8a2::/49
2c0f:f0f8:8a2:8000::/50
2c0f:f0f8:8a2:c000::/51
2c0f:f0f8:8a2:e000::/54
2c0f:f0f8:8a2:e400::/56
2c0f:f0f8:8a2:e501::/64
2c0f:f0f8:8a2:e502::/63
2c0f:f0f8:8a2:e504::/62
2c0f:f0f8:8a2:e508::/61
2c0f:f0f8:8a2:e510::/60
2c0f:f0f8:8a2:e520::/59
2c0f:f0f8:8a2:e540::/58
2c0f:f0f8:8a2:e580::/57
2c0f:f0f8:8a2:e600::/55
2c0f:f0f8:8a2:e800::/53
2c0f:f0f8:8a2:f000::/52
2c0f:f0f8:8a3::/49
2c0f:f0f8:8a3:8000::/50
2c0f:f0f8:8a3:c000::/52
2c0f:f0f8:8a3:d000::/53
2c0f:f0f8:8a3:d800::/55
2c0f:f0f8:8a3:da01::/64
2c0f:f0f8:8a3:da02::/63
2c0f:f0f8:8a3:da04::/62
2c0f:f0f8:8a3:da08::/61
2c0f:f0f8:8a3:da10::/60
2c0f:f0f8:8a3:da20::/59
2c0f:f0f8:8a3:da40::/58
2c0f:f0f8:8a3:da80::/57
2c0f:f0f8:8a3:db00::/56
2c0f:f0f8:8a3:dc00::/54
2c0f:f0f8:8a3:e000::/52
2c0f:f0f8:8a3:f000::/56
2c0f:f0f8:8a3:f101::/64
2c0f:f0f8:8a3:f102::/63
2c0f:f0f8:8a3:f104::/62
2c0f:f0f8:8a3:f108::/61
2c0f:f0f8:8a3:f110::/60
2c0f:f0f8:8a3:f120::/59
2c0f:f0f8:8a3:f140::/58
2c0f:f0f8:8a3:f180::/57
2c0f:f0f8:8a3:f200::/55
2c0f:f0f8:8a3:f400::/54
2c0f:f0f8:8a3:f800::/53
2c0f:f0f8:8a4::/46
2c0f:f0f8:8a8::/47
2c0f:f0f8:8aa::/51
2c0f:f0f8:8aa:2000::/53
2c0f:f0f8:8aa:2800::/55
2c0f:f0f8:8aa:2a01::/64
2c0f:f0f8:8aa:2a02::/63
2c0f:f0f8:8aa:2a04::/62
2c0f:f0f8:8aa:2a08::/61
2c0f:f0f8:8aa:2a10::/60
2c0f:f0f8:8aa:2a20::/59
2c0f:f0f8:8aa:2a40::/58
2c0f:f0f8:8aa:2a80::/57
2c0f:f0f8:8aa:2b00::/56
2c0f:f0f8:8aa:2c00::/54
2c0f:f0f8:8aa:3000::/52
2c0f:f0f8:8aa:4000::/50
2c0f:f0f8:8aa:8000::/49
2c0f:f0f8:8ab::/50
2c0f:f0f8:8ab:4000::/51
2c0f:f0f8:8ab:6000::/52
2c0f:f0f8:8ab:7000::/53
2c0f:f0f8:8ab:7801::/64
2c0f:f0f8:8ab:7802::/63
2c0f:f0f8:8ab:7804::/62
2c0f:f0f8:8ab:7808::/61
2c0f:f0f8:8ab:7810::/60
2c0f:f0f8:8ab:7820::/59
2c0f:f0f8:8ab:7840::/58
2c0f:f0f8:8ab:7880::/57
2c0f:f0f8:8ab:7900::/56
2c0f:f0f8:8ab:7a00::/55
2c0f:f0f8:8ab:7c00::/54
2c0f:f0f8:8ab:8000::/49
2c0f:f0f8:8ac::/46
2c0f:f0f8:8b0::/48
2c0f:f0f8:8b1::/49
2c0f:f0f8:8b1:8000::/50
2c0f:f0f8:8b1:c000::/52
2c0f:f0f8:8b1:d000::/53
2c0f:f0f8:8b1:d800::/56
2c0f:f0f8:8b1:d901::/64
2c0f:f0f8:8b1:d902::/63
2c0f:f0f8:8b1:d904::/62
2c0f:f0f8:8b1:d908::/61
2c0f:f0f8:8b1:d910::/60
2c0f:f0f8:8b1:d920::/59
2c0f:f0f8:8b1:d940::/58
2c0f:f0f8:8b1:d980::/57
2c0f:f0f8:8b1:da00::/55
2c0f:f0f8:8b1:dc00::/54
2c0f:f0f8:8b1:e000::/51
2c0f:f0f8:8b2::/47
2c0f:f0f8:8b4::/46
2c0f:f0f8:8b8::/48
2c0f:f0f8:8b9::/50
2c0f:f0f8:8b9:4000::/54
2c0f:f0f8:8b9:4401::/64
2c0f:f0f8:8b9:4402::/63
2c0f:f0f8:8b9:4404::/62
2c0f:f0f8:8b9:4408::/61
2c0f:f0f8:8b9:4410::/60
2c0f:f0f8:8b9:4420::/59
2c0f:f0f8:8b9:4440::/58
2c0f:f0f8:8b9:4480::/57
2c0f:f0f8:8b9:4500::/56
2c0f:f0f8:8b9:4600::/55
2c0f:f0f8:8b9:4800::/53
2c0f:f0f8:8b9:5000::/52
2c0f:f0f8:8b9:6000::/51
2c0f:f0f8:8b9:8000::/49
2c0f:f0f8:8ba::/47
2c0f:f0f8:8bc::/46
2c0f:f0f8:8c0::/42
2c0f:f0f8:900::/40
2c0f:f0f8:a00::/39
2c0f:f0f8:c00::/38
2c0f:f0f8:1000::/36
2c0f:f0f8:2000::/35
2c0f:f0f8:4000::/34
2c0f:f0f8:8000::/33
2c0f:f578::/32