5.35.175.0/24
5.62.58.44/30
5.175.190.42/31
5.175.190.218/31
23.130.224.0/24
23.136.96.0/24
23.140.68.3/32
23.140.68.4/30
23.140.68.8/29
23.140.68.16/28
23.140.68.32/27
23.140.68.64/26
23.140.68.128/25
23.145.172.0/24
23.189.176.0/24
23.236.8.200/29
31.14.25.0/24
37.77.83.0/24
44.32.192.106/32
45.62.191.32/28
45.130.180.0/22
63.143.79.0/24
63.143.103.0/24
63.143.106.0/24
63.243.189.0/24
63.246.39.128/26
64.49.252.32/28
64.86.20.0/24
65.48.153.0/24
65.48.154.0/24
65.48.218.0/23
66.180.216.0/24
66.180.220.0/24
66.212.55.0/24
66.212.229.0/24
67.209.160.0/20
68.65.216.0/23
69.57.229.0/24
69.57.233.0/24
69.57.240.0/24
69.57.249.0/24
72.51.125.0/24
72.51.126.0/23
74.113.104.0/24
74.113.106.0/23
74.113.236.0/23
76.76.164.0/22
76.76.172.0/22
82.165.214.122/32
83.150.238.0/23
91.199.202.0/24
94.154.178.0/24
98.158.110.0/25
98.158.111.2/32
103.4.107.0/24
103.45.252.0/23
103.92.130.0/24
104.28.15.78/31
104.28.15.80/32
104.28.25.90/31
104.28.25.92/31
104.28.25.94/32
104.28.36.16/31
104.28.76.6/31
104.28.78.6/31
104.28.92.8/31
104.28.94.8/31
104.28.109.8/31
104.28.126.8/31
104.28.197.101/32
104.28.197.102/31
104.28.197.104/31
104.28.229.101/32
104.28.229.102/31
104.28.229.104/31
104.234.239.0/24
104.254.97.129/32
104.254.97.136/31
104.254.97.139/32
104.254.97.150/32
104.254.97.153/32
104.254.97.156/32
104.254.97.169/32
104.254.97.174/32
104.254.97.178/32
104.254.97.180/32
104.254.97.185/32
104.254.97.186/31
104.254.97.188/32
104.254.97.191/32
104.254.97.198/31
104.254.97.201/32
104.254.97.212/32
104.254.97.215/32
104.254.97.218/32
104.254.97.231/32
104.254.97.236/32
104.254.97.240/32
104.254.97.242/32
104.254.97.247/32
104.254.97.248/29
104.254.127.0/24
131.125.105.27/32
131.125.107.40/32
136.23.23.51/32
136.23.27.35/32
137.220.1.0/24
140.248.44.108/31
140.248.56.238/32
140.248.57.238/32
140.248.58.238/32
140.248.59.238/32
140.248.60.238/32
140.248.61.238/32
140.248.62.238/32
140.248.63.238/32
142.54.20.0/23
142.54.22.0/24
146.75.148.12/31
146.75.244.12/31
146.75.252.10/31
150.48.180.116/31
151.242.35.0/24
157.5.67.158/32
157.5.91.157/32
157.167.117.0/24
161.199.207.0/24
161.199.208.0/24
162.120.205.9/32
162.120.216.77/32
162.210.157.0/24
162.210.159.0/24
162.212.15.0/24
162.252.188.0/24
164.137.28.0/24
164.137.53.0/24
171.22.243.0/24
172.96.38.0/23
172.102.0.0/23
172.224.244.8/31
172.225.93.64/28
172.225.166.0/27
172.225.171.84/31
172.225.239.144/28
172.225.239.180/31
172.226.13.124/31
172.226.84.128/28
172.226.166.160/27
172.226.166.192/31
174.142.105.120/29
185.34.200.0/24
185.232.55.0/24
185.251.172.0/22
192.198.184.0/23
193.160.254.0/24
193.161.1.0/24
193.161.26.0/24
193.161.147.0/24
195.42.248.0/24
195.43.128.0/24
195.43.147.0/24
195.200.239.0/24
196.1.160.0/24
196.1.171.0/24
198.13.22.0/23
198.56.56.0/22
199.36.102.0/23
199.182.195.0/24
199.191.50.188/32
199.204.232.0/21
203.24.102.0/23
203.29.52.0/24
203.32.120.0/23
203.34.28.0/24
203.34.80.0/24
203.55.107.0/24
204.11.56.89/32
204.11.57.39/32
205.217.244.128/26
206.71.15.0/24
206.81.110.0/24
206.214.24.0/21
208.64.44.0/24
208.64.46.0/23
208.91.197.126/32
209.59.64.0/24
209.59.84.0/22
209.59.121.0/24
209.208.174.224/29
209.236.60.0/22
2001:470:36:1cc::/64
2001:470:36:7ef::/64
2001:470:1f17:336::/64
2001:470:1f27:46::/64
2001:470:3259::/48
2001:470:e1d5::/48
2001:470:e964::/48
2001:470:ee7f::/48
2001:470:f4df::/48
2001:470:fbea::/48
2001:470:fcf4::/48
2001:470:fe79::/48
2001:470:ff63::/48
2001:504:93::/48
2001:67c:2d54::/48
2001:df1:1f00::/48
2001:4b28:f000::/40
2401:b60:1fa0::/44
2401:f1e0:ffff:cdee::/64
2405:6e40::/32
2405:b500:7980::/64
2405:b500:79a0::/64
2405:b500:79c0::/64
2405:b500:79e0::/64
2602:f55b::/40
2602:f61e:0:1::/64
2602:f61e:0:2::/63
2602:f61e:0:4::/62
2602:f61e:0:8::/61
2602:f61e:0:10::/60
2602:f61e:0:20::/59
2602:f61e:0:40::/58
2602:f61e:0:80::/57
2602:f61e:0:100::/56
2602:f61e:0:200::/55
2602:f61e:0:400::/54
2602:f61e:0:800::/53
2602:f61e:0:1000::/52
2602:f61e:0:2000::/51
2602:f61e:0:4000::/50
2602:f61e:0:8000::/49
2602:f61e:1::/48
2602:f61e:2::/47
2602:f61e:4::/46
2602:f61e:8::/45
2602:f61e:10::/44
2602:f61e:20::/43
2602:f61e:40::/42
2602:f61e:80::/41
2602:f794:1:1::/64
2602:f794:1:2::/63
2602:f794:1:4::/62
2602:f794:1:8::/61
2602:f794:1:10::/60
2602:f794:1:20::/59
2602:f794:1:40::/58
2602:f794:1:80::/57
2602:f794:1:100::/56
2602:f794:1:200::/55
2602:f794:1:400::/54
2602:f794:1:800::/53
2602:f794:1:1000::/52
2602:f794:1:2000::/51
2602:f794:1:4000::/50
2602:f794:1:8000::/49
2602:f794:4:1::/64
2602:f794:4:2::/63
2602:f794:4:4::/62
2602:f794:4:8::/61
2602:f794:4:10::/60
2602:f794:4:20::/59
2602:f794:4:40::/58
2602:f794:4:80::/57
2602:f794:4:100::/56
2602:f794:4:200::/55
2602:f794:4:400::/54
2602:f794:4:800::/53
2602:f794:4:1000::/52
2602:f794:4:2000::/51
2602:f794:4:4000::/50
2602:f794:4:8000::/49
2602:f794:14::/46
2602:f794:18::/45
2602:f794:20::/43
2602:f794:40::/42
2602:f794:80::/41
2602:f9da::/36
2602:fa5c::/40
2602:fd2f:10::/58
2602:fd2f:10:40::/59
2602:fd2f:10:60::/60
2602:fd2f:10:70::/63
2602:fd2f:10:73::/64
2602:fd2f:10:74::/62
2602:fd2f:10:78::/61
2602:fd2f:10:80::/57
2602:fd2f:10:100::/56
2602:fd2f:10:200::/55
2602:fd2f:10:400::/54
2602:fd2f:10:800::/53
2602:fd2f:10:1000::/52
2602:fd2f:10:2000::/51
2602:fd2f:10:4000::/50
2602:fd2f:10:8000::/49
2602:fd2f:11::/48
2602:fd2f:12::/47
2602:fd2f:14::/46
2602:fd2f:18::/60
2602:fd2f:18:10::/61
2602:fd2f:18:19::/64
2602:fd2f:18:1a::/63
2602:fd2f:18:1c::/62
2602:fd2f:18:20::/59
2602:fd2f:18:40::/58
2602:fd2f:18:80::/57
2602:fd2f:18:100::/56
2602:fd2f:18:200::/55
2602:fd2f:18:400::/55
2602:fd2f:18:600::/56
2602:fd2f:18:700::/59
2602:fd2f:18:720::/60
2602:fd2f:18:730::/62
2602:fd2f:18:734::/63
2602:fd2f:18:737::/64
2602:fd2f:18:738::/61
2602:fd2f:18:740::/58
2602:fd2f:18:780::/57
2602:fd2f:18:800::/53
2602:fd2f:18:1000::/52
2602:fd2f:18:2000::/51
2602:fd2f:18:4000::/50
2602:fd2f:18:8000::/49
2602:fd2f:19::/48
2602:fd2f:1a::/47
2602:fd2f:1c::/46
2602:fdc7:1::/48
2602:fdc7:2::/47
2602:fdc7:4::/46
2602:fdc7:8::/45
2602:fdc7:10::/44
2602:fdc7:20::/43
2602:fdc7:40::/42
2602:fdc7:80::/41
2602:fdc7:100::/40
2602:fdc7:200::/39
2602:fdc7:400::/38
2602:fdc7:800::/37
2604:10c0:0:1::/64
2604:10c0:0:2::/63
2604:10c0:0:4::/62
2604:10c0:0:8::/61
2604:10c0:0:10::/60
2604:10c0:0:20::/59
2604:10c0:0:40::/58
2604:10c0:0:80::/57
2604:10c0:0:100::/56
2604:10c0:0:200::/55
2604:10c0:0:400::/54
2604:10c0:0:800::/53
2604:10c0:0:1000::/52
2604:10c0:0:2000::/51
2604:10c0:0:4000::/50
2604:10c0:0:8000::/49
2604:10c0:1::/48
2604:10c0:2::/47
2604:10c0:4::/46
2604:10c0:8::/45
2604:10c0:10::/44
2604:10c0:20::/43
2604:10c0:40::/42
2604:10c0:80::/41
2604:10c0:100::/40
2604:10c0:200::/39
2604:10c0:400::/38
2604:10c0:800::/37
2604:10c0:1000::/36
2604:10c0:2000::/35
2604:10c0:4000::/34
2604:10c0:8000::/33
2604:2ba0::/32
2604:a180:6001::/48
2604:a180:6002::/47
2604:a180:6004::/46
2604:a180:6008::/45
2604:a180:6010::/44
2604:a180:6020::/43
2604:a180:6040::/42
2604:a180:6080::/41
2604:a180:6100::/40
2604:a180:6200::/39
2604:a180:6400::/38
2604:a180:6800::/37
2605:7f40::/32
2606:40:1790::/44
2606:40:17a0::/44
2606:40:21a1:2000::/54
2606:40:21a1:2800::/53
2606:40:21a1:3000::/52
2606:40:2301:a000::/51
2606:54c0:d2e8::/45
2606:54c3:0:160e::/64
2607:8940:26de::/47
2607:8940:26e2::/47
2607:8940:4023:9d00::/56
2607:8940:4023:9e00::/56
2607:8940:4081:2700::/56
2607:8940:4081:2800::/56
2607:8940:40b1:1a00::/55
2607:8940:4143:9c00::/55
2620:1e:a000:1::/64
2620:1e:a000:2::/63
2620:1e:a000:4::/62
2620:1e:a000:8::/61
2620:1e:a000:10::/60
2620:1e:a000:20::/59
2620:1e:a000:40::/58
2620:1e:a000:80::/57
2620:1e:a000:100::/56
2620:1e:a000:200::/55
2620:1e:a000:400::/54
2620:1e:a000:800::/53
2620:1e:a000:1000::/52
2620:1e:a000:2000::/51
2620:1e:a000:4000::/50
2620:1e:a000:8000::/49
2620:48:a000::/48
2620:4e:2000::/48
2620:d1:e001::/48
2620:d1:e002::/47
2620:d1:e004::/46
2620:d1:e008::/46
2620:d1:e00c::/47
2620:d1:e00e:1::/64
2620:d1:e00e:2::/63
2620:d1:e00e:4::/62
2620:d1:e00e:8::/61
2620:d1:e00e:10::/60
2620:d1:e00e:20::/59
2620:d1:e00e:40::/58
2620:d1:e00e:80::/57
2620:d1:e00e:100::/56
2620:d1:e00e:200::/55
2620:d1:e00e:400::/54
2620:d1:e00e:800::/53
2620:d1:e00e:1000::/52
2620:d1:e00e:2000::/51
2620:d1:e00e:4000::/50
2620:d1:e00e:8000::/49
2620:e1:c000::/48
2620:171:b9::/48
2a02:26f7:e6c0::/48
2a02:26f7:e6c1::/48
2a02:26f7:e6c2::/48
2a02:26f7:e6c3::/48
2a02:26f7:e6c4:100::/56
2a02:26f7:e6c4:200::/55
2a02:26f7:e6c4:400::/54
2a02:26f7:e6c4:800::/53
2a02:26f7:e6c4:1000::/52
2a02:26f7:e6c4:2000::/53
2a02:26f7:e6c4:2800::/54
2a02:26f7:e6c4:2c00::/55
2a02:26f7:e6c4:2f00::/56
2a02:26f7:e6c4:3000::/53
2a02:26f7:e6c4:3800::/56
2a02:26f7:e6c4:3a00::/55
2a02:26f7:e6c4:3c00::/54
2a02:26f7:e6c4:4100::/56
2a02:26f7:e6c4:4200::/55
2a02:26f7:e6c4:4400::/54
2a02:26f7:e6c4:4800::/53
2a02:26f7:e6c4:5000::/53
2a02:26f7:e6c4:5800::/55
2a02:26f7:e6c4:5b00::/56
2a02:26f7:e6c4:5d00::/56
2a02:26f7:e6c4:5e00::/55
2a02:26f7:e6c4:6000::/51
2a02:26f7:e6c4:8000::/52
2a02:26f7:e6c4:9000::/55
2a02:26f7:e6c4:9200::/56
2a02:26f7:e6c4:9400::/54
2a02:26f7:e6c4:9800::/56
2a02:26f7:e6c4:9a00::/55
2a02:26f7:e6c4:9c00::/54
2a02:26f7:e6c4:a000::/51
2a02:26f7:e6c4:c000::/53
2a02:26f7:e6c4:c800::/55
2a02:26f7:e6c4:ca00::/56
2a02:26f7:e6c4:cc00::/54
2a02:26f7:e6c4:d000::/52
2a02:26f7:e6c4:e000::/51
2a02:26f7:e6c5::/48
2a02:26f7:e6c6::/47
2a02:26f7:e6c8::/54
2a02:26f7:e6c8:400::/55
2a02:26f7:e6c8:700::/56
2a02:26f7:e6c8:800::/53
2a02:26f7:e6c8:1000::/52
2a02:26f7:e6c8:2000::/53
2a02:26f7:e6c8:2800::/55
2a02:26f7:e6c8:2b00::/56
2a02:26f7:e6c8:2c00::/54
2a02:26f7:e6c8:3000::/52
2a02:26f7:e6c8:4000::/64
2a02:26f7:e6c8:4f00::/64
2a02:26f7:e6c8:6000::/52
2a02:26f7:e6c8:7000::/53
2a02:26f7:e6c8:7800::/54
2a02:26f7:e6c8:7e00::/55
2a02:26f7:e6c8:8000::/51
2a02:26f7:e6c8:a000::/53
2a02:26f7:e6c8:a800::/54
2a02:26f7:e6c8:ac00::/55
2a02:26f7:e6c8:af00::/56
2a02:26f7:e6c8:b000::/55
2a02:26f7:e6c8:b200::/56
2a02:26f7:e6c8:b400::/54
2a02:26f7:e6c8:b800::/53
2a02:26f7:e6c8:c000::/52
2a02:26f7:e6c8:d000::/54
2a02:26f7:e6c8:d500::/56
2a02:26f7:e6c8:d600::/55
2a02:26f7:e6c8:d800::/54
2a02:26f7:e6c8:dc00::/55
2a02:26f7:e6c8:de00::/56
2a02:26f7:e6c8:e000::/51
2a02:26f7:e6c9::/48
2a02:26f7:e6ca::/47
2a02:26f7:e6cc::/53
2a02:26f7:e6cc:800::/56
2a02:26f7:e6cc:a00::/55
2a02:26f7:e6cc:d00::/56
2a02:26f7:e6cc:e00::/55
2a02:26f7:e6cc:1000::/53
2a02:26f7:e6cc:1800::/56
2a02:26f7:e6cc:1a00::/55
2a02:26f7:e6cc:1c00::/54
2a02:26f7:e6cc:2000::/51
2a02:26f7:e6cc:4000::/64
2a02:26f7:e6cc:4100::/56
2a02:26f7:e6cc:4200::/55
2a02:26f7:e6cc:4400::/54
2a02:26f7:e6cc:4800::/53
2a02:26f7:e6cc:5000::/52
2a02:26f7:e6cc:6000::/52
2a02:26f7:e6cc:7000::/54
2a02:26f7:e6cc:7400::/55
2a02:26f7:e6cc:7700::/56
2a02:26f7:e6cc:7900::/56
2a02:26f7:e6cc:7a00::/55
2a02:26f7:e6cc:7c00::/54
2a02:26f7:e6cc:8000::/54
2a02:26f7:e6cc:8400::/55
2a02:26f7:e6cc:8600::/56
2a02:26f7:e6cc:8800::/53
2a02:26f7:e6cc:9000::/52
2a02:26f7:e6cc:a000::/54
2a02:26f7:e6cc:a400::/55
2a02:26f7:e6cc:a600::/56
2a02:26f7:e6cc:a800::/56
2a02:26f7:e6cc:aa00::/55
2a02:26f7:e6cc:ac00::/54
2a02:26f7:e6cc:b000::/54
2a02:26f7:e6cc:b400::/55
2a02:26f7:e6cc:b600::/56
2a02:26f7:e6cc:b800::/53
2a02:26f7:e6cc:c000::/53
2a02:26f7:e6cc:c900::/56
2a02:26f7:e6cc:ca00::/55
2a02:26f7:e6cc:cc00::/54
2a02:26f7:e6cc:d000::/54
2a02:26f7:e6cc:d400::/56
2a02:26f7:e6cc:d600::/55
2a02:26f7:e6cc:d800::/53
2a02:26f7:e6cc:e000::/51
2a02:26f7:e6cd::/48
2a02:26f7:e6ce::/47
2a02:26f7:e6d0::/48
2a02:26f7:e6d1::/48
2a02:26f7:e6d2::/47
2a02:26f7:e6d4::/46
2a02:26f7:e6d8::/45
2a02:26f7:e6e0::/43
2a03:b600:0:1228::/61
2a03:b600:0:1230::/61
2a04:1d41:f000::/40
2a04:1d42:f000::/40
2a04:1d43:f000::/40
2a04:1d44:f000::/40
2a04:1d45:f000::/40
2a04:1d46:f000::/40
2a04:1d47:f000::/40
2a04:4e41:9:6::/64
2a04:4e41:9:1600::/56
2a04:4e41:a:6::/64
2a04:4e41:a:1600::/56
2a04:4e41:16:36::/64
2a04:4e41:16:3600::/56
2a04:4e41:18:5::/64
2a04:4e41:18:1500::/56
2a04:4e41:614::/48
2a04:4e41:3016::/48
2a04:4e41:3a36::/48
2a04:4e41:401e:e000::/52
2a04:4e41:402e:e000::/52
2a04:4e41:403e:e000::/52
2a04:4e41:404e:e000::/52
2a04:4e41:405e:e000::/52
2a04:4e41:406e:e000::/52
2a04:4e41:407e:e000::/52
2a04:4e41:408e:e000::/52
2a04:4e41:4416::/48
2a05:dfc1:5af7::/48
2a05:dfc1:8c2d::/48
2a06:9ac0::/32
2a06:9f81:39ed::/48
2a06:9f81:43bf:511::/64
2a06:9f81:43bf:512::/63
2a06:9f81:43bf:514::/62
2a06:9f81:43bf:518::/61
2a06:9f81:43bf:520::/62
2a06:9f81:43bf:524::/63
2a06:9f81:43bf:526::/64
2a06:9f81:43bf:528::/61
2a06:9f81:43bf:530::/61
2a06:9f81:43bf:538::/62
2a06:9f81:43bf:53c::/63
2a06:9f81:43bf:53e::/64
2a06:9f81:43ee::/48
2a06:9f81:43ef:f200::/55
2a06:9f81:56ed::/48
2a06:da40::/40
2a07:d887:ed00::/40
2a09:4c0:0:f0::/64
2a09:54c7:2eef::/48
2a09:bac1:7980::/64
2a09:bac1:79a0::/64
2a09:bac1:79c0::/64
2a09:bac1:79e0::/64
2a09:bac2:d2e8::/45
2a09:bac3:d2e8::/45
2a09:bac4:768::/45
2a09:bac4:1768::/45
2a09:bac5:d3e8::/45
2a09:bac6:d3e8::/45
2a0a:6044:77ef::/48
2a0a:6044:f3d9::/48
2a0a:6044:f3da::/47
2a0a:6044:f3dc::/46
2a0a:6044:f3e0::/45
2a0c:9a40:95bf::/53
2a0c:9a40:95bf:800::/55
2a0c:9a40:95bf:a00::/60
2a0c:9a40:95bf:a20::/59
2a0c:9a40:95bf:a40::/58
2a0c:9a40:95bf:a80::/57
2a0c:9a40:95bf:b00::/56
2a0c:9a40:95bf:c00::/54
2a0c:9a46:3ef::/48
2a0d:1641::/32
2a0d:1642::/32
2a0d:1643:0:1::/64
2a0d:1643:0:2::/63
2a0d:1643:0:4::/62
2a0d:1643:0:8::/61
2a0d:1643:0:10::/60
2a0d:1643:0:20::/59
2a0d:1643:0:40::/58
2a0d:1643:0:80::/57
2a0d:1643:0:100::/56
2a0d:1643:0:200::/55
2a0d:1643:0:400::/54
2a0d:1643:0:800::/53
2a0d:1643:0:1000::/52
2a0d:1643:0:2000::/51
2a0d:1643:0:4000::/50
2a0d:1643:0:8000::/49
2a0d:1643:7::/48
2a0d:1643:8::/45
2a0d:1643:10::/44
2a0d:1643:20::/43
2a0d:1643:40::/42
2a0d:1643:80::/41
2a0d:1643:100::/40
2a0d:1643:200::/39
2a0d:1643:400::/38
2a0d:1643:800::/37
2a0d:1643:1000::/36
2a0d:1643:2000::/35
2a0d:1643:4000::/34
2a0d:1643:8000::/33
2a0d:1644::/30
2a0d:63c2::/31
2a0d:63c4::/30
2a0d:9447:7800::/37
2a0e:b107:270::/48
2a0f:1cc5:b10:1d00::/56
2a0f:1cc5:b11:1d00::/56
2a0f:1cc5:b12:1d00::/56
2a0f:1cc5:b13:1d00::/56
2a0f:1cc5:b14:1d00::/56
2a0f:1cc5:b15:1d00::/56
2a0f:1cc5:b16:1d00::/56
2a0f:1cc5:b17:1d00::/56
2a0f:7803:fb0f::/48
2a0f:a302:9800::/37
2a10:ebc0::/29
2a11:2880::/29
2a11:3a85:6000::/35
2a12:bec4:12a4::/62
2a12:bec4:12a4:4::/64
2a12:bec4:12a4:7::/64
2a12:bec4:12a4:8::/61
2a12:bec4:12a4:10::/60
2a12:bec4:12a4:20::/59
2a12:bec4:12a4:40::/58
2a12:bec4:12a4:80::/57
2a12:bec4:12a4:100::/56
2a12:bec4:12a4:200::/55
2a12:bec4:12a4:400::/59
2a12:bec4:12a4:420::/60
2a12:bec4:12a4:430::/62
2a12:bec4:12a4:434::/63
2a12:bec4:12a4:537::/64
2a12:bec4:12a4:538::/64
2a12:bec4:12a4:546::/63
2a12:bec4:12a4:548::/61
2a12:bec4:12a4:550::/60
2a12:bec4:12a4:560::/60
2a12:bec4:12a4:570::/64
2a12:bec4:12a4:573::/64
2a12:bec4:12a4:574::/63
2a12:bec4:12a4:576::/64
2a12:bec4:12a4:579::/64
2a12:bec4:12a4:57a::/63
2a12:bec4:12a4:57c::/62
2a12:bec4:12a4:580::/57
2a12:bec4:12a4:600::/58
2a12:bec4:12a4:640::/60
2a12:bec4:12a4:650::/62
2a12:bec4:12a4:654::/64
2a12:bec4:12a4:657::/64
2a12:bec4:12a4:658::/61
2a12:bec4:12a4:660::/59
2a12:bec4:12a4:680::/57
2a12:bec4:12a4:700::/58
2a12:bec4:12a4:740::/60
2a12:bec4:12a4:750::/61
2a12:bec4:12a4:758::/63
2a12:bec4:12a4:75c::/62
2a12:bec4:12a4:760::/59
2a12:bec4:12a4:780::/57
2a12:bec4:12a4:802::/64
2a12:bec4:12a4:805::/64
2a12:bec4:12a4:808::/64
2a12:bec4:12a4:80b::/64
2a12:bec4:12a4:80e::/64
2a12:bec4:12a4:811::/64
2a12:bec4:12a4:814::/64
2a12:bec4:12a4:817::/64
2a12:bec4:12a4:81a::/64
2a12:bec4:12a4:81d::/64
2a12:bec4:12a4:820::/64
2a12:bec4:12a4:823::/64
2a12:bec4:12a4:826::/63
2a12:bec4:12a4:82a::/63
2a12:bec4:12a4:82c::/62
2a12:bec4:12a4:830::/61
2a12:bec4:12a4:83a::/64
2a12:bec4:12a4:85b::/64
2a12:bec4:12a4:85c::/62
2a12:bec4:12a4:860::/60
2a12:bec4:12a4:870::/61
2a12:bec4:12a4:878::/62
2a12:bec4:12a4:87c::/63
2a12:bec4:12a4:885::/64
2a12:bec4:12a4:886::/63
2a12:bec4:12a4:88a::/63
2a12:bec4:12a4:88c::/62
2a12:bec4:12a4:890::/62
2a12:bec4:12a4:896::/63
2a12:bec4:12a4:898::/63
2a12:bec4:12a4:89a::/64
2a12:bec4:12a4:89d::/64
2a12:bec4:12a4:89e::/63
2a12:bec4:12a4:8a0::/61
2a12:bec4:12a4:8a8::/62
2a12:bec4:12a4:8ac::/63
2a12:bec4:12a4:8ae::/64
2a12:bec4:12a4:8b1::/64
2a12:bec4:12a4:8b2::/63
2a12:bec4:12a4:8b4::/62
2a12:bec4:12a4:8b8::/61
2a12:bec4:12a4:8c0::/64
2a12:bec4:12a4:8e1::/64
2a12:bec4:12a4:8e2::/63
2a12:bec4:12a4:8e4::/62
2a12:bec4:12a4:8e8::/62
2a12:bec4:12a4:8ee::/63
2a12:bec4:12a4:8f0::/60
2a12:bec4:12a4:900::/59
2a12:bec4:12a4:920::/61
2a12:bec4:12a4:928::/64
2a12:bec4:12a4:92b::/64
2a12:bec4:12a4:92c::/62
2a12:bec4:12a4:930::/61
2a12:bec4:12a4:938::/62
2a12:bec4:12a4:93c::/64
2a12:bec4:12a4:93f::/64
2a12:bec4:12a4:940::/58
2a12:bec4:12a4:980::/58
2a12:bec4:12a4:9c0::/59
2a12:bec4:12a4:9e0::/61
2a12:bec4:12a4:9e8::/63
2a12:bec4:12a4:9ea::/64
2a12:bec4:12a4:9ed::/64
2a12:bec4:12a4:9ee::/63
2a12:bec4:12a4:9f0::/60
2a12:bec4:12a4:a00::/61
2a12:bec4:12a4:a08::/62
2a12:bec4:12a4:a0c::/64
2a12:bec4:12a4:a10::/63
2a12:bec4:12a4:a14::/62
2a12:bec4:12a4:a18::/61
2a12:bec4:12a4:a32::/63
2a12:bec4:12a4:a34::/64
2a12:bec4:12a4:a37::/64
2a12:bec4:12a4:a38::/63
2a12:bec4:12a4:a3d::/64
2a12:bec4:12a4:a3e::/63
2a12:bec4:12a4:a42::/63
2a12:bec4:12a4:a44::/64
2a12:bec4:12a4:a48::/61
2a12:bec4:12a4:a50::/60
2a12:bec4:12a4:a60::/61
2a12:bec4:12a4:a6c::/62
2a12:bec4:12a4:a70::/60
2a12:bec4:12a4:a80::/63
2a12:bec4:12a4:a84::/62
2a12:bec4:12a4:a88::/62
2a12:bec4:12a4:a8c::/63
2a12:bec4:12a4:a9e::/63
2a12:bec4:12a4:aa0::/62
2a12:bec4:12a4:aa6::/63
2a12:bec4:12a4:aa8::/64
2a12:bec4:12a4:aab::/64
2a12:bec4:12a4:aac::/62
2a12:bec4:12a4:ab0::/61
2a12:bec4:12a4:ab8::/62
2a12:bec4:12a4:abe::/63
2a12:bec4:12a4:ac0::/60
2a12:bec4:12a4:ad4::/62
2a12:bec4:12a4:ad8::/63
2a12:bec4:12a4:ada::/64
2a12:bec4:12a4:adf::/64
2a12:bec4:12a4:ae0::/61
2a12:bec4:12a4:ae8::/64
2a12:bec4:12a4:aeb::/64
2a12:bec4:12a4:aec::/62
2a12:bec4:12a4:af0::/62
2a12:bec4:12a4:af6::/63
2a12:bec4:12a4:af8::/62
2a12:bec4:12a4:afc::/63
2a12:bec4:12a4:b00::/60
2a12:bec4:12a4:b10::/62
2a12:bec4:12a4:b16::/63
2a12:bec4:12a4:b18::/63
2a12:bec4:12a4:b1a::/64
2a12:bec4:12a4:b1d::/64
2a12:bec4:12a4:b1e::/63
2a12:bec4:12a4:b20::/62
2a12:bec4:12a4:b24::/64
2a12:bec4:12a4:b27::/64
2a12:bec4:12a4:b28::/61
2a12:bec4:12a4:b30::/60
2a12:bec4:12a4:b40::/60
2a12:bec4:12a4:b50::/61
2a12:bec4:12a4:b58::/62
2a12:bec4:12a4:b5c::/64
2a12:bec4:12a4:b5f::/64
2a12:bec4:12a4:b60::/61
2a12:bec4:12a4:b6a::/63
2a12:bec4:12a4:b6c::/62
2a12:bec4:12a4:b70::/62
2a12:bec4:12a4:b74::/63
2a12:bec4:12a4:b86::/64
2a12:bec4:12a4:b8a::/63
2a12:bec4:12a4:b8c::/62
2a12:bec4:12a4:b90::/63
2a12:bec4:12a4:bd4::/63
2a12:bec4:12a4:bd6::/64
2a12:bec4:12a4:bdb::/64
2a12:bec4:12a4:bdc::/62
2a12:bec4:12a4:be0::/63
2a12:bec4:12a4:be5::/64
2a12:bec4:12a4:be6::/63
2a12:bec4:12a4:be8::/63
2a12:bec4:12a4:bed::/64
2a12:bec4:12a4:bee::/63
2a12:bec4:12a4:bf0::/64
2a12:bec4:12a4:cc0::/58
2a12:bec4:12a4:d00::/58
2a12:bec4:12a4:d40::/59
2a12:bec4:12a4:d60::/63
2a12:bec4:12a4:d62::/64
2a12:bec4:12a4:d65::/64
2a12:bec4:12a4:d66::/63
2a12:bec4:12a4:d68::/61
2a12:bec4:12a4:d70::/60
2a12:bec4:12a4:d80::/64
2a12:bec4:12a4:d83::/64
2a12:bec4:12a4:d84::/62
2a12:bec4:12a4:d88::/61
2a12:bec4:12a4:d90::/60
2a12:bec4:12a4:da0::/59
2a12:bec4:12a4:dc0::/61
2a12:bec4:12a4:dc8::/62
2a12:bec4:12a4:dcc::/63
2a12:bec4:12a4:dce::/64
2a12:bec4:12a4:dd1::/64
2a12:bec4:12a4:dd2::/63
2a12:bec4:12a4:dd4::/62
2a12:bec4:12a4:dd8::/61
2a12:bec4:12a4:de0::/59
2a12:bec4:12a4:e00::/59
2a12:bec4:12a4:e20::/62
2a12:bec4:12a4:e24::/63
2a12:bec4:12a4:e26::/64
2a12:bec4:12a4:e29::/64
2a12:bec4:12a4:e2a::/64
2a12:bec4:12a4:e2d::/64
2a12:bec4:12a4:e2e::/63
2a12:bec4:12a4:e30::/61
2a12:bec4:12a4:e38::/62
2a12:bec4:12a4:e3c::/63
2a12:bec4:12a4:e40::/58
2a12:bec4:12a4:e80::/60
2a12:bec4:12a4:e90::/64
2a12:bec4:12a4:e93::/64
2a12:bec4:12a4:e94::/62
2a12:bec4:12a4:e98::/63
2a12:bec4:12a4:e9c::/62
2a12:bec4:12a4:ea0::/61
2a12:bec4:12a4:ea8::/62
2a12:bec4:12a4:eae::/63
2a12:bec4:12a4:eb0::/63
2a12:bec4:12a4:eb4::/62
2a12:bec4:12a4:eb8::/64
2a12:bec4:12a4:ebb::/64
2a12:bec4:12a4:ebc::/62
2a12:bec4:12a4:ec0::/58
2a12:bec4:12a4:f00::/59
2a12:bec4:12a4:f20::/60
2a12:bec4:12a4:f30::/61
2a12:bec4:12a4:f38::/62
2a12:bec4:12a4:f3e::/63
2a12:bec4:12a4:f40::/58
2a12:bec4:12a4:f80::/57
2a12:bec4:12a4:1000::/59
2a12:bec4:12a4:1020::/61
2a12:bec4:12a4:1028::/62
2a12:bec4:12a4:102c::/64
2a12:bec4:12a4:102f::/64
2a12:bec4:12a4:1030::/60
2a12:bec4:12a4:1040::/60
2a12:bec4:12a4:1050::/63
2a12:bec4:12a4:1052::/64
2a12:bec4:12a4:1055::/64
2a12:bec4:12a4:1056::/63
2a12:bec4:12a4:1058::/61
2a12:bec4:12a4:1060::/59
2a12:bec4:12a4:1080::/57
2a12:bec4:12a4:1100::/57
2a12:bec4:12a4:1180::/60
2a12:bec4:12a4:1190::/61
2a12:bec4:12a4:1198::/62
2a12:bec4:12a4:119c::/63
2a12:bec4:12a4:11a0::/59
2a12:bec4:12a4:11c0::/58
2a12:bec4:12a4:1200::/58
2a12:bec4:12a4:1240::/59
2a12:bec4:12a4:1260::/60
2a12:bec4:12a4:1270::/61
2a12:bec4:12a4:1278::/62
2a12:bec4:12a4:127c::/63
2a12:bec4:12a4:127e::/64
2a12:bec4:12a4:1281::/64
2a12:bec4:12a4:1282::/63
2a12:bec4:12a4:1284::/62
2a12:bec4:12a4:1288::/61
2a12:bec4:12a4:1290::/60
2a12:bec4:12a4:12a0::/61
2a12:bec4:12a4:12aa::/63
2a12:bec4:12a4:12ac::/62
2a12:bec4:12a4:12b0::/60
2a12:bec4:12a4:12c0::/58
2a12:bec4:12a4:1300::/60
2a12:bec4:12a4:1310::/61
2a12:bec4:12a4:1318::/64
2a12:bec4:12a4:131b::/64
2a12:bec4:12a4:131c::/62
2a12:bec4:12a4:1320::/59
2a12:bec4:12a4:1340::/61
2a12:bec4:12a4:1348::/62
2a12:bec4:12a4:134e::/63
2a12:bec4:12a4:1350::/61
2a12:bec4:12a4:1358::/62
2a12:bec4:12a4:135c::/63
2a12:bec4:12a4:135e::/64
2a12:bec4:12a4:1361::/64
2a12:bec4:12a4:1362::/63
2a12:bec4:12a4:1364::/62
2a12:bec4:12a4:1368::/61
2a12:bec4:12a4:1370::/62
2a12:bec4:12a4:1374::/63
2a12:bec4:12a4:1376::/64
2a12:bec4:12a4:1379::/64
2a12:bec4:12a4:137a::/63
2a12:bec4:12a4:137c::/62
2a12:bec4:12a4:1380::/57
2a12:bec4:12a4:1400::/57
2a12:bec4:12a4:1480::/59
2a12:bec4:12a4:14a0::/63
2a12:bec4:12a4:14a2::/64
2a12:bec4:12a4:14a5::/64
2a12:bec4:12a4:14a6::/63
2a12:bec4:12a4:14a8::/62
2a12:bec4:12a4:14ae::/63
2a12:bec4:12a4:14b0::/60
2a12:bec4:12a4:14c0::/58
2a12:bec4:12a4:1500::/58
2a12:bec4:12a4:1540::/61
2a12:bec4:12a4:1548::/62
2a12:bec4:12a4:154c::/63
2a12:bec4:12a4:1550::/60
2a12:bec4:12a4:1560::/61
2a12:bec4:12a4:1568::/62
2a12:bec4:12a4:156c::/63
2a12:bec4:12a4:156e::/64
2a12:bec4:12a4:1571::/64
2a12:bec4:12a4:1572::/63
2a12:bec4:12a4:1574::/62
2a12:bec4:12a4:1578::/63
2a12:bec4:12a4:157a::/64
2a12:bec4:12a4:157f::/64
2a12:bec4:12a4:1580::/62
2a12:bec4:12a4:1584::/63
2a12:bec4:12a4:1588::/61
2a12:bec4:12a4:1590::/60
2a12:bec4:12a4:15a0::/59
2a12:bec4:12a4:15c0::/60
2a12:bec4:12a4:15d0::/61
2a12:bec4:12a4:15d8::/62
2a12:bec4:12a4:15de::/63
2a12:bec4:12a4:15e0::/59
2a12:bec4:12a4:1600::/62
2a12:bec4:12a4:1606::/63
2a12:bec4:12a4:1608::/61
2a12:bec4:12a4:1610::/61
2a12:bec4:12a4:1618::/62
2a12:bec4:12a4:161c::/63
2a12:bec4:12a4:161e::/64
2a12:bec4:12a4:1621::/64
2a12:bec4:12a4:1622::/63
2a12:bec4:12a4:1624::/62
2a12:bec4:12a4:1628::/61
2a12:bec4:12a4:1630::/60
2a12:bec4:12a4:1640::/60
2a12:bec4:12a4:1652::/63
2a12:bec4:12a4:1654::/62
2a12:bec4:12a4:165a::/63
2a12:bec4:12a4:165c::/62
2a12:bec4:12a4:1662::/63
2a12:bec4:12a4:1664::/62
2a12:bec4:12a4:1668::/61
2a12:bec4:12a4:1670::/60
2a12:bec4:12a4:1680::/62
2a12:bec4:12a4:1684::/63
2a12:bec4:12a4:1686::/64
2a12:bec4:12a4:1689::/64
2a12:bec4:12a4:168a::/63
2a12:bec4:12a4:168c::/62
2a12:bec4:12a4:1690::/62
2a12:bec4:12a4:1694::/63
2a12:bec4:12a4:1696::/64
2a12:bec4:12a4:1699::/64
2a12:bec4:12a4:169c::/62
2a12:bec4:12a4:16a0::/61
2a12:bec4:12a4:16a8::/62
2a12:bec4:12a4:16ac::/63
2a12:bec4:12a4:16b0::/60
2a12:bec4:12a4:16c0::/64
2a12:bec4:12a4:16c3::/64
2a12:bec4:12a4:16c4::/62
2a12:bec4:12a4:16ca::/63
2a12:bec4:12a4:16cc::/62
2a12:bec4:12a4:16d0::/60
2a12:bec4:12a4:16e0::/60
2a12:bec4:12a4:16f0::/64
2a12:bec4:12a4:16f3::/64
2a12:bec4:12a4:16f4::/63
2a12:bec4:12a4:16f8::/61
2a12:bec4:12a4:1700::/61
2a12:bec4:12a4:1708::/62
2a12:bec4:12a4:170c::/63
2a12:bec4:12a4:170e::/64
2a12:bec4:12a4:1711::/64
2a12:bec4:12a4:1712::/63
2a12:bec4:12a4:1714::/62
2a12:bec4:12a4:1718::/61
2a12:bec4:12a4:1720::/59
2a12:bec4:12a4:1740::/61
2a12:bec4:12a4:1748::/62
2a12:bec4:12a4:174c::/64
2a12:bec4:12a4:174f::/64
2a12:bec4:12a4:1750::/60
2a12:bec4:12a4:1760::/59
2a12:bec4:12a4:1780::/58
2a12:bec4:12a4:17c0::/59
2a12:bec4:12a4:17e0::/61
2a12:bec4:12a4:17e8::/63
2a12:bec4:12a4:17ec::/62
2a12:bec4:12a4:17f0::/60
2a12:bec4:12a4:1800::/60
2a12:bec4:12a4:1810::/64
2a12:bec4:12a4:1813::/64
2a12:bec4:12a4:1814::/62
2a12:bec4:12a4:1818::/61
2a12:bec4:12a4:1820::/59
2a12:bec4:12a4:1840::/58
2a12:bec4:12a4:1880::/58
2a12:bec4:12a4:18c0::/59
2a12:bec4:12a4:18e0::/60
2a12:bec4:12a4:18f0::/61
2a12:bec4:12a4:18f8::/62
2a12:bec4:12a4:18fe::/63
2a12:bec4:12a4:1900::/59
2a12:bec4:12a4:1920::/60
2a12:bec4:12a4:1930::/62
2a12:bec4:12a4:1934::/63
2a12:bec4:12a4:1936::/64
2a12:bec4:12a4:1939::/64
2a12:bec4:12a4:193a::/63
2a12:bec4:12a4:193c::/62
2a12:bec4:12a4:1940::/59
2a12:bec4:12a4:1960::/60
2a12:bec4:12a4:1970::/62
2a12:bec4:12a4:1974::/63
2a12:bec4:12a4:1978::/61
2a12:bec4:12a4:1980::/59
2a12:bec4:12a4:19a0::/60
2a12:bec4:12a4:19b0::/63
2a12:bec4:12a4:19b2::/64
2a12:bec4:12a4:21e4::/64
2a12:bec4:12a4:5a66::/64
2a12:bec4:12a4:5ec4::/62
2a12:bec4:12a4:5ec8::/61
2a12:bec4:12a4:5ed0::/60
2a12:bec4:12a4:5ee0::/60
2a12:bec4:12a4:5ef0::/61
2a12:bec4:12a4:5ef8::/62
2a12:bec4:12a4:5efc::/63
2a12:bec4:12a4:5efe::/64
2a12:bec4:12a5:5a::/63
2a12:bec4:12a5:5c::/62
2a12:bec4:12a5:60::/60
2a12:bec4:12a5:70::/63
2a12:bec4:12a5:74::/62
2a12:bec4:12a5:78::/61
2a12:bec4:12a5:80::/57
2a12:bec4:12a5:100::/58
2a12:bec4:12a5:140::/63
2a12:bec4:12a5:142::/64
2a12:bec4:12a5:145::/64
2a12:bec4:12a5:149::/64
2a12:bec4:12a5:14a::/63
2a12:bec4:12a5:14c::/62
2a12:bec4:12a5:150::/60
2a12:bec4:12a5:160::/59
2a12:bec4:12a5:180::/64
2a12:bec4:12a5:183::/64
2a12:bec4:12a5:184::/62
2a12:bec4:12a5:188::/61
2a12:bec4:12a5:190::/60
2a12:bec4:12a5:1a0::/59
2a12:bec4:12a5:1c0::/58
2a12:bec4:12a5:200::/55
2a12:bec4:12a5:400::/58
2a12:bec4:12a5:440::/60
2a12:bec4:12a5:450::/62
2a12:bec4:12a5:456::/63
2a12:bec4:12a5:458::/64
2a12:bec4:12a5:45b::/64
2a12:bec4:12a5:45c::/62
2a12:bec4:12a5:460::/59
2a12:bec4:12a5:480::/59
2a12:bec4:12a5:4a0::/60
2a12:bec4:12a5:4b0::/64
2a12:bec4:12a5:4b3::/64
2a12:bec4:12a5:4b4::/62
2a12:bec4:12a5:4b8::/61
2a12:bec4:12a5:4c0::/58
2a12:bec4:12a5:500::/56
2a12:bec4:12a5:600::/57
2a12:bec4:12a5:680::/62
2a12:bec4:12a5:686::/63
2a12:bec4:12a5:688::/61
2a12:bec4:12a5:690::/60
2a12:bec4:12a5:6a0::/59
2a12:bec4:12a5:6c0::/63
2a12:bec4:12a5:6c4::/62
2a12:bec4:12a5:6c8::/61
2a12:bec4:12a5:6d0::/60
2a12:bec4:12a5:6e0::/59
2a12:bec4:12a5:700::/57
2a12:bec4:12a5:780::/58
2a12:bec4:12a5:7c0::/62
2a12:bec4:12a5:7c4::/64
2a12:bec4:12a5:7c6::/63
2a12:bec4:12a5:7c8::/61
2a12:bec4:12a5:7d0::/60
2a12:bec4:12a5:7e0::/59
2a12:bec4:12a5:800::/59
2a12:bec4:12a5:820::/60
2a12:bec4:12a5:830::/61
2a12:bec4:12a5:838::/64
2a12:bec4:12a5:83b::/64
2a12:bec4:12a5:83c::/62
2a12:bec4:12a5:840::/58
2a12:bec4:12a5:880::/59
2a12:bec4:12a5:8a0::/61
2a12:bec4:12a5:8ac::/62
2a12:bec4:12a5:8b0::/60
2a12:bec4:12a5:8c0::/58
2a12:bec4:12a5:900::/59
2a12:bec4:12a5:920::/60
2a12:bec4:12a5:930::/61
2a12:bec4:12a5:93a::/63
2a12:bec4:12a5:93c::/62
2a12:bec4:12a5:940::/59
2a12:bec4:12a5:960::/60
2a12:bec4:12a5:970::/61
2a12:bec4:12a5:978::/62
2a12:bec4:12a5:97c::/63
2a12:bec4:12a5:97e::/64
2a12:bec4:12a5:983::/64
2a12:bec4:12a5:984::/62
2a12:bec4:12a5:988::/61
2a12:bec4:12a5:990::/63
2a12:bec4:12a5:993::/64
2a12:bec4:12a5:994::/62
2a12:bec4:12a5:998::/61
2a12:bec4:12a5:9a0::/62
2a12:bec4:12a5:9a4::/63
2a12:bec4:12a5:9a6::/64
2a12:bec4:12a5:9aa::/63
2a12:bec4:12a5:9ac::/62
2a12:bec4:12a5:9b0::/60
2a12:bec4:12a5:9c0::/58
2a12:bec4:12a5:a00::/56
2a12:bec4:12a5:b00::/57
2a12:bec4:12a5:b80::/58
2a12:bec4:12a5:bc0::/61
2a12:bec4:12a5:bc8::/62
2a12:bec4:12a5:bcd::/64
2a12:bec4:12a5:bce::/63
2a12:bec4:12a5:bd0::/61
2a12:bec4:12a5:bd8::/62
2a12:bec4:12a5:bdc::/63
2a12:bec4:12a5:bde::/64
2a12:bec4:12a5:be0::/59
2a12:bec4:12a5:c00::/57
2a12:bec4:12a5:c80::/58
2a12:bec4:12a5:cc0::/59
2a12:bec4:12a5:ce0::/60
2a12:bec4:12a5:cf0::/63
2a12:bec4:12a5:cf2::/64
2a12:bec4:12a5:cf4::/62
2a12:bec4:12a5:cf8::/61
2a12:bec4:12a5:d00::/64
2a12:bec4:12a5:d03::/64
2a12:bec4:12a5:d04::/62
2a12:bec4:12a5:d08::/61
2a12:bec4:12a5:d10::/60
2a12:bec4:12a5:d20::/59
2a12:bec4:12a5:d40::/59
2a12:bec4:12a5:d60::/61
2a12:bec4:12a5:d68::/62
2a12:bec4:12a5:d6e::/63
2a12:bec4:12a5:d70::/60
2a12:bec4:12a5:d80::/57
2a12:bec4:12a5:e00::/58
2a12:bec4:12a5:e40::/59
2a12:bec4:12a5:e60::/60
2a12:bec4:12a5:e70::/61
2a12:bec4:12a5:e78::/62
2a12:bec4:12a5:e7d::/64
2a12:bec4:12a5:e7e::/63
2a12:bec4:12a5:e80::/61
2a12:bec4:12a5:e8a::/63
2a12:bec4:12a5:e8c::/62
2a12:bec4:12a5:e90::/60
2a12:bec4:12a5:ea0::/59
2a12:bec4:12a5:ec0::/58
2a12:bec4:12a5:f00::/58
2a12:bec4:12a5:f40::/60
2a12:bec4:12a5:f50::/61
2a12:bec4:12a5:f58::/63
2a12:bec4:12a5:f5b::/64
2a12:bec4:12a5:f5c::/62
2a12:bec4:12a5:f60::/61
2a12:bec4:12a5:f68::/62
2a12:bec4:12a5:f6d::/64
2a12:bec4:12a5:f6e::/63
2a12:bec4:12a5:f70::/60
2a12:bec4:12a5:f80::/57
2a12:bec4:12a5:13a6::/63
2a12:bec4:12a5:13aa::/63
2a12:bec4:12a5:13ac::/62
2a12:bec4:12a5:13b0::/60
2a12:bec4:12a5:13c0::/59
2a12:bec4:12a5:13e0::/60
2a12:bec4:12a5:13f0::/61
2a12:bec4:12a5:13f8::/63
2a12:bec4:12a5:13fc::/62
2a12:bec4:12a5:1400::/58
2a12:bec4:12a5:1440::/61
2a12:bec4:12a5:1449::/64
2a12:bec4:12a5:144a::/63
2a12:bec4:12a5:144c::/62
2a12:bec4:12a5:1450::/60
2a12:bec4:12a5:1460::/59
2a12:bec4:12a5:1480::/57
2a12:bec4:12a5:1500::/57
2a12:bec4:12a5:1580::/58
2a12:bec4:12a5:15c0::/59
2a12:bec4:12a5:15e0::/62
2a12:bec4:12a5:15eb::/64
2a12:bec4:12a5:15ec::/62
2a12:bec4:12a5:15f0::/60
2a12:bec4:12a5:1600::/56
2a12:bec4:12a5:1700::/58
2a12:bec4:12a5:1740::/60
2a12:bec4:12a5:1750::/61
2a12:bec4:12a5:1758::/63
2a12:bec4:12a5:175a::/64
2a12:bec4:12a5:4000::/53
2a12:bec4:12a5:4800::/56
2a12:bec4:12a5:4900::/59
2a12:bec4:12a5:4920::/60
2a12:bec4:12a5:4932::/63
2a12:bec4:12a5:4934::/62
2a12:bec4:12a5:4938::/61
2a12:bec4:12a5:4940::/58
2a12:bec4:12a5:4980::/59
2a12:bec4:12a5:49a0::/60
2a12:bec4:12a5:49b0::/61
2a12:bec4:12a5:49b8::/62
2a12:bec4:12a5:49be::/63
2a12:bec4:12a5:49c0::/58
2a12:bec4:12a5:4a00::/58
2a12:bec4:12a5:4a40::/62
2a12:bec4:12a5:4a44::/63
2a12:bec4:12a5:4a48::/61
2a12:bec4:12a5:4a50::/60
2a12:bec4:12a5:4a60::/59
2a12:bec4:12a5:4a80::/60
2a12:bec4:12a5:4a90::/63
2a12:bec4:12a5:4a92::/64
2a12:bec4:12a5:4a95::/64
2a12:bec4:12a5:4a96::/63
2a12:bec4:12a5:4a98::/61
2a12:bec4:12a5:4aa0::/59
2a12:bec4:12a5:4ac0::/58
2a12:bec4:12a5:4b00::/56
2a12:bec4:12a5:4c00::/54
2a12:bec4:12a5:5000::/54
2a12:bec4:12a5:5400::/55
2a12:bec4:12a5:5600::/56
2a12:bec4:12a5:5700::/58
2a12:bec4:12a5:5740::/59
2a12:bec4:12a5:5760::/60
2a12:bec4:12a5:5770::/61
2a12:bec4:12a5:5778::/62
2a12:bec4:12a5:577c::/63
2a12:bec4:12a6::/61
2a12:bec4:12a6:8::/62
2a12:bec4:12a6:c::/63
2a12:bec4:12a6:10::/64
2a12:bec4:12a6:13::/64
2a12:bec4:12a6:14::/62
2a12:bec4:12a6:18::/61
2a12:bec4:12a6:20::/61
2a12:bec4:12a6:28::/64
2a12:bec4:12a6:2b::/64
2a12:bec4:12a6:2c::/62
2a12:bec4:12a6:30::/60
2a12:bec4:12a6:40::/60
2a12:bec4:12a6:50::/61
2a12:bec4:12a6:58::/63
2a12:bec4:12a6:62::/63
2a12:bec4:12a6:64::/62
2a12:bec4:12a6:68::/61
2a12:bec4:12a6:70::/60
2a12:bec4:12a6:80::/58
2a12:bec4:12a6:c0::/62
2a12:bec4:12a6:c4::/63
2a12:bec4:12a6:c6::/64
2a12:bec4:12a6:c9::/64
2a12:bec4:12a6:ca::/63
2a12:bec4:12a6:cc::/63
2a12:bec4:12a6:ce::/64
2a12:bec4:12a6:d3::/64
2a12:bec4:12a6:d8::/63
2a12:bec4:12a6:dc::/64
2a12:bec4:12a6:e0::/64
2a12:bec4:12a6:e3::/64
2a12:bec4:12a6:e4::/63
2a12:bec4:12a6:ea::/64
2a12:bec4:12a6:ed::/64
2a12:bec4:12a6:ee::/63
2a12:bec4:12a6:f0::/60
2a12:bec4:12a6:100::/63
2a12:bec4:12a6:102::/64
2a12:bec4:12a6:105::/64
2a12:bec4:12a6:106::/64
2a12:bec4:12a6:10b::/64
2a12:bec4:12a6:10c::/62
2a12:bec4:12a6:110::/61
2a12:bec4:12a6:118::/64
2a12:bec4:12a6:11b::/64
2a12:bec4:12a6:11c::/62
2a12:bec4:12a6:120::/59
2a12:bec4:12a6:140::/59
2a12:bec4:12a6:160::/60
2a12:bec4:12a6:170::/62
2a12:bec4:12a6:174::/63
2a12:bec4:12a6:176::/64
2a12:bec4:12a6:179::/64
2a12:bec4:12a6:17a::/63
2a12:bec4:12a6:17c::/62
2a12:bec4:12a6:180::/60
2a12:bec4:12a6:192::/63
2a12:bec4:12a6:194::/63
2a12:bec4:12a6:198::/61
2a12:bec4:12a6:1a0::/61
2a12:bec4:12a6:1a8::/62
2a12:bec4:12a6:1ac::/63
2a12:bec4:12a6:1ae::/64
2a12:bec4:12a6:1b1::/64
2a12:bec4:12a6:1b6::/63
2a12:bec4:12a6:1ba::/63
2a12:bec4:12a6:1bc::/64
2a12:bec4:12a6:1bf::/64
2a12:bec4:12a6:1c0::/62
2a12:bec4:12a6:1c4::/64
2a12:bec4:12a6:1c7::/64
2a12:bec4:12a6:1c8::/63
2a12:bec4:12a6:1ca::/64
2a12:bec4:12a6:1cd::/64
2a12:bec4:12a6:1ce::/63
2a12:bec4:12a6:1d2::/63
2a12:bec4:12a6:1d6::/63
2a12:bec4:12a6:1d8::/61
2a12:bec4:12a6:1e4::/62
2a12:bec4:12a6:1ea::/63
2a12:bec4:12a6:1ec::/62
2a12:bec4:12a6:1f0::/63
2a12:bec4:12a6:1f2::/64
2a12:bec4:12a6:1f5::/64
2a12:bec4:12a6:1f6::/63
2a12:bec4:12a6:1f8::/61
2a12:bec4:12a6:200::/63
2a12:bec4:12a6:204::/62
2a12:bec4:12a6:208::/61
2a12:bec4:12a6:210::/63
2a12:bec4:12a6:212::/64
2a12:bec4:12a6:215::/64
2a12:bec4:12a6:216::/63
2a12:bec4:12a6:218::/61
2a12:bec4:12a6:220::/59
2a12:bec4:12a6:240::/61
2a12:bec4:12a6:248::/62
2a12:bec4:12a6:24c::/63
2a12:bec4:12a6:250::/61
2a12:bec4:12a6:258::/62
2a12:bec4:12a6:25c::/63
2a12:bec4:12a6:25e::/64
2a12:bec4:12a6:261::/64
2a12:bec4:12a6:262::/63
2a12:bec4:12a6:266::/63
2a12:bec4:12a6:268::/61
2a12:bec4:12a6:270::/61
2a12:bec4:12a6:27a::/63
2a12:bec4:12a6:27c::/62
2a12:bec4:12a6:280::/63
2a12:bec4:12a6:282::/64
2a12:bec4:12a6:285::/64
2a12:bec4:12a6:286::/63
2a12:bec4:12a6:288::/61
2a12:bec4:12a6:290::/63
2a12:bec4:12a6:292::/64
2a12:bec4:12a6:295::/64
2a12:bec4:12a6:296::/64
2a12:bec4:12a6:299::/64
2a12:bec4:12a6:29a::/63
2a12:bec4:12a6:29c::/62
2a12:bec4:12a6:2a0::/62
2a12:bec4:12a6:2a8::/61
2a12:bec4:12a6:2b2::/63
2a12:bec4:12a6:2b4::/62
2a12:bec4:12a6:2ba::/63
2a12:bec4:12a6:2be::/63
2a12:bec4:12a6:2c0::/60
2a12:bec4:12a6:2d0::/63
2a12:bec4:12a6:2d2::/64
2a12:bec4:12a6:2d5::/64
2a12:bec4:12a6:2d6::/63
2a12:bec4:12a6:2d8::/61
2a12:bec4:12a6:2e4::/62
2a12:bec4:12a6:2e8::/63
2a12:bec4:12a6:2ea::/64
2a12:bec4:12a6:2ed::/64
2a12:bec4:12a6:2ee::/63
2a12:bec4:12a6:2f0::/61
2a12:bec4:12a6:2f8::/63
2a12:bec4:12a6:2fa::/64
2a12:bec4:12a6:2fd::/64
2a12:bec4:12a6:300::/62
2a12:bec4:12a6:304::/63
2a12:bec4:12a6:306::/64
2a12:bec4:12a6:309::/64
2a12:bec4:12a6:30a::/63
2a12:bec4:12a6:30c::/62
2a12:bec4:12a6:310::/63
2a12:bec4:12a6:312::/64
2a12:bec4:12a6:315::/64
2a12:bec4:12a6:316::/63
2a12:bec4:12a6:31a::/64
2a12:bec4:12a6:31d::/64
2a12:bec4:12a6:31e::/63
2a12:bec4:12a6:320::/60
2a12:bec4:12a6:330::/62
2a12:bec4:12a6:336::/64
2a12:bec4:12a6:339::/64
2a12:bec4:12a6:33a::/63
2a12:bec4:12a6:33c::/63
2a12:bec4:12a6:342::/63
2a12:bec4:12a6:344::/64
2a12:bec4:12a6:347::/64
2a12:bec4:12a6:348::/62
2a12:bec4:12a6:34c::/63
2a12:bec4:12a6:34e::/64
2a12:bec4:12a6:351::/64
2a12:bec4:12a6:352::/63
2a12:bec4:12a6:354::/62
2a12:bec4:12a6:358::/62
2a12:bec4:12a6:35c::/64
2a12:bec4:12a6:35f::/64
2a12:bec4:12a6:360::/62
2a12:bec4:12a6:366::/63
2a12:bec4:12a6:368::/61
2a12:bec4:12a6:372::/63
2a12:bec4:12a6:374::/62
2a12:bec4:12a6:378::/61
2a12:bec4:12a6:380::/60
2a12:bec4:12a6:390::/62
2a12:bec4:12a6:396::/63
2a12:bec4:12a6:398::/61
2a12:bec4:12a6:3a0::/60
2a12:bec4:12a6:3b0::/61
2a12:bec4:12a6:3b8::/63
2a12:bec4:12a6:3ba::/64
2a12:bec4:12a6:3bd::/64
2a12:bec4:12a6:3be::/63
2a12:bec4:12a6:3c2::/63
2a12:bec4:12a6:3c4::/62
2a12:bec4:12a6:3c8::/61
2a12:bec4:12a6:3d0::/61
2a12:bec4:12a6:3d8::/62
2a12:bec4:12a6:3dc::/63
2a12:bec4:12a6:3de::/64
2a12:bec4:12a6:3e1::/64
2a12:bec4:12a6:3e2::/63
2a12:bec4:12a6:3e4::/63
2a12:bec4:12a6:3e8::/62
2a12:bec4:12a6:3ec::/63
2a12:bec4:12a6:3f0::/60
2a12:bec4:12a6:400::/62
2a12:bec4:12a6:406::/63
2a12:bec4:12a6:408::/61
2a12:bec4:12a6:410::/61
2a12:bec4:12a6:418::/62
2a12:bec4:12a6:41c::/63
2a12:bec4:12a6:420::/62
2a12:bec4:12a6:424::/64
2a12:bec4:12a6:427::/64
2a12:bec4:12a6:42a::/63
2a12:bec4:12a6:42c::/62
2a12:bec4:12a6:430::/64
2a12:bec4:12a6:433::/64
2a12:bec4:12a6:434::/62
2a12:bec4:12a6:438::/61
2a12:bec4:12a6:440::/62
2a12:bec4:12a6:444::/63
2a12:bec4:12a6:446::/64
2a12:bec4:12a6:44b::/64
2a12:bec4:12a6:44c::/62
2a12:bec4:12a6:450::/63
2a12:bec4:12a6:452::/64
2a12:bec4:12a6:455::/64
2a12:bec4:12a6:456::/63
2a12:bec4:12a6:458::/61
2a12:bec4:12a6:460::/60
2a12:bec4:12a6:472::/63
2a12:bec4:12a6:474::/62
2a12:bec4:12a6:478::/61
2a12:bec4:12a6:480::/58
2a12:bec4:12a6:4c0::/60
2a12:bec4:12a6:4d2::/63
2a12:bec4:12a6:4d4::/62
2a12:bec4:12a6:4d8::/61
2a12:bec4:12a6:4e0::/62
2a12:bec4:12a6:4e4::/63
2a12:bec4:12a6:4e8::/62
2a12:bec4:12a6:4ec::/63
2a12:bec4:12a6:4ee::/64
2a12:bec4:12a6:4f1::/64
2a12:bec4:12a6:4f4::/62
2a12:bec4:12a6:4f8::/61
2a12:bec4:12a6:500::/61
2a12:bec4:12a6:508::/62
2a12:bec4:12a6:50c::/63
2a12:bec4:12a6:50e::/64
2a12:bec4:12a6:511::/64
2a12:bec4:12a6:512::/63
2a12:bec4:12a6:514::/63
2a12:bec4:12a6:516::/64
2a12:bec4:12a6:519::/64
2a12:bec4:12a6:51a::/64
2a12:bec4:12a6:51d::/64
2a12:bec4:12a6:51e::/63
2a12:bec4:12a6:520::/61
2a12:bec4:12a6:528::/63
2a12:bec4:12a6:52a::/64
2a12:bec4:12a6:52d::/64
2a12:bec4:12a6:52e::/64
2a12:bec4:12a6:533::/64
2a12:bec4:12a6:534::/62
2a12:bec4:12a6:538::/62
2a12:bec4:12a6:53e::/63
2a12:bec4:12a6:540::/64
2a12:bec4:12a6:543::/64
2a12:bec4:12a6:544::/62
2a12:bec4:12a6:548::/61
2a12:bec4:12a6:550::/61
2a12:bec4:12a6:558::/62
2a12:bec4:12a6:55c::/63
2a12:bec4:12a6:560::/61
2a12:bec4:12a6:568::/62
2a12:bec4:12a6:56c::/63
2a12:bec4:12a6:56e::/64
2a12:bec4:12a6:573::/64
2a12:bec4:12a6:574::/62
2a12:bec4:12a6:578::/63
2a12:bec4:12a6:57c::/63
2a12:bec4:12a6:57e::/64
2a12:bec4:12a6:581::/64
2a12:bec4:12a6:582::/63
2a12:bec4:12a6:584::/62
2a12:bec4:12a6:588::/61
2a12:bec4:12a6:590::/62
2a12:bec4:12a6:594::/63
2a12:bec4:12a6:598::/64
2a12:bec4:12a6:59b::/64
2a12:bec4:12a6:59c::/62
2a12:bec4:12a6:5a0::/59
2a12:bec4:12a6:5c2::/63
2a12:bec4:12a6:5c4::/62
2a12:bec4:12a6:5c8::/62
2a12:bec4:12a6:5cc::/63
2a12:bec4:12a6:5ce::/64
2a12:bec4:12a6:5d1::/64
2a12:bec4:12a6:5d2::/63
2a12:bec4:12a6:5d4::/62
2a12:bec4:12a6:5d8::/61
2a12:bec4:12a6:5e0::/61
2a12:bec4:12a6:5e8::/62
2a12:bec4:12a6:5ec::/64
2a12:bec4:12a6:5f1::/64
2a12:bec4:12a6:5f2::/63
2a12:bec4:12a6:5f6::/63
2a12:bec4:12a6:5f8::/62
2a12:bec4:12a6:5fc::/63
2a12:bec4:12a6:5fe::/64
2a12:bec4:12a6:601::/64
2a12:bec4:12a6:602::/63
2a12:bec4:12a6:604::/64
2a12:bec4:12a6:607::/64
2a12:bec4:12a6:608::/63
2a12:bec4:12a6:60c::/63
2a12:bec4:12a6:612::/63
2a12:bec4:12a6:614::/62
2a12:bec4:12a6:618::/61
2a12:bec4:12a6:620::/63
2a12:bec4:12a6:624::/62
2a12:bec4:12a6:62a::/63
2a12:bec4:12a6:62c::/62
2a12:bec4:12a6:630::/61
2a12:bec4:12a6:638::/63
2a12:bec4:12a6:63a::/64
2a12:bec4:12a6:63f::/64
2a12:bec4:12a6:640::/62
2a12:bec4:12a6:644::/64
2a12:bec4:12a6:647::/64
2a12:bec4:12a6:648::/61
2a12:bec4:12a6:650::/62
2a12:bec4:12a6:654::/63
2a12:bec4:12a6:656::/64
2a12:bec4:12a6:659::/64
2a12:bec4:12a6:65a::/63
2a12:bec4:12a6:65c::/62
2a12:bec4:12a6:662::/63
2a12:bec4:12a6:664::/62
2a12:bec4:12a6:668::/64
2a12:bec4:12a6:66b::/64
2a12:bec4:12a6:66c::/62
2a12:bec4:12a6:670::/62
2a12:bec4:12a6:674::/63
2a12:bec4:12a6:67a::/63
2a12:bec4:12a6:67c::/62
2a12:bec4:12a6:680::/58
2a12:bec4:12a6:6c0::/62
2a12:bec4:12a6:6c6::/63
2a12:bec4:12a6:6c8::/63
2a12:bec4:12a6:6cc::/62
2a12:bec4:12a6:6d0::/61
2a12:bec4:12a6:6d8::/64
2a12:bec4:12a6:6db::/64
2a12:bec4:12a6:6dc::/62
2a12:bec4:12a6:6e2::/63
2a12:bec4:12a6:6e4::/62
2a12:bec4:12a6:6ea::/63
2a12:bec4:12a6:6ec::/62
2a12:bec4:12a6:6f0::/64
2a12:bec4:12a6:6f5::/64
2a12:bec4:12a6:6f6::/63
2a12:bec4:12a6:6f8::/61
2a12:bec4:12a6:700::/63
2a12:bec4:12a6:704::/62
2a12:bec4:12a6:708::/61
2a12:bec4:12a6:710::/61
2a12:bec4:12a6:718::/62
2a12:bec4:12a6:71c::/63
2a12:bec4:12a6:722::/63
2a12:bec4:12a6:724::/62
2a12:bec4:12a6:728::/61
2a12:bec4:12a6:730::/60
2a12:bec4:12a6:740::/64
2a12:bec4:12a6:743::/64
2a12:bec4:12a6:744::/62
2a12:bec4:12a6:748::/62
2a12:bec4:12a6:74c::/63
2a12:bec4:12a6:750::/63
2a12:bec4:12a6:754::/62
2a12:bec4:12a6:758::/61
2a12:bec4:12a6:760::/61
2a12:bec4:12a6:768::/64
2a12:bec4:12a6:76b::/64
2a12:bec4:12a6:76c::/62
2a12:bec4:12a6:770::/60
2a12:bec4:12a6:780::/63
2a12:bec4:12a6:782::/64
2a12:bec4:12a6:785::/64
2a12:bec4:12a6:786::/63
2a12:bec4:12a6:788::/61
2a12:bec4:12a6:790::/62
2a12:bec4:12a6:794::/63
2a12:bec4:12a6:798::/61
2a12:bec4:12a6:7a0::/63
2a12:bec4:12a6:7a4::/62
2a12:bec4:12a6:7a8::/61
2a12:bec4:12a6:7b0::/61
2a12:bec4:12a6:7b8::/62
2a12:bec4:12a6:7bc::/64
2a12:bec4:12a6:7bf::/64
2a12:bec4:12a6:7c0::/60
2a12:bec4:12a6:7d0::/62
2a12:bec4:12a6:7d4::/64
2a12:bec4:12a6:7d7::/64
2a12:bec4:12a6:7d8::/63
2a12:bec4:12a6:7dc::/62
2a12:bec4:12a6:7e0::/60
2a12:bec4:12a6:7f0::/62
2a12:bec4:12a6:7f4::/64
2a12:bec4:12a6:7f7::/64
2a12:bec4:12a6:7f8::/64
2a12:bec4:12a6:7fb::/64
2a12:bec4:12a6:7fc::/62
2a12:bec4:12a6:800::/55
2a12:bec4:12a6:a00::/64
2a12:bec4:12a6:a03::/64
2a12:bec4:12a6:a04::/62
2a12:bec4:12a6:a08::/61
2a12:bec4:12a6:a10::/60
2a12:bec4:12a6:a20::/59
2a12:bec4:12a6:a40::/60
2a12:bec4:12a6:a51::/64
2a12:bec4:12a6:a52::/63
2a12:bec4:12a6:a54::/62
2a12:bec4:12a6:a58::/61
2a12:bec4:12a6:a60::/59
2a12:bec4:12a6:a80::/60
2a12:bec4:12a6:a92::/63
2a12:bec4:12a6:a94::/63
2a12:bec4:12a6:a98::/62
2a12:bec4:12a6:a9f::/64
2a12:bec4:12a6:aa0::/64
2a12:bec4:12a6:aa3::/64
2a12:bec4:12a6:aa4::/62
2a12:bec4:12a6:aa8::/62
2a12:bec4:12a6:aaf::/64
2a12:bec4:12a6:ab0::/62
2a12:bec4:12a6:ab6::/63
2a12:bec4:12a6:ab8::/63
2a12:bec4:12a6:abc::/63
2a12:bec4:12a6:abe::/64
2a12:bec4:12a6:ac1::/64
2a12:bec4:12a6:ac7::/64
2a12:bec4:12a6:ac8::/61
2a12:bec4:12a6:ad0::/60
2a12:bec4:12a6:ae2::/63
2a12:bec4:12a6:ae6::/63
2a12:bec4:12a6:ae8::/61
2a12:bec4:12a6:af0::/61
2a12:bec4:12a6:af8::/62
2a12:bec4:12a6:afe::/63
2a12:bec4:12a6:b00::/61
2a12:bec4:12a6:b08::/64
2a12:bec4:12a6:b0b::/64
2a12:bec4:12a6:b0c::/62
2a12:bec4:12a6:b10::/63
2a12:bec4:12a6:b14::/62
2a12:bec4:12a6:b18::/62
2a12:bec4:12a6:b1c::/63
2a12:bec4:12a6:b20::/60
2a12:bec4:12a6:b30::/63
2a12:bec4:12a6:b32::/64
2a12:bec4:12a6:b37::/64
2a12:bec4:12a6:b38::/62
2a12:bec4:12a6:b3e::/63
2a12:bec4:12a6:b40::/64
2a12:bec4:12a6:b45::/64
2a12:bec4:12a6:b46::/63
2a12:bec4:12a6:b48::/64
2a12:bec4:12a6:b4b::/64
2a12:bec4:12a6:b4c::/62
2a12:bec4:12a6:b50::/61
2a12:bec4:12a6:b5a::/63
2a12:bec4:12a6:b5c::/62
2a12:bec4:12a6:b60::/59
2a12:bec4:12a6:b80::/58
2a12:bec4:12a6:bc0::/59
2a12:bec4:12a6:be0::/60
2a12:bec4:12a6:bf0::/63
2a12:bec4:12a6:bf2::/64
2a12:bec4:12a6:bf5::/64
2a12:bec4:12a6:bf6::/63
2a12:bec4:12a6:bf8::/62
2a12:bec4:12a6:bfe::/63
2a12:bec4:12a6:c00::/61
2a12:bec4:12a6:c0a::/63
2a12:bec4:12a6:c0e::/63
2a12:bec4:12a6:c10::/60
2a12:bec4:12a6:c20::/59
2a12:bec4:12a6:c40::/64
2a12:bec4:12a6:c43::/64
2a12:bec4:12a6:c44::/63
2a12:bec4:12a6:c48::/62
2a12:bec4:12a6:c4c::/64
2a12:bec4:12a6:c4f::/64
2a12:bec4:12a6:c50::/60
2a12:bec4:12a6:c60::/59
2a12:bec4:12a6:c80::/59
2a12:bec4:12a6:ca0::/62
2a12:bec4:12a6:ca4::/63
2a12:bec4:12a6:ca8::/64
2a12:bec4:12a6:cab::/64
2a12:bec4:12a6:cac::/62
2a12:bec4:12a6:cb0::/64
2a12:bec4:12a6:cb3::/64
2a12:bec4:12a6:cb4::/62
2a12:bec4:12a6:cb8::/62
2a12:bec4:12a6:cbe::/63
2a12:bec4:12a6:cc0::/58
2a12:bec4:12a6:d00::/59
2a12:bec4:12a6:d20::/62
2a12:bec4:12a6:d26::/63
2a12:bec4:12a6:d28::/61
2a12:bec4:12a6:d30::/62
2a12:bec4:12a6:d34::/63
2a12:bec4:12a6:d36::/64
2a12:bec4:12a6:d39::/64
2a12:bec4:12a6:d3a::/64
2a12:bec4:12a6:d3d::/64
2a12:bec4:12a6:d3e::/63
2a12:bec4:12a6:d40::/62
2a12:bec4:12a6:d44::/64
2a12:bec4:12a6:d47::/64
2a12:bec4:12a6:d48::/61
2a12:bec4:12a6:d50::/63
2a12:bec4:12a6:d54::/62
2a12:bec4:12a6:d58::/61
2a12:bec4:12a6:d60::/61
2a12:bec4:12a6:d68::/62
2a12:bec4:12a6:d6c::/63
2a12:bec4:12a6:d6e::/64
2a12:bec4:12a6:d71::/64
2a12:bec4:12a6:d72::/63
2a12:bec4:12a6:d74::/62
2a12:bec4:12a6:d78::/61
2a12:bec4:12a6:d80::/61
2a12:bec4:12a6:d8a::/63
2a12:bec4:12a6:d8c::/62
2a12:bec4:12a6:d90::/60
2a12:bec4:12a6:da0::/59
2a12:bec4:12a6:dc0::/59
2a12:bec4:12a6:de0::/61
2a12:bec4:12a6:de8::/63
2a12:bec4:12a6:dec::/62
2a12:bec4:12a6:df0::/63
2a12:bec4:12a6:df4::/63
2a12:bec4:12a6:df8::/61
2a12:bec4:12a6:e00::/59
2a12:bec4:12a6:e20::/61
2a12:bec4:12a6:e28::/62
2a12:bec4:12a6:e2e::/63
2a12:bec4:12a6:e30::/60
2a12:bec4:12a6:e40::/60
2a12:bec4:12a6:e50::/61
2a12:bec4:12a6:e58::/62
2a12:bec4:12a6:e5c::/63
2a12:bec4:12a6:e60::/63
2a12:bec4:12a6:e62::/64
2a12:bec4:12a6:e65::/64
2a12:bec4:12a6:e66::/63
2a12:bec4:12a6:e68::/61
2a12:bec4:12a6:e70::/61
2a12:bec4:12a6:e78::/63
2a12:bec4:12a6:e7a::/64
2a12:bec4:12a6:e7d::/64
2a12:bec4:12a6:e7e::/63
2a12:bec4:12a6:e80::/61
2a12:bec4:12a6:e88::/63
2a12:bec4:12a6:e8a::/64
2a12:bec4:12a6:e8c::/62
2a12:bec4:12a6:e92::/63
2a12:bec4:12a6:e94::/62
2a12:bec4:12a6:e98::/61
2a12:bec4:12a6:ea0::/59
2a12:bec4:12a6:ec0::/58
2a12:bec4:12a6:f00::/59
2a12:bec4:12a6:f20::/61
2a12:bec4:12a6:f28::/64
2a12:bec4:12a6:f2b::/64
2a12:bec4:12a6:f2c::/62
2a12:bec4:12a6:f30::/60
2a12:bec4:12a6:f40::/58
2a12:bec4:12a6:f80::/58
2a12:bec4:12a6:fc0::/60
2a12:bec4:12a6:fd0::/62
2a12:bec4:12a6:fd6::/63
2a12:bec4:12a6:fd8::/63
2a12:bec4:12a6:fda::/64
2a12:bec4:12a6:fdd::/64
2a12:bec4:12a6:fde::/63
2a12:bec4:12a6:fe0::/63
2a12:bec4:12a6:fe2::/64
2a12:bec4:12a6:fe5::/64
2a12:bec4:12a6:fe6::/63
2a12:bec4:12a6:fe8::/62
2a12:bec4:12a6:fec::/63
2a12:bec4:12a6:ff4::/62
2a12:bec4:12a6:ff8::/62
2a12:bec4:12a6:ffc::/63
2a12:bec4:12a6:1000::/60
2a12:bec4:12a6:1010::/61
2a12:bec4:12a6:1018::/63
2a12:bec4:12a6:101a::/64
2a12:bec4:12a6:101d::/64
2a12:bec4:12a6:101e::/63
2a12:bec4:12a6:1020::/61
2a12:bec4:12a6:1028::/63
2a12:bec4:12a6:102a::/64
2a12:bec4:12a6:102d::/64
2a12:bec4:12a6:102e::/63
2a12:bec4:12a6:1030::/60
2a12:bec4:12a6:1040::/60
2a12:bec4:12a6:1050::/61
2a12:bec4:12a6:105a::/63
2a12:bec4:12a6:105c::/62
2a12:bec4:12a6:1060::/60
2a12:bec4:12a6:1070::/62
2a12:bec4:12a6:1076::/63
2a12:bec4:12a6:1078::/61
2a12:bec4:12a6:1080::/58
2a12:bec4:12a6:10c0::/62
2a12:bec4:12a6:10c6::/63
2a12:bec4:12a6:10c8::/61
2a12:bec4:12a6:10d0::/62
2a12:bec4:12a6:10d4::/63
2a12:bec4:12a6:10d6::/64
2a12:bec4:12a6:10d9::/64
2a12:bec4:12a6:10da::/63
2a12:bec4:12a6:10de::/63
2a12:bec4:12a6:10e2::/64
2a12:bec4:12a6:10e5::/64
2a12:bec4:12a6:10e6::/64
2a12:bec4:12a6:10eb::/64
2a12:bec4:12a6:10ec::/62
2a12:bec4:12a6:10f0::/63
2a12:bec4:12a6:10f2::/64
2a12:bec4:12a6:10f5::/64
2a12:bec4:12a6:10f6::/63
2a12:bec4:12a6:10f8::/61
2a12:bec4:12a6:1100::/63
2a12:bec4:12a6:1102::/64
2a12:bec4:12a6:1105::/64
2a12:bec4:12a6:1106::/64
2a12:bec4:12a6:110b::/64
2a12:bec4:12a6:110c::/62
2a12:bec4:12a6:1110::/64
2a12:bec4:12a6:1113::/64
2a12:bec4:12a6:1114::/62
2a12:bec4:12a6:1118::/61
2a12:bec4:12a6:1120::/61
2a12:bec4:12a6:1128::/62
2a12:bec4:12a6:112c::/64
2a12:bec4:12a6:112f::/64
2a12:bec4:12a6:1130::/60
2a12:bec4:12a6:1140::/58
2a12:bec4:12a6:1180::/58
2a12:bec4:12a6:11c0::/60
2a12:bec4:12a6:11d0::/61
2a12:bec4:12a6:11da::/63
2a12:bec4:12a6:11dc::/62
2a12:bec4:12a6:11e0::/59
2a12:bec4:12a6:1200::/57
2a12:bec4:12a6:1280::/58
2a12:bec4:12a6:12c0::/59
2a12:bec4:12a6:12e0::/60
2a12:bec4:12a6:12f0::/62
2a12:bec4:12a6:12f4::/64
2a12:bec4:12a6:12f7::/64
2a12:bec4:12a6:12f8::/61
2a12:bec4:12a6:1300::/59
2a12:bec4:12a6:1320::/63
2a12:bec4:12a6:1322::/64
2a12:bec4:12a6:1325::/64
2a12:bec4:12a6:1326::/63
2a12:bec4:12a6:1328::/63
2a12:bec4:12a6:132c::/62
2a12:bec4:12a6:1330::/63
2a12:bec4:12a6:1332::/64
2a12:bec4:12a6:1336::/63
2a12:bec4:12a6:133b::/64
2a12:bec4:12a6:133c::/62
2a12:bec4:12a6:1340::/60
2a12:bec4:12a6:1350::/62
2a12:bec4:12a6:1354::/63
2a12:bec4:12a6:1356::/64
2a12:bec4:12a6:1359::/64
2a12:bec4:12a6:135a::/63
2a12:bec4:12a6:135c::/62
2a12:bec4:12a6:1360::/60
2a12:bec4:12a6:1370::/61
2a12:bec4:12a6:1378::/63
2a12:bec4:12a6:137c::/62
2a12:bec4:12a6:1380::/59
2a12:bec4:12a6:13a0::/61
2a12:bec4:12a6:13a8::/63
2a12:bec4:12a6:13ac::/62
2a12:bec4:12a6:13b0::/60
2a12:bec4:12a6:13c0::/59
2a12:bec4:12a6:13e0::/64
2a12:bec4:12a6:13e3::/64
2a12:bec4:12a6:13e4::/63
2a12:bec4:12a6:13e6::/64
2a12:bec4:12a6:13e9::/64
2a12:bec4:12a6:13ea::/63
2a12:bec4:12a6:13ec::/62
2a12:bec4:12a6:13f2::/63
2a12:bec4:12a6:13f4::/62
2a12:bec4:12a6:13f8::/61
2a12:bec4:12a6:1400::/59
2a12:bec4:12a6:1420::/62
2a12:bec4:12a6:1426::/63
2a12:bec4:12a6:1428::/62
2a12:bec4:12a6:142c::/64
2a12:bec4:12a6:142f::/64
2a12:bec4:12a6:1430::/60
2a12:bec4:12a6:1440::/62
2a12:bec4:12a6:1446::/63
2a12:bec4:12a6:1448::/61
2a12:bec4:12a6:1450::/60
2a12:bec4:12a6:1460::/60
2a12:bec4:12a6:1470::/62
2a12:bec4:12a6:1474::/64
2a12:bec4:12a6:1477::/64
2a12:bec4:12a6:1478::/61
2a12:bec4:12a6:1480::/57
2a12:bec4:12a6:1500::/62
2a12:bec4:12a6:1504::/64
2a12:bec4:12a6:1507::/64
2a12:bec4:12a6:1508::/62
2a12:bec4:12a6:150c::/64
2a12:bec4:12a6:150e::/63
2a12:bec4:12a6:1510::/60
2a12:bec4:12a6:1520::/59
2a12:bec4:12a6:1540::/61
2a12:bec4:12a6:1548::/62
2a12:bec4:12a6:154c::/64
2a12:bec4:12a6:154f::/64
2a12:bec4:12a6:1550::/60
2a12:bec4:12a6:1560::/60
2a12:bec4:12a6:1570::/61
2a12:bec4:12a6:1578::/62
2a12:bec4:12a6:157c::/64
2a12:bec4:12a6:157f::/64
2a12:bec4:12a6:1580::/58
2a12:bec4:12a6:15c0::/62
2a12:bec4:12a6:15c4::/63
2a12:bec4:12a6:15c6::/64
2a12:bec4:12a6:15ca::/63
2a12:bec4:12a6:15cc::/62
2a12:bec4:12a6:15d0::/61
2a12:bec4:12a6:15da::/63
2a12:bec4:12a6:15dc::/62
2a12:bec4:12a6:15e0::/59
2a12:bec4:12a6:1600::/57
2a12:bec4:12a6:1680::/58
2a12:bec4:12a6:16c0::/59
2a12:bec4:12a6:16e0::/62
2a12:bec4:12a6:16e4::/63
2a12:bec4:12a6:16e8::/62
2a12:bec4:12a6:16ee::/63
2a12:bec4:12a6:16f0::/60
2a12:bec4:12a6:1700::/61
2a12:bec4:12a6:1708::/64
2a12:bec4:12a6:170b::/64
2a12:bec4:12a6:170c::/62
2a12:bec4:12a6:1710::/60
2a12:bec4:12a6:1720::/59
2a12:bec4:12a6:1740::/59
2a12:bec4:12a6:1760::/62
2a12:bec4:12a6:1764::/64
2a12:bec4:12a6:1767::/64
2a12:bec4:12a6:1768::/61
2a12:bec4:12a6:1770::/60
2a12:bec4:12a6:1780::/57
2a12:bec4:12a6:1800::/57
2a12:bec4:12a6:1880::/59
2a12:bec4:12a6:18a0::/63
2a12:bec4:12a6:18a2::/64
2a12:bec4:12a6:18a5::/64
2a12:bec4:12a6:18a6::/63
2a12:bec4:12a6:18a8::/61
2a12:bec4:12a6:18b0::/60
2a12:bec4:12a6:18c0::/59
2a12:bec4:12a6:18e0::/61
2a12:bec4:12a6:18e8::/63
2a12:bec4:12a6:18ec::/62
2a12:bec4:12a6:18f0::/61
2a12:bec4:12a6:18fa::/63
2a12:bec4:12a6:18fc::/64
2a12:bec4:12a6:18ff::/64
2a12:bec4:12a6:1900::/58
2a12:bec4:12a6:1940::/59
2a12:bec4:12a6:1960::/63
2a12:bec4:12a6:1962::/64
2a12:bec4:12a6:1965::/64
2a12:bec4:12a6:1966::/63
2a12:bec4:12a6:1968::/61
2a12:bec4:12a6:1970::/62
2a12:bec4:12a6:1974::/63
2a12:bec4:12a6:1976::/64
2a12:bec4:12a6:1979::/64
2a12:bec4:12a6:197a::/63
2a12:bec4:12a6:197c::/62
2a12:bec4:12a6:1980::/59
2a12:bec4:12a6:19a0::/62
2a12:bec4:12a6:19a4::/64
2a12:bec4:12a6:19a7::/64
2a12:bec4:12a6:19a8::/61
2a12:bec4:12a6:19b0::/60
2a12:bec4:12a6:19c0::/61
2a12:bec4:12a6:19c8::/62
2a12:bec4:12a6:19cc::/64
2a12:bec4:12a6:19cf::/64
2a12:bec4:12a6:19d0::/60
2a12:bec4:12a6:19e2::/63
2a12:bec4:12a8:f300::/56
2a12:bec4:12a8:f400::/56
2a12:f006:3000::/36
2a12:f381:f000::/40
2a12:f382:f000::/40
2a13:a5c7:25ee::/48
2a13:a5c7:25ff:ee00::/56
2a13:b487:503c::/48
2a14:1c7:7000::/37
2a14:67c1:b6ed::/48
2a14:6a80::/29
2a14:7581:b10:1d00::/56
2a14:7581:b11:1d00::/56
2a14:7581:b13:1d00::/56
2a14:7581:b15:1d00::/56
2a14:7581:b16:1d00::/56
2a14:7581:b17:1d00::/56
2a14:7581:3bf9::/48
2a14:7584:e011::/48
2a14:7584:e6a0::/43