31.6.14.0/29
31.6.14.8/31
31.6.14.12/31
31.6.14.15/32
31.6.14.16/28
31.6.14.32/27
31.6.14.64/26
31.6.14.130/31
31.6.14.132/30
31.6.14.136/29
31.6.14.144/28
31.6.14.160/27
31.6.14.196/30
31.6.14.200/29
31.6.14.208/28
31.6.14.224/27
31.6.15.0/29
31.6.15.8/30
31.6.15.12/31
31.6.15.14/32
31.6.15.16/28
31.6.15.32/27
31.6.15.64/26
31.6.15.128/25
31.6.16.0/32
31.6.16.7/32
31.6.16.8/30
31.6.16.12/32
31.6.16.17/32
31.6.16.18/31
31.6.16.20/30
31.6.16.24/29
31.6.16.32/28
31.6.16.96/27
31.6.16.128/25
34.92.132.20/32
44.32.192.82/32
44.32.192.108/31
45.136.137.82/31
46.135.12.103/32
63.141.240.246/32
89.39.210.0/24
103.81.186.0/24
104.28.8.26/31
104.28.8.28/32
104.28.10.101/32
104.28.10.102/31
104.28.13.67/32
104.28.13.68/31
104.28.92.69/32
104.28.123.20/32
104.28.180.111/32
104.28.180.112/32
104.28.212.152/31
104.28.244.152/31
130.12.92.0/24
136.23.1.142/32
136.23.3.227/32
136.23.6.121/32
136.23.11.195/32
136.23.20.49/32
136.23.21.42/32
140.248.0.2/31
140.248.24.0/31
140.248.41.0/31
140.248.56.8/32
140.248.56.89/32
140.248.56.215/32
140.248.57.8/32
140.248.57.89/32
140.248.57.215/32
140.248.58.8/32
140.248.58.89/32
140.248.58.215/32
140.248.59.8/32
140.248.59.89/32
140.248.59.215/32
140.248.60.8/32
140.248.60.89/32
140.248.60.215/32
140.248.61.8/32
140.248.61.89/32
140.248.61.215/32
140.248.62.8/32
140.248.62.89/32
140.248.62.215/32
140.248.63.8/32
140.248.63.89/32
140.248.63.215/32
160.25.104.127/32
160.25.105.127/32
162.120.208.0/32
162.120.210.1/32
172.225.84.0/28
172.225.106.0/28
172.225.209.64/28
172.225.222.0/28
185.192.58.0/24
195.20.254.54/32
197.215.211.32/28
202.144.196.0/24
202.144.198.0/25
202.144.198.128/26
202.144.198.192/28
202.144.198.208/29
202.144.198.216/31
202.144.198.219/32
202.144.198.220/30
202.144.198.224/27
202.144.199.0/24
2001:470:c:656::/64
2001:470:19:4af::/64
2001:470:19:1067::/64
2001:470:19:127a::/64
2001:470:19:1327::/64
2001:470:19:1332::/64
2001:470:24:4b2::/64
2001:470:24:e01::/64
2001:470:28:182::/64
2001:470:18a3::/48
2001:470:1983:4000::/50
2001:470:1983:8000::/49
2001:470:199b::/48
2001:470:1f13:87::/64
2001:470:1f15:2d1::/64
2001:470:1f15:36f::/64
2001:470:1f15:4ad::/64
2001:470:1f15:9ab::/64
2001:470:1f21:25d::/64
2001:470:1f29:11c::/64
2001:470:1f29:3b0::/64
2001:470:1f2b:1d::/64
2001:470:1f2d:3be::/64
2001:470:2813::/48
2001:470:2819::/48
2001:470:2892::/48
2001:470:28bd::/48
2001:470:384f:100::/56
2001:470:384f:200::/55
2001:470:384f:400::/54
2001:470:384f:800::/53
2001:470:384f:1000::/52
2001:470:384f:2000::/51
2001:470:384f:4000::/50
2001:470:384f:8000::/49
2001:470:482a::/48
2001:470:4893::/48
2001:470:48b3::/48
2001:470:4937::/48
2001:470:50c8::/48
2001:470:5c5a::/48
2001:470:634c::/48
2001:470:6355::/48
2001:470:6434::/48
2001:470:6801::/48
2001:470:68ff::/48
2001:470:6937::/48
2001:470:69a4::/48
2001:470:7239::/48
2001:470:797a::/48
2001:470:79a8::/48
2001:470:7b72::/48
2001:470:7bc8::/48
2001:470:801a::/48
2001:470:80b0::/48
2001:470:80d4::/48
2001:470:810a:4000::/50
2001:470:810a:8000::/49
2001:470:820f::/48
2001:470:8214::/48
2001:470:845f::/48
2001:470:8a3f::/48
2001:470:8b0c::/48
2001:470:8d60::/48
2001:470:b0e9::/48
2001:470:b6b9::/48
2001:470:b996::/48
2001:470:b999::/48
2001:470:c18d::/48
2001:470:c268::/48
2001:470:ca85::/48
2001:470:d983::/48
2001:470:dec5::/48
2001:470:e2e1::/48
2001:470:e966::/48
2001:470:ea6d::/48
2001:470:ec0a:4000::/50
2001:470:ec0a:8000::/49
2001:470:ec5c::/48
2001:470:ec80::/48
2001:470:ec96::/48
2001:470:ecb0::/48
2001:470:ed34::/48
2001:470:ed5c::/48
2001:470:ed9e::/48
2001:470:eda3::/48
2001:470:edf9::/48
2001:470:eea8::/48
2001:470:eede::/48
2001:470:ef11::/48
2001:470:ef7b::/48
2001:470:efe1::/48
2001:470:f06a::/48
2001:470:f0d3:5::/64
2001:470:f0db::/48
2001:470:f0f5::/48
2001:470:f0fb::/48
2001:470:f1e0:4000::/50
2001:470:f1e0:8000::/49
2001:470:f228::/48
2001:470:f266::/48
2001:470:f26c::/48
2001:470:f295:100::/56
2001:470:f295:200::/55
2001:470:f295:400::/54
2001:470:f295:800::/53
2001:470:f295:1000::/52
2001:470:f295:2000::/51
2001:470:f295:4000::/50
2001:470:f295:8000::/49
2001:470:f2fa::/48
2001:470:f307:4000::/50
2001:470:f307:8000::/49
2001:470:f346::/48
2001:470:f383::/48
2001:470:f395::/48
2001:470:f3cc::/48
2001:470:f3e2::/48
2001:470:f3fb::/48
2001:470:f42c::/48
2001:470:f496::/48
2001:470:f49f::/48
2001:470:f4c6::/47
2001:470:f4f6::/48
2001:470:f52f::/48
2001:470:f549::/48
2001:470:f54b::/48
2001:470:f551::/48
2001:470:f56d::/48
2001:470:f571::/48
2001:470:f57e::/48
2001:470:f5ba::/48
2001:470:f5c2::/48
2001:470:f5d2::/48
2001:470:f5da::/48
2001:470:f5dd::/48
2001:470:f5e3::/48
2001:470:f5eb::/48
2001:470:f827::/48
2001:470:f856::/48
2001:470:f882:1::/64
2001:470:f882:2::/63
2001:470:f882:4::/62
2001:470:f882:8::/61
2001:470:f882:10::/60
2001:470:f882:20::/59
2001:470:f882:40::/58
2001:470:f882:80::/57
2001:470:f882:100::/56
2001:470:f882:200::/55
2001:470:f882:400::/54
2001:470:f882:800::/53
2001:470:f882:1000::/52
2001:470:f882:2000::/51
2001:470:f882:4000::/50
2001:470:f882:8000::/49
2001:470:f8ad::/48
2001:470:f8b5::/48
2001:470:f8d9:1::/64
2001:470:f8d9:2::/63
2001:470:f8d9:4::/62
2001:470:f8d9:8::/61
2001:470:f8d9:10::/60
2001:470:f8d9:20::/59
2001:470:f8d9:40::/58
2001:470:f8d9:80::/57
2001:470:f8d9:100::/56
2001:470:f8d9:200::/55
2001:470:f8d9:400::/54
2001:470:f8d9:800::/53
2001:470:f8d9:1000::/52
2001:470:f8d9:2000::/51
2001:470:f8d9:4000::/50
2001:470:f8d9:8000::/49
2001:470:f911::/48
2001:470:f946::/48
2001:470:f9ef:1::/64
2001:470:f9ef:2::/63
2001:470:f9ef:4::/62
2001:470:f9ef:8::/61
2001:470:f9ef:10::/60
2001:470:f9ef:20::/59
2001:470:f9ef:40::/58
2001:470:f9ef:80::/57
2001:470:f9ef:100::/56
2001:470:f9ef:200::/55
2001:470:f9ef:400::/54
2001:470:f9ef:800::/53
2001:470:f9ef:1000::/52
2001:470:f9ef:2000::/51
2001:470:f9ef:4000::/50
2001:470:f9ef:8000::/49
2001:470:fa81::/48
2001:470:fa88:1::/64
2001:470:fa88:2::/63
2001:470:fa88:4::/62
2001:470:fa88:8::/61
2001:470:fa88:10::/60
2001:470:fa88:20::/59
2001:470:fa88:40::/58
2001:470:fa88:80::/57
2001:470:fa88:100::/56
2001:470:fa88:200::/55
2001:470:fa88:400::/54
2001:470:fa88:800::/53
2001:470:fa88:1000::/52
2001:470:fa88:2000::/51
2001:470:fa88:4000::/50
2001:470:fa88:8000::/49
2001:470:fb30::/48
2001:470:fb66::/47
2001:470:fb76::/48
2001:470:fb87:1::/64
2001:470:fb87:2::/63
2001:470:fb87:4::/62
2001:470:fb87:8::/61
2001:470:fb87:10::/60
2001:470:fb87:20::/59
2001:470:fb87:40::/58
2001:470:fb87:80::/57
2001:470:fb87:100::/56
2001:470:fb87:200::/55
2001:470:fb87:400::/54
2001:470:fb87:800::/53
2001:470:fb87:1000::/52
2001:470:fb87:2000::/51
2001:470:fb87:4000::/50
2001:470:fb87:8000::/49
2001:470:fb92::/48
2001:470:fbe3::/48
2001:470:fbef::/48
2001:470:fcbb::/48
2001:470:fd7b::/48
2001:470:fd9c::/48
2001:470:fda9::/48
2001:470:fdc7::/48
2001:470:fddb:1::/64
2001:470:fddb:2::/63
2001:470:fddb:4::/62
2001:470:fddb:8::/61
2001:470:fddb:10::/60
2001:470:fddb:20::/59
2001:470:fddb:40::/58
2001:470:fddb:80::/57
2001:470:fddb:100::/56
2001:470:fddb:200::/55
2001:470:fddb:400::/54
2001:470:fddb:800::/53
2001:470:fddb:1000::/52
2001:470:fddb:2000::/51
2001:470:fddb:4000::/50
2001:470:fddb:8000::/49
2001:470:fde1:1::/64
2001:470:fde1:2::/63
2001:470:fde1:4::/62
2001:470:fde1:8::/61
2001:470:fde1:10::/60
2001:470:fde1:20::/59
2001:470:fde1:40::/58
2001:470:fde1:80::/57
2001:470:fde1:100::/56
2001:470:fde1:200::/55
2001:470:fde1:400::/54
2001:470:fde1:800::/53
2001:470:fde1:1000::/52
2001:470:fde1:2000::/51
2001:470:fde1:4000::/50
2001:470:fde1:8000::/49
2001:470:fde2::/48
2001:470:fe08:11aa::/64
2001:470:fe13::/48
2001:470:fe2f::/48
2001:470:fe65::/48
2001:470:fea6:1::/64
2001:470:fea6:2::/63
2001:470:fea6:4::/62
2001:470:fea6:8::/61
2001:470:fea6:10::/60
2001:470:fea6:20::/59
2001:470:fea6:40::/58
2001:470:fea6:80::/57
2001:470:fea6:100::/56
2001:470:fea6:200::/55
2001:470:fea6:400::/54
2001:470:fea6:800::/53
2001:470:fea6:1000::/52
2001:470:fea6:2000::/51
2001:470:fea6:4000::/50
2001:470:fea6:8000::/49
2001:470:fec3::/48
2001:470:fec7::/48
2001:470:fede::/48
2001:470:ff38::/48
2001:470:ffa2::/48
2001:470:ffb2::/48
2001:470:ffb9::/48
2001:470:fff9::/48
2001:41d0:2:8b62::/64
2001:41d0:800:482::/64
2001:4b28:8800::/40
2001:4b28:d100::/40
2001:4b28:e700::/40
2400:7bc0:21::/48
2400:7bc0:22::/64
2400:7bc0:22:2::/63
2400:7bc0:22:4::/62
2400:7bc0:22:8::/61
2400:7bc0:22:10::/60
2400:7bc0:22:20::/59
2400:7bc0:22:40::/58
2400:7bc0:22:80::/57
2400:7bc0:22:100::/56
2400:7bc0:22:200::/55
2400:7bc0:22:400::/54
2400:7bc0:22:800::/58
2400:7bc0:22:840::/60
2400:7bc0:22:850::/63
2400:7bc0:22:853::/64
2400:7bc0:22:854::/62
2400:7bc0:22:858::/61
2400:7bc0:22:860::/59
2400:7bc0:22:880::/57
2400:7bc0:22:900::/56
2400:7bc0:22:a00::/55
2400:7bc0:22:c00::/54
2400:7bc0:22:1000::/52
2400:7bc0:22:2000::/51
2400:7bc0:22:4000::/50
2400:7bc0:22:8000::/49
2400:7bc0:23::/48
2400:7bc0:24::/46
2400:7bc0:28::/45
2400:7bc0:30::/44
2400:8a20:112:1::/128
2400:9e20:caf6::/48
2401:b60:14:a11a::/64
2401:b60:1080::/44
2401:b60:14d0::/44
2401:b60:1d50::/44
2401:f1e0:ffff:c96f::/64
2401:f1e0:ffff:dfce::/64
2405:b500:600::/64
2405:b500:620::/64
2405:b500:640::/64
2405:b500:660::/64
2406:840:996e::/48
2406:840:e070::/48
2406:840:e08f::/48
2406:840:ee49::/48
2406:2d40:4500::/42
2406:ef80:1:38::/64
2407:d340:7200::/40
2408:8214:4119:2f90::/64
2408:8266:5003:92f4::/64
2408:8438:a90:37a6::/64
2600:70ff:a427::/48
2600:70ff:a43f::/48
2600:70ff:a44c::/48
2600:70ff:a600::/48
2600:70ff:a86d::/48
2600:70ff:a87a::/48
2600:70ff:a94c::/48
2600:70ff:a96b::/48
2600:70ff:a972::/48
2600:70ff:a973::/48
2600:70ff:a979::/48
2600:70ff:a98d::/48
2600:70ff:a9a8::/48
2600:70ff:a9b2::/48
2600:70ff:a9c8::/48
2600:70ff:a9cb::/48
2600:70ff:a9cf::/48
2600:70ff:a9d4::/48
2600:70ff:a9d8::/48
2600:70ff:a9db::/48
2600:70ff:a9f0::/48
2600:70ff:a9f4::/48
2600:70ff:a9f6::/48
2600:70ff:aa0a:1::/64
2600:70ff:aa0a:2::/63
2600:70ff:aa0a:4::/62
2600:70ff:aa0a:8::/61
2600:70ff:aa0a:10::/60
2600:70ff:aa0a:20::/59
2600:70ff:aa0a:40::/58
2600:70ff:aa0a:80::/57
2600:70ff:aa0a:100::/56
2600:70ff:aa0a:200::/55
2600:70ff:aa0a:400::/54
2600:70ff:aa0a:800::/53
2600:70ff:aa0a:1000::/52
2600:70ff:aa0a:2000::/51
2600:70ff:aa0a:4000::/50
2600:70ff:aa0a:8000::/49
2600:70ff:b0d3::/48
2600:70ff:c009::/48
2600:70ff:c02c::/48
2600:70ff:c103::/48
2600:70ff:d05d::/48
2600:70ff:f141::/48
2600:70ff:f801::/48
2602:2a3:0:4000::/50
2602:2a3:0:8000::/49
2602:2a3:10::/44
2602:2a3:366::/48
2602:2a9:d00::/44
2602:814:f0fe::/48
2602:f77c:100::/48
2602:f77c:109::/48
2602:f77c:10a::/47
2602:f77c:10c::/46
2602:f78a:2::/48
2602:f78a:69::/48
2602:f795:a04::/48
2602:f7c1:3::/48
2602:f92a:fe0e::/48
2602:f93d:e8::/46
2602:fb26:800::/44
2602:fc30:ce::/48
2602:feda:ab1::/48
2602:feda:ab2::/48
2602:feda:ab4::/47
2602:feda:ab8::/45
2606:40:6bc::/46
2606:40:6c0::/45
2606:40:6c8::/46
2606:40:1020::/44
2606:40:1260::/43
2606:40:1ad0::/44
2606:40:1ae0::/44
2606:40:2200::/54
2606:40:2240:2000::/54
2606:40:2240:2800::/53
2606:40:2240:3000::/52
2606:54c0:68::/45
2606:54c3:0:9b4::/64
2607:8940:4200:da00::/55
2607:8940:4200:e000::/55
2607:8940:4200:e600::/55
2a01:e5c0:76f2:a11a::/64
2a02:180:6:1::3fc/128
2a02:26f7:d9c0::/48
2a02:26f7:d9c1::/48
2a02:26f7:d9c2::/47
2a02:26f7:d9c4::/48
2a02:26f7:d9c5::/50
2a02:26f7:d9c5:4000::/64
2a02:26f7:d9c5:4100::/56
2a02:26f7:d9c5:4200::/55
2a02:26f7:d9c5:4400::/54
2a02:26f7:d9c5:4800::/53
2a02:26f7:d9c5:5000::/52
2a02:26f7:d9c5:6000::/51
2a02:26f7:d9c5:8000::/49
2a02:26f7:d9c6::/47
2a02:26f7:d9c8::/48
2a02:26f7:d9c9::/50
2a02:26f7:d9c9:4000::/64
2a02:26f7:d9c9:4100::/56
2a02:26f7:d9c9:4200::/55
2a02:26f7:d9c9:4400::/54
2a02:26f7:d9c9:4800::/53
2a02:26f7:d9c9:5000::/52
2a02:26f7:d9c9:6000::/51
2a02:26f7:d9c9:8000::/49
2a02:26f7:d9ca::/47
2a02:26f7:d9cc::/46
2a02:26f7:d9d0::/44
2a02:26f7:d9e0::/43
2a03:b600:0:1056::/63
2a03:b600:0:1058::/61
2a03:b600:0:1060::/62
2a03:b600:0:1064::/64
2a03:b600:0:11dd::/64
2a03:b600:0:11de::/63
2a03:b600:0:11e0::/61
2a03:b600:0:11e8::/62
2a04:1d41:8800::/40
2a04:1d41:d100::/40
2a04:1d41:e700::/40
2a04:1d42:8800::/40
2a04:1d42:d100::/40
2a04:1d42:e700::/40
2a04:1d43:8800::/40
2a04:1d43:d100::/40
2a04:1d43:e700::/40
2a04:1d44:8800::/40
2a04:1d44:d100::/40
2a04:1d44:e700::/40
2a04:1d45:8800::/40
2a04:1d45:d100::/40
2a04:1d45:e700::/40
2a04:1d46:8800::/40
2a04:1d46:d100::/40
2a04:1d46:e700::/40
2a04:1d47:8800::/40
2a04:1d47:d100::/40
2a04:1d47:e700::/40
2a04:4e41:13::/64
2a04:4e41:13:1000::/56
2a04:4e41:21:1::/64
2a04:4e41:21:1100::/56
2a04:4e41:50:1::/64
2a04:4e41:50:1100::/56
2a04:4e41:5d::/64
2a04:4e41:5d:1000::/56
2a04:4e41:163::/48
2a04:4e41:802::/48
2a04:4e41:2a10::/48
2a04:4e41:4010:8000::/52
2a04:4e41:4015:9000::/52
2a04:4e41:401d:7000::/52
2a04:4e41:4020:8000::/52
2a04:4e41:4025:9000::/52
2a04:4e41:402d:7000::/52
2a04:4e41:4030:8000::/52
2a04:4e41:4035:9000::/52
2a04:4e41:403d:7000::/52
2a04:4e41:4040:8000::/52
2a04:4e41:4045:9000::/52
2a04:4e41:404d:7000::/52
2a04:4e41:4050:8000::/52
2a04:4e41:4055:9000::/52
2a04:4e41:405d:7000::/52
2a04:4e41:4060:8000::/52
2a04:4e41:4065:9000::/52
2a04:4e41:406d:7000::/52
2a04:4e41:4070:8000::/52
2a04:4e41:4075:9000::/52
2a04:4e41:407d:7000::/52
2a04:4e41:4080:8000::/52
2a04:4e41:4085:9000::/52
2a04:4e41:408d:7000::/52
2a04:4e41:4802::/48
2a04:ff00:102::/48
2a05:4140:63:4000::/50
2a05:4140:63:8000::/49
2a05:dfc1:620::/43
2a05:dfc1:8c02:1::/64
2a05:dfc1:8c02:2::/63
2a05:dfc1:8c02:4::/62
2a05:dfc1:8c02:8::/61
2a05:dfc1:8c02:10::/60
2a05:dfc1:8c02:20::/59
2a05:dfc1:8c02:40::/58
2a05:dfc1:8c02:80::/57
2a05:dfc1:8c02:100::/56
2a05:dfc1:8c02:200::/55
2a05:dfc1:8c02:400::/54
2a05:dfc1:8c02:800::/53
2a05:dfc1:8c02:1000::/52
2a05:dfc1:8c02:2000::/51
2a05:dfc1:8c02:4000::/50
2a05:dfc1:8c02:8000::/49
2a05:dfc1:8c11::/48
2a05:dfc1:8c35::/48
2a06:1e86:5555::/48
2a06:9f81:3610:100::/56
2a06:9f81:3610:200::/55
2a06:9f81:3610:400::/54
2a06:9f81:3610:800::/53
2a06:9f81:3610:1000::/52
2a06:9f81:3610:2000::/51
2a06:9f81:3610:4000::/50
2a06:9f81:3610:8000::/49
2a06:9f81:3909::/48
2a06:9f81:3958::/48
2a06:9f81:39d6::/48
2a06:9f81:43bf:16e5::/64
2a06:9f81:43bf:16e7::/64
2a06:9f81:43bf:16e8::/61
2a06:9f81:43bf:16f0::/60
2a06:9f81:43bf:1700::/63
2a06:9f81:43bf:1870::/61
2a06:9f81:43ef:800::/56
2a06:9f81:43ef:5b00::/56
2a06:9f81:43ef:d900::/56
2a06:9f81:5609::/48
2a06:9f81:5658::/48
2a06:9f81:56d6::/48
2a06:a005:486::/48
2a06:a005:5a7::/48
2a06:a005:1863::/48
2a06:a005:26c0::/48
2a06:a005:2720::/44
2a06:a005:2980::/44
2a06:a005:2c60::/44
2a06:a005:2d10:1::/64
2a06:a005:2d10:2::/63
2a06:a005:2d10:4::/62
2a06:a005:2d10:8::/61
2a06:a005:2d10:10::/60
2a06:a005:2d10:20::/59
2a06:a005:2d10:40::/58
2a06:a005:2d10:80::/57
2a06:a005:2d10:100::/56
2a06:a005:2d10:200::/55
2a06:a005:2d10:400::/54
2a06:a005:2d10:800::/53
2a06:a005:2d10:1000::/52
2a06:a005:2d10:2000::/51
2a06:a005:2d10:4000::/50
2a06:a005:2d10:8000::/49
2a06:a005:2d11::/48
2a06:a005:2d12::/47
2a06:a005:2d14::/46
2a06:a005:2d18::/45
2a07:54c1:41ee::/48
2a07:54c2:b00b::/48
2a07:d887:800::/40
2a07:d887:5900::/40
2a07:d887:d600::/40
2a09:4c0:0:9::/64
2a09:4c0:0:5b::/64
2a09:4c0:0:d9::/64
2a09:54c7:2e0c::/48
2a09:54c7:2ec3::/48
2a09:bac1:600::/64
2a09:bac1:620::/64
2a09:bac1:640::/64
2a09:bac1:660::/64
2a09:bac2:68::/45
2a09:bac3:68::/45
2a09:bac4:40::/45
2a09:bac4:2c8::/45
2a09:bac4:6b0::/45
2a09:bac4:1040::/45
2a09:bac4:12c8::/45
2a09:bac4:16b0::/45
2a09:bac5:68::/45
2a09:bac6:68::/45
2a0a:280:27ff::/48
2a0a:2845:d00::/43
2a0a:2845:d24::/46
2a0a:2845:d28::/45
2a0a:2845:d30::/44
2a0a:2845:d40::/42
2a0a:2845:d80::/41
2a0a:6040:ff0::/48
2a0a:6040:7dff::/48
2a0a:6040:7e00::/44
2a0a:6040:7e50::/44
2a0a:6040:7e60::/43
2a0a:6040:a900::/48
2a0a:6040:a903::/48
2a0a:6040:a904::/46
2a0a:6040:a908::/45
2a0a:6040:a910::/44
2a0a:6040:a920::/43
2a0a:6040:a940::/42
2a0a:6040:a980::/41
2a0a:6044:68ff:1::/64
2a0a:6044:68ff:2::/63
2a0a:6044:68ff:4::/62
2a0a:6044:68ff:8::/61
2a0a:6044:68ff:10::/60
2a0a:6044:68ff:20::/59
2a0a:6044:68ff:40::/58
2a0a:6044:68ff:80::/57
2a0a:6044:68ff:100::/56
2a0a:6044:68ff:200::/55
2a0a:6044:68ff:400::/54
2a0a:6044:68ff:800::/53
2a0a:6044:68ff:1000::/52
2a0a:6044:68ff:2000::/51
2a0a:6044:68ff:4000::/50
2a0a:6044:68ff:8000::/49
2a0a:6044:7709::/48
2a0a:6044:775a::/48
2a0a:6044:77d8::/48
2a0a:6044:aca6::/48
2a0a:6044:aca7::/48
2a0a:6044:aca8::/46
2a0a:6044:acad::/48
2a0a:6044:acae::/48
2a0a:6044:acaf::/48
2a0a:6044:b0be::/48
2a0a:79c7:f54f::/48
2a0a:79c7:f5cf::/48
2a0b:4e07:a9::/48
2a0b:4e07:af::/48
2a0c:9a40:95a1::/48
2a0c:9a40:95a2::/48
2a0c:9a40:95b0:8000::/52
2a0c:9a40:95b4:e000::/52
2a0c:9a40:95bc:d000::/52
2a0c:9a40:95d0::/44
2a0c:9a40:95f6::/48
2a0c:9a46:309::/48
2a0c:9a46:35a::/48
2a0c:9a46:3d8::/48
2a0d:6c2:c00::/40
2a0d:6c2:1300::/40
2a0d:1a45::/64
2a0d:1a45:128:4::/62
2a0d:1a45:128:8::/61
2a0d:1a45:128:10::/60
2a0d:1a45:128:20::/59
2a0d:1a45:128:40::/58
2a0d:1a45:128:80::/57
2a0d:1a45:128:100::/56
2a0d:1a45:128:200::/55
2a0d:1a45:128:400::/54
2a0d:1a45:128:800::/53
2a0d:1a45:128:1000::/52
2a0d:1a45:128:2000::/51
2a0d:1a45:128:4000::/50
2a0d:1a45:128:8000::/49
2a0d:1a45:3213::/48
2a0d:1a45:abc2:1004::/64
2a0d:1a45:abc3::/48
2a0d:2587:350a::/48
2a0d:2587:88b2::/48
2a0d:2587:8900::/40
2a0d:9440:1800::/37
2a0d:9444:8800::/37
2a0d:9445:c800::/37
2a0d:bbc7:0:4000::/50
2a0d:bbc7:0:8000::/49
2a0e:46c6:1::/48
2a0e:46c6:3::/48
2a0e:46c6:4::/46
2a0e:46c6:8::/45
2a0e:46c6:10::/44
2a0e:46c6:20::/43
2a0e:46c6:40::/42
2a0e:46c6:80::/41
2a0e:97c0:88a:1::/64
2a0e:97c0:88a:2::/63
2a0e:97c0:88a:4::/62
2a0e:97c0:88a:8::/61
2a0e:97c0:88a:10::/60
2a0e:97c0:88a:20::/59
2a0e:97c0:88a:40::/58
2a0e:97c0:88a:80::/57
2a0e:97c0:88a:100::/56
2a0e:97c0:88a:200::/55
2a0e:97c0:88a:400::/54
2a0e:97c0:88a:800::/53
2a0e:97c0:88a:1000::/52
2a0e:97c0:88a:2000::/51
2a0e:97c0:88a:4000::/50
2a0e:97c0:88a:8000::/49
2a0e:aa07:e046::/48
2a0e:aa07:e050::/48
2a0e:aa07:e05a::/47
2a0e:aa07:e05c::/46
2a0e:aa07:e151:2::/63
2a0e:aa07:e151:4::/62
2a0e:aa07:e151:8::/61
2a0e:aa07:e151:10::/60
2a0e:aa07:e151:20::/59
2a0e:aa07:e151:40::/58
2a0e:aa07:e151:80::/57
2a0e:aa07:e151:100::/56
2a0e:aa07:e151:200::/55
2a0e:aa07:e151:400::/54
2a0e:aa07:e151:800::/53
2a0e:aa07:e151:1000::/52
2a0e:aa07:e151:2000::/51
2a0e:aa07:e151:4000::/50
2a0e:aa07:e151:8000::/49
2a0e:aa07:e15e::/64
2a0e:aa07:e190::/48
2a0e:aa07:e194::/48
2a0e:aa07:e221::/48
2a0e:b107:baf::/48
2a0e:b107:d10::/44
2a0e:b107:17fe::/47
2a0e:b107:2190::/44
2a0e:b107:2520::/43
2a0e:b107:2540::/43
2a0e:b107:2560::/44
2a0f:1cc5:660::/44
2a0f:7800:ff50::/44
2a0f:7803:fac0::/48
2a0f:7803:fe4f::/48
2a0f:7803:fec4::/48
2a0f:7803:feec::/48
2a0f:7803:ff10::/51
2a0f:7803:ff10:2000::/52
2a0f:7803:ff10:3000::/53
2a0f:7803:ff10:3800::/54
2a0f:7803:ff10:4000::/52
2a0f:7803:ff10:5000::/53
2a0f:7803:ff10:5800::/54
2a0f:7803:ff10:6000::/52
2a0f:7803:ff10:7000::/53
2a0f:7803:ff10:7800::/54
2a0f:7803:ff10:8000::/52
2a0f:7803:ff10:9000::/53
2a0f:7803:ff10:9800::/54
2a0f:7803:ff10:a000::/52
2a0f:7803:ff10:b000::/53
2a0f:7803:ff10:b800::/54
2a0f:7803:ff10:c000::/52
2a0f:7803:ff10:d000::/53
2a0f:7803:ff10:d800::/54
2a0f:7803:ff10:e000::/52
2a0f:7803:ff10:f000::/53
2a0f:7803:ff10:f800::/54
2a0f:7803:ff50::/44
2a0f:85c1:81b:f070::/60
2a0f:9400:610e::/48
2a0f:9400:6143::/48
2a11:3a83:4000::/35
2a11:a680:6000::/36
2a11:a683:e000::/36
2a12:bec0:39a::/48
2a12:bec0:680::/47
2a12:bec4:12a4:a5d4::/62
2a12:bec4:12a4:a5d8::/61
2a12:bec4:12a4:a5e0::/60
2a12:bec4:12a4:a5f0::/61
2a12:bec4:12a4:a5f8::/62
2a12:bec4:12a5:9244::/62
2a12:bec4:12a5:9248::/61
2a12:bec4:12a5:9250::/60
2a12:bec4:12a5:9260::/62
2a12:bec4:12a5:9264::/63
2a12:bec4:12a7::/61
2a12:bec4:12a7:8::/63
2a12:bec4:12a7:14::/62
2a12:bec4:12a7:18::/61
2a12:bec4:12a7:20::/59
2a12:bec4:12a7:40::/58
2a12:bec4:12a7:80::/57
2a12:bec4:12a7:100::/56
2a12:bec4:12a7:200::/55
2a12:bec4:12a7:400::/55
2a12:bec4:12a7:600::/60
2a12:bec4:12a7:610::/62
2a12:bec4:12a7:614::/63
2a12:bec4:12a7:616::/64
2a12:bec4:12a8:f00::/56
2a12:bec4:12a8:5f00::/56
2a12:bec4:12a8:dd00::/56
2a12:bec4:12aa::/48
2a12:bec4:1db0:1::/64
2a12:bec4:1db0:2::/63
2a12:bec4:1db0:4::/62
2a12:bec4:1db0:8::/61
2a12:bec4:1db0:10::/60
2a12:bec4:1db0:20::/59
2a12:bec4:1db0:40::/58
2a12:bec4:1db0:80::/57
2a12:bec4:1db0:100::/56
2a12:bec4:1db0:200::/55
2a12:bec4:1db0:400::/54
2a12:bec4:1db0:800::/53
2a12:bec4:1db0:1000::/52
2a12:bec4:1db0:2000::/51
2a12:bec4:1db0:4000::/50
2a12:bec4:1db0:8000::/49
2a12:bec4:1db1:1::/64
2a12:bec4:1db1:2::/63
2a12:bec4:1db1:4::/62
2a12:bec4:1db1:8::/61
2a12:bec4:1db1:10::/60
2a12:bec4:1db1:20::/59
2a12:bec4:1db1:40::/58
2a12:bec4:1db1:80::/57
2a12:bec4:1db1:100::/56
2a12:bec4:1db1:200::/55
2a12:bec4:1db1:400::/54
2a12:bec4:1db1:800::/53
2a12:bec4:1db1:1000::/52
2a12:bec4:1db1:2000::/51
2a12:bec4:1db1:4000::/50
2a12:bec4:1db1:8000::/49
2a12:bec4:1db2::/47
2a12:bec4:1db4::/46
2a12:bec4:1db8::/45
2a12:dd47:2a0:ae86::/64
2a12:f381:e700::/40
2a12:f382:e700::/40
2a13:82c4:ff30::/48
2a13:a5c3:d664::/46
2a13:a5c3:f300::/47
2a13:a5c5:0:1::/64
2a13:a5c5:0:2::/63
2a13:a5c5:0:4::/62
2a13:a5c5:0:8::/61
2a13:a5c5:0:10::/60
2a13:a5c5:0:20::/59
2a13:a5c5:0:40::/58
2a13:a5c5:0:80::/57
2a13:a5c5:0:100::/56
2a13:a5c5:0:200::/55
2a13:a5c5:0:400::/54
2a13:a5c5:0:800::/53
2a13:a5c5:0:1000::/52
2a13:a5c5:0:2000::/51
2a13:a5c5:0:4000::/50
2a13:a5c5:0:8000::/49
2a13:a5c5:f000::/48
2a13:a5c6:6900::/40
2a13:a5c7:1606::/48
2a13:a5c7:2509::/48
2a13:a5c7:255a::/48
2a13:a5c7:25d7::/48
2a13:a5c7:25ff:800::/56
2a13:a5c7:25ff:5900::/56
2a13:a5c7:25ff:d700::/56
2a13:a5c7:31b8::/48
2a13:b487:1803::/48
2a13:b487:5008::/48
2a13:b487:5034::/48
2a13:b487:503a::/48
2a13:df80:46f1::/48
2a13:df85:beaa::/48
2a13:ef41:1414::/48
2a13:ef41:a414::/48
2a13:ef41:e5f8::/48
2a13:ef45:3bb0::/45
2a13:ef45:3bb8::/47
2a14:1c0:1000::/37
2a14:1c4:8000::/37
2a14:1c5:c000::/37
2a14:7c0:5200:1::/64
2a14:7c0:5200:2::/63
2a14:7c0:5200:4::/62
2a14:7c0:5200:8::/61
2a14:7c0:5200:10::/60
2a14:7c0:5200:20::/59
2a14:7c0:5200:40::/58
2a14:7c0:5200:80::/57
2a14:7c0:5200:100::/56
2a14:7c0:5200:200::/55
2a14:7c0:5200:400::/54
2a14:7c0:5200:800::/53
2a14:7c0:5200:1000::/52
2a14:7c0:5200:2000::/51
2a14:7c0:5200:4000::/50
2a14:7c0:5200:8000::/49
2a14:67c1:91::/48
2a14:67c1:a024::/48
2a14:67c1:a060::/47
2a14:67c1:b066:2222::/64
2a14:67c1:b066:3333::/64
2a14:67c1:b566:4000::/50
2a14:67c1:b566:8000::/49
2a14:67c1:b609::/48
2a14:67c1:b658::/48
2a14:67c1:b6d6::/48
2a14:6f45:b00b::/48
2a14:7580:9604::/46
2a14:7580:f600::/40
2a14:7581:b10:300::/56
2a14:7581:b10:4700::/56
2a14:7581:b10:4e00::/56
2a14:7581:b11:300::/56
2a14:7581:b11:4700::/56
2a14:7581:b11:4e00::/56
2a14:7581:b13:300::/56
2a14:7581:b13:4700::/56
2a14:7581:b13:4e00::/56
2a14:7581:b16:300::/56
2a14:7581:b16:4700::/56
2a14:7581:b16:4e00::/56
2a14:7581:b17:300::/56
2a14:7581:b17:4700::/56
2a14:7581:b17:4e00::/56
2a14:7581:b6c::/48
2a14:7581:3066::/48
2a14:7581:3b0f::/48
2a14:7581:3b56::/48
2a14:7581:3bd6::/48
2a14:7584:eff2::/48
2a14:7584:eff4::/48
2a14:7584:eff7::/48